2015-03-25-00:00:29.354 [main] DEBUG FileUtils - Log file initialized.
2015-03-25-00:00:29.357 [main] INFO  Main - Main launched.
2015-03-25-00:00:29.358 [main] DEBUG Simulation - Creation of the Simulation...
2015-03-25-00:00:29.359 [main] DEBUG Environment - Creation of the environment...
2015-03-25-00:00:29.359 [main] DEBUG Grid - Creation of the Grid with '0' rows and '0' columns...
2015-03-25-00:00:29.360 [main] DEBUG Grid - Grid created.
2015-03-25-00:00:29.360 [main] DEBUG PhysicsEngine - Creation of the PhysicsEngine...
2015-03-25-00:00:29.360 [main] DEBUG PhysicsEngine - PhysicsEnngine created.
2015-03-25-00:00:29.360 [main] DEBUG Environment - Environment created.
2015-03-25-00:00:29.361 [main] DEBUG EntityFactory - Creating WorldEntity : 'LemmingBody'.
2015-03-25-00:00:29.362 [main] DEBUG LemmingAgent - Creation of the Lemming Agent...
2015-03-25-00:00:29.362 [main] DEBUG LemmingAgent - Lemming Agent created.
2015-03-25-00:00:29.362 [main] DEBUG EntityFactory - Creating WorldEntity : 'LemmingBody'.
2015-03-25-00:00:29.362 [main] DEBUG LemmingAgent - Creation of the Lemming Agent...
2015-03-25-00:00:29.363 [main] DEBUG LemmingAgent - Lemming Agent created.
2015-03-25-00:00:29.363 [main] DEBUG EntityFactory - Creating WorldEntity : 'LemmingBody'.
2015-03-25-00:00:29.363 [main] DEBUG LemmingAgent - Creation of the Lemming Agent...
2015-03-25-00:00:29.363 [main] DEBUG LemmingAgent - Lemming Agent created.
2015-03-25-00:00:29.363 [main] DEBUG EntityFactory - Creating WorldEntity : 'LemmingBody'.
2015-03-25-00:00:29.363 [main] DEBUG LemmingAgent - Creation of the Lemming Agent...
2015-03-25-00:00:29.363 [main] DEBUG LemmingAgent - Lemming Agent created.
2015-03-25-00:00:29.363 [main] DEBUG EntityFactory - Creating WorldEntity : 'LemmingBody'.
2015-03-25-00:00:29.363 [main] DEBUG LemmingAgent - Creation of the Lemming Agent...
2015-03-25-00:00:29.363 [main] DEBUG LemmingAgent - Lemming Agent created.
2015-03-25-00:00:29.363 [main] DEBUG EntityFactory - Creating WorldEntity : 'LemmingBody'.
2015-03-25-00:00:29.363 [main] DEBUG LemmingAgent - Creation of the Lemming Agent...
2015-03-25-00:00:29.364 [main] DEBUG LemmingAgent - Lemming Agent created.
2015-03-25-00:00:29.364 [main] DEBUG Simulation - Simulation instantiated.
2015-03-25-00:00:30.753 [AWT-EventQueue-0] DEBUG MouseController - Mouse entered in window.
2015-03-25-00:00:30.911 [AWT-EventQueue-0] DEBUG MouseController - Mouse button '1' pressed.
2015-03-25-00:00:30.927 [AWT-EventQueue-0] DEBUG MouseController - Mouse button '1' released.
2015-03-25-00:00:30.927 [AWT-EventQueue-0] DEBUG MouseController - Mouse clicked with '1'
2015-03-25-00:00:32.871 [AWT-EventQueue-0] DEBUG MouseController - Mouse exited window.
2015-03-25-00:00:50.992 [main] DEBUG FileUtils - Log file initialized.
2015-03-25-00:00:50.995 [main] INFO  Main - Main launched.
2015-03-25-00:00:50.996 [main] DEBUG Simulation - Creation of the Simulation...
2015-03-25-00:00:50.996 [main] DEBUG Environment - Creation of the environment...
2015-03-25-00:00:50.997 [main] DEBUG Grid - Creation of the Grid with '0' rows and '0' columns...
2015-03-25-00:00:50.997 [main] DEBUG Grid - Grid created.
2015-03-25-00:00:50.998 [main] DEBUG PhysicsEngine - Creation of the PhysicsEngine...
2015-03-25-00:00:50.998 [main] DEBUG PhysicsEngine - PhysicsEnngine created.
2015-03-25-00:00:50.998 [main] DEBUG Environment - Environment created.
2015-03-25-00:00:50.998 [main] DEBUG EntityFactory - Creating WorldEntity : 'LemmingBody'.
2015-03-25-00:00:50.999 [main] DEBUG LemmingAgent - Creation of the Lemming Agent...
2015-03-25-00:00:51.000 [main] DEBUG LemmingAgent - Lemming Agent created.
2015-03-25-00:00:51.000 [main] DEBUG EntityFactory - Creating WorldEntity : 'LemmingBody'.
2015-03-25-00:00:51.000 [main] DEBUG LemmingAgent - Creation of the Lemming Agent...
2015-03-25-00:00:51.000 [main] DEBUG LemmingAgent - Lemming Agent created.
2015-03-25-00:00:51.000 [main] DEBUG EntityFactory - Creating WorldEntity : 'LemmingBody'.
2015-03-25-00:00:51.000 [main] DEBUG LemmingAgent - Creation of the Lemming Agent...
2015-03-25-00:00:51.000 [main] DEBUG LemmingAgent - Lemming Agent created.
2015-03-25-00:00:51.000 [main] DEBUG EntityFactory - Creating WorldEntity : 'LemmingBody'.
2015-03-25-00:00:51.000 [main] DEBUG LemmingAgent - Creation of the Lemming Agent...
2015-03-25-00:00:51.001 [main] DEBUG LemmingAgent - Lemming Agent created.
2015-03-25-00:00:51.001 [main] DEBUG EntityFactory - Creating WorldEntity : 'LemmingBody'.
2015-03-25-00:00:51.001 [main] DEBUG LemmingAgent - Creation of the Lemming Agent...
2015-03-25-00:00:51.001 [main] DEBUG LemmingAgent - Lemming Agent created.
2015-03-25-00:00:51.001 [main] DEBUG EntityFactory - Creating WorldEntity : 'LemmingBody'.
2015-03-25-00:00:51.001 [main] DEBUG LemmingAgent - Creation of the Lemming Agent...
2015-03-25-00:00:51.001 [main] DEBUG LemmingAgent - Lemming Agent created.
2015-03-25-00:00:51.001 [main] DEBUG Simulation - Simulation instantiated.
2015-03-25-00:00:51.866 [AWT-EventQueue-0] DEBUG MouseController - Mouse entered in window.
2015-03-25-00:00:52.190 [AWT-EventQueue-0] DEBUG MouseController - Mouse button '1' pressed.
2015-03-25-00:00:52.240 [AWT-EventQueue-0] DEBUG MouseController - Mouse button '1' released.
2015-03-25-00:00:52.240 [AWT-EventQueue-0] DEBUG MouseController - Mouse clicked with '1'
2015-03-25-00:00:54.360 [AWT-EventQueue-0] DEBUG MouseController - Mouse exited window.
2015-03-25-00:01:02.299 [main] DEBUG FileUtils - Log file initialized.
2015-03-25-00:01:02.301 [main] INFO  Main - Main launched.
2015-03-25-00:01:02.303 [main] DEBUG Simulation - Creation of the Simulation...
2015-03-25-00:01:02.304 [main] DEBUG Environment - Creation of the environment...
2015-03-25-00:01:02.304 [main] DEBUG Grid - Creation of the Grid with '0' rows and '0' columns...
2015-03-25-00:01:02.305 [main] DEBUG Grid - Grid created.
2015-03-25-00:01:02.305 [main] DEBUG PhysicsEngine - Creation of the PhysicsEngine...
2015-03-25-00:01:02.305 [main] DEBUG PhysicsEngine - PhysicsEnngine created.
2015-03-25-00:01:02.305 [main] DEBUG Environment - Environment created.
2015-03-25-00:01:02.306 [main] DEBUG EntityFactory - Creating WorldEntity : 'LemmingBody'.
2015-03-25-00:01:02.307 [main] DEBUG LemmingAgent - Creation of the Lemming Agent...
2015-03-25-00:01:02.307 [main] DEBUG LemmingAgent - Lemming Agent created.
2015-03-25-00:01:02.307 [main] DEBUG EntityFactory - Creating WorldEntity : 'LemmingBody'.
2015-03-25-00:01:02.307 [main] DEBUG LemmingAgent - Creation of the Lemming Agent...
2015-03-25-00:01:02.307 [main] DEBUG LemmingAgent - Lemming Agent created.
2015-03-25-00:01:02.307 [main] DEBUG EntityFactory - Creating WorldEntity : 'LemmingBody'.
2015-03-25-00:01:02.307 [main] DEBUG LemmingAgent - Creation of the Lemming Agent...
2015-03-25-00:01:02.307 [main] DEBUG LemmingAgent - Lemming Agent created.
2015-03-25-00:01:02.307 [main] DEBUG EntityFactory - Creating WorldEntity : 'LemmingBody'.
2015-03-25-00:01:02.308 [main] DEBUG LemmingAgent - Creation of the Lemming Agent...
2015-03-25-00:01:02.308 [main] DEBUG LemmingAgent - Lemming Agent created.
2015-03-25-00:01:02.308 [main] DEBUG EntityFactory - Creating WorldEntity : 'LemmingBody'.
2015-03-25-00:01:02.308 [main] DEBUG LemmingAgent - Creation of the Lemming Agent...
2015-03-25-00:01:02.308 [main] DEBUG LemmingAgent - Lemming Agent created.
2015-03-25-00:01:02.308 [main] DEBUG EntityFactory - Creating WorldEntity : 'LemmingBody'.
2015-03-25-00:01:02.308 [main] DEBUG LemmingAgent - Creation of the Lemming Agent...
2015-03-25-00:01:02.308 [main] DEBUG LemmingAgent - Lemming Agent created.
2015-03-25-00:01:02.308 [main] DEBUG Simulation - Simulation instantiated.
2015-03-25-00:01:03.082 [AWT-EventQueue-0] DEBUG MouseController - Mouse entered in window.
2015-03-25-00:01:03.350 [AWT-EventQueue-0] DEBUG MouseController - Mouse button '1' pressed.
2015-03-25-00:01:03.406 [AWT-EventQueue-0] DEBUG MouseController - Mouse button '1' released.
2015-03-25-00:01:03.406 [AWT-EventQueue-0] DEBUG MouseController - Mouse clicked with '1'
2015-03-25-00:01:05.147 [AWT-EventQueue-0] DEBUG MouseController - Mouse exited window.
2015-03-25-00:02:09.953 [main] DEBUG FileUtils - Log file initialized.
2015-03-25-00:02:09.955 [main] INFO  Main - Main launched.
2015-03-25-00:02:09.956 [main] DEBUG Simulation - Creation of the Simulation...
2015-03-25-00:02:09.957 [main] DEBUG Environment - Creation of the environment...
2015-03-25-00:02:09.957 [main] DEBUG Grid - Creation of the Grid with '0' rows and '0' columns...
2015-03-25-00:02:09.958 [main] DEBUG Grid - Grid created.
2015-03-25-00:02:09.958 [main] DEBUG PhysicsEngine - Creation of the PhysicsEngine...
2015-03-25-00:02:09.958 [main] DEBUG PhysicsEngine - PhysicsEnngine created.
2015-03-25-00:02:09.958 [main] DEBUG Environment - Environment created.
2015-03-25-00:02:09.959 [main] DEBUG EntityFactory - Creating WorldEntity : 'LemmingBody'.
2015-03-25-00:02:09.960 [main] DEBUG LemmingAgent - Creation of the Lemming Agent...
2015-03-25-00:02:09.960 [main] DEBUG LemmingAgent - Lemming Agent created.
2015-03-25-00:02:09.960 [main] DEBUG EntityFactory - Creating WorldEntity : 'LemmingBody'.
2015-03-25-00:02:09.960 [main] DEBUG LemmingAgent - Creation of the Lemming Agent...
2015-03-25-00:02:09.960 [main] DEBUG LemmingAgent - Lemming Agent created.
2015-03-25-00:02:09.960 [main] DEBUG EntityFactory - Creating WorldEntity : 'LemmingBody'.
2015-03-25-00:02:09.960 [main] DEBUG LemmingAgent - Creation of the Lemming Agent...
2015-03-25-00:02:09.961 [main] DEBUG LemmingAgent - Lemming Agent created.
2015-03-25-00:02:09.961 [main] DEBUG EntityFactory - Creating WorldEntity : 'LemmingBody'.
2015-03-25-00:02:09.961 [main] DEBUG LemmingAgent - Creation of the Lemming Agent...
2015-03-25-00:02:09.961 [main] DEBUG LemmingAgent - Lemming Agent created.
2015-03-25-00:02:09.961 [main] DEBUG EntityFactory - Creating WorldEntity : 'LemmingBody'.
2015-03-25-00:02:09.961 [main] DEBUG LemmingAgent - Creation of the Lemming Agent...
2015-03-25-00:02:09.961 [main] DEBUG LemmingAgent - Lemming Agent created.
2015-03-25-00:02:09.961 [main] DEBUG EntityFactory - Creating WorldEntity : 'LemmingBody'.
2015-03-25-00:02:09.961 [main] DEBUG LemmingAgent - Creation of the Lemming Agent...
2015-03-25-00:02:09.961 [main] DEBUG LemmingAgent - Lemming Agent created.
2015-03-25-00:02:09.961 [main] DEBUG Simulation - Simulation instantiated.
2015-03-25-00:02:10.746 [AWT-EventQueue-0] DEBUG MouseController - Mouse entered in window.
2015-03-25-00:02:11.115 [AWT-EventQueue-0] DEBUG MouseController - Mouse button '1' pressed.
2015-03-25-00:02:11.150 [AWT-EventQueue-0] DEBUG MouseController - Mouse button '1' released.
2015-03-25-00:02:11.150 [AWT-EventQueue-0] DEBUG MouseController - Mouse clicked with '1'
2015-03-25-00:02:12.789 [AWT-EventQueue-0] DEBUG MouseController - Mouse exited window.
2015-03-25-00:02:20.632 [main] DEBUG FileUtils - Log file initialized.
2015-03-25-00:02:20.635 [main] INFO  Main - Main launched.
2015-03-25-00:02:20.636 [main] DEBUG Simulation - Creation of the Simulation...
2015-03-25-00:02:20.636 [main] DEBUG Environment - Creation of the environment...
2015-03-25-00:02:20.637 [main] DEBUG Grid - Creation of the Grid with '0' rows and '0' columns...
2015-03-25-00:02:20.637 [main] DEBUG Grid - Grid created.
2015-03-25-00:02:20.638 [main] DEBUG PhysicsEngine - Creation of the PhysicsEngine...
2015-03-25-00:02:20.638 [main] DEBUG PhysicsEngine - PhysicsEnngine created.
2015-03-25-00:02:20.638 [main] DEBUG Environment - Environment created.
2015-03-25-00:02:20.638 [main] DEBUG EntityFactory - Creating WorldEntity : 'LemmingBody'.
2015-03-25-00:02:20.639 [main] DEBUG LemmingAgent - Creation of the Lemming Agent...
2015-03-25-00:02:20.640 [main] DEBUG LemmingAgent - Lemming Agent created.
2015-03-25-00:02:20.640 [main] DEBUG EntityFactory - Creating WorldEntity : 'LemmingBody'.
2015-03-25-00:02:20.640 [main] DEBUG LemmingAgent - Creation of the Lemming Agent...
2015-03-25-00:02:20.640 [main] DEBUG LemmingAgent - Lemming Agent created.
2015-03-25-00:02:20.640 [main] DEBUG EntityFactory - Creating WorldEntity : 'LemmingBody'.
2015-03-25-00:02:20.640 [main] DEBUG LemmingAgent - Creation of the Lemming Agent...
2015-03-25-00:02:20.640 [main] DEBUG LemmingAgent - Lemming Agent created.
2015-03-25-00:02:20.640 [main] DEBUG EntityFactory - Creating WorldEntity : 'LemmingBody'.
2015-03-25-00:02:20.641 [main] DEBUG LemmingAgent - Creation of the Lemming Agent...
2015-03-25-00:02:20.641 [main] DEBUG LemmingAgent - Lemming Agent created.
2015-03-25-00:02:20.641 [main] DEBUG EntityFactory - Creating WorldEntity : 'LemmingBody'.
2015-03-25-00:02:20.641 [main] DEBUG LemmingAgent - Creation of the Lemming Agent...
2015-03-25-00:02:20.641 [main] DEBUG LemmingAgent - Lemming Agent created.
2015-03-25-00:02:20.641 [main] DEBUG EntityFactory - Creating WorldEntity : 'LemmingBody'.
2015-03-25-00:02:20.641 [main] DEBUG LemmingAgent - Creation of the Lemming Agent...
2015-03-25-00:02:20.641 [main] DEBUG LemmingAgent - Lemming Agent created.
2015-03-25-00:02:20.641 [main] DEBUG Simulation - Simulation instantiated.
2015-03-25-00:02:20.866 [AWT-EventQueue-0] DEBUG MouseController - Mouse entered in window.
2015-03-25-00:02:22.161 [AWT-EventQueue-0] DEBUG MouseController - Mouse button '1' pressed.
2015-03-25-00:02:22.235 [AWT-EventQueue-0] DEBUG MouseController - Mouse button '1' released.
2015-03-25-00:02:22.235 [AWT-EventQueue-0] DEBUG MouseController - Mouse clicked with '1'
2015-03-25-00:03:07.857 [main] DEBUG FileUtils - Log file initialized.
2015-03-25-00:03:07.861 [main] INFO  Main - Main launched.
2015-03-25-00:03:07.862 [main] DEBUG Simulation - Creation of the Simulation...
2015-03-25-00:03:07.862 [main] DEBUG Environment - Creation of the environment...
2015-03-25-00:03:07.863 [main] DEBUG Grid - Creation of the Grid with '0' rows and '0' columns...
2015-03-25-00:03:07.863 [main] DEBUG Grid - Grid created.
2015-03-25-00:03:07.864 [main] DEBUG PhysicsEngine - Creation of the PhysicsEngine...
2015-03-25-00:03:07.864 [main] DEBUG PhysicsEngine - PhysicsEnngine created.
2015-03-25-00:03:07.864 [main] DEBUG Environment - Environment created.
2015-03-25-00:03:07.864 [main] DEBUG EntityFactory - Creating WorldEntity : 'LemmingBody'.
2015-03-25-00:03:07.866 [main] DEBUG LemmingAgent - Creation of the Lemming Agent...
2015-03-25-00:03:07.866 [main] DEBUG LemmingAgent - Lemming Agent created.
2015-03-25-00:03:07.866 [main] DEBUG EntityFactory - Creating WorldEntity : 'LemmingBody'.
2015-03-25-00:03:07.866 [main] DEBUG LemmingAgent - Creation of the Lemming Agent...
2015-03-25-00:03:07.866 [main] DEBUG LemmingAgent - Lemming Agent created.
2015-03-25-00:03:07.866 [main] DEBUG EntityFactory - Creating WorldEntity : 'LemmingBody'.
2015-03-25-00:03:07.866 [main] DEBUG LemmingAgent - Creation of the Lemming Agent...
2015-03-25-00:03:07.866 [main] DEBUG LemmingAgent - Lemming Agent created.
2015-03-25-00:03:07.866 [main] DEBUG EntityFactory - Creating WorldEntity : 'LemmingBody'.
2015-03-25-00:03:07.867 [main] DEBUG LemmingAgent - Creation of the Lemming Agent...
2015-03-25-00:03:07.867 [main] DEBUG LemmingAgent - Lemming Agent created.
2015-03-25-00:03:07.867 [main] DEBUG EntityFactory - Creating WorldEntity : 'LemmingBody'.
2015-03-25-00:03:07.867 [main] DEBUG LemmingAgent - Creation of the Lemming Agent...
2015-03-25-00:03:07.867 [main] DEBUG LemmingAgent - Lemming Agent created.
2015-03-25-00:03:07.867 [main] DEBUG EntityFactory - Creating WorldEntity : 'LemmingBody'.
2015-03-25-00:03:07.867 [main] DEBUG LemmingAgent - Creation of the Lemming Agent...
2015-03-25-00:03:07.867 [main] DEBUG LemmingAgent - Lemming Agent created.
2015-03-25-00:03:07.867 [main] DEBUG Simulation - Simulation instantiated.
2015-03-25-00:03:08.188 [AWT-EventQueue-0] DEBUG MouseController - Mouse entered in window.
2015-03-25-00:03:08.906 [AWT-EventQueue-0] DEBUG MouseController - Mouse button '1' pressed.
2015-03-25-00:03:08.995 [AWT-EventQueue-0] DEBUG MouseController - Mouse button '1' released.
2015-03-25-00:03:08.995 [AWT-EventQueue-0] DEBUG MouseController - Mouse clicked with '1'
2015-03-25-00:07:31.349 [main] DEBUG FileUtils - Log file initialized.
2015-03-25-00:07:31.352 [main] INFO  Main - Main launched.
2015-03-25-00:07:31.353 [main] DEBUG Simulation - Creation of the Simulation...
2015-03-25-00:07:31.353 [main] DEBUG Environment - Creation of the environment...
2015-03-25-00:07:31.354 [main] DEBUG Grid - Creation of the Grid with '0' rows and '0' columns...
2015-03-25-00:07:31.354 [main] DEBUG Grid - Grid created.
2015-03-25-00:07:31.354 [main] DEBUG PhysicsEngine - Creation of the PhysicsEngine...
2015-03-25-00:07:31.354 [main] DEBUG PhysicsEngine - PhysicsEnngine created.
2015-03-25-00:07:31.355 [main] DEBUG Environment - Environment created.
2015-03-25-00:07:31.355 [main] DEBUG EntityFactory - Creating WorldEntity : 'LemmingBody'.
2015-03-25-00:07:31.356 [main] DEBUG LemmingAgent - Creation of the Lemming Agent...
2015-03-25-00:07:31.356 [main] DEBUG LemmingAgent - Lemming Agent created.
2015-03-25-00:07:31.356 [main] DEBUG EntityFactory - Creating WorldEntity : 'LemmingBody'.
2015-03-25-00:07:31.357 [main] DEBUG LemmingAgent - Creation of the Lemming Agent...
2015-03-25-00:07:31.357 [main] DEBUG LemmingAgent - Lemming Agent created.
2015-03-25-00:07:31.357 [main] DEBUG EntityFactory - Creating WorldEntity : 'LemmingBody'.
2015-03-25-00:07:31.357 [main] DEBUG LemmingAgent - Creation of the Lemming Agent...
2015-03-25-00:07:31.357 [main] DEBUG LemmingAgent - Lemming Agent created.
2015-03-25-00:07:31.357 [main] DEBUG EntityFactory - Creating WorldEntity : 'LemmingBody'.
2015-03-25-00:07:31.357 [main] DEBUG LemmingAgent - Creation of the Lemming Agent...
2015-03-25-00:07:31.357 [main] DEBUG LemmingAgent - Lemming Agent created.
2015-03-25-00:07:31.357 [main] DEBUG EntityFactory - Creating WorldEntity : 'LemmingBody'.
2015-03-25-00:07:31.357 [main] DEBUG LemmingAgent - Creation of the Lemming Agent...
2015-03-25-00:07:31.357 [main] DEBUG LemmingAgent - Lemming Agent created.
2015-03-25-00:07:31.357 [main] DEBUG EntityFactory - Creating WorldEntity : 'LemmingBody'.
2015-03-25-00:07:31.358 [main] DEBUG LemmingAgent - Creation of the Lemming Agent...
2015-03-25-00:07:31.358 [main] DEBUG LemmingAgent - Lemming Agent created.
2015-03-25-00:07:31.358 [main] DEBUG Simulation - Simulation instantiated.
2015-03-25-00:08:01.221 [main] DEBUG FileUtils - Log file initialized.
2015-03-25-00:08:01.223 [main] INFO  Main - Main launched.
2015-03-25-00:08:01.224 [main] DEBUG Simulation - Creation of the Simulation...
2015-03-25-00:08:01.225 [main] DEBUG Environment - Creation of the environment...
2015-03-25-00:08:01.225 [main] DEBUG Grid - Creation of the Grid with '0' rows and '0' columns...
2015-03-25-00:08:01.226 [main] DEBUG Grid - Grid created.
2015-03-25-00:08:01.226 [main] DEBUG PhysicsEngine - Creation of the PhysicsEngine...
2015-03-25-00:08:01.226 [main] DEBUG PhysicsEngine - PhysicsEnngine created.
2015-03-25-00:08:01.226 [main] DEBUG Environment - Environment created.
2015-03-25-00:08:01.227 [main] DEBUG EntityFactory - Creating WorldEntity : 'LemmingBody'.
2015-03-25-00:08:01.228 [main] DEBUG LemmingAgent - Creation of the Lemming Agent...
2015-03-25-00:08:01.228 [main] DEBUG LemmingAgent - Lemming Agent created.
2015-03-25-00:08:01.228 [main] DEBUG EntityFactory - Creating WorldEntity : 'LemmingBody'.
2015-03-25-00:08:01.228 [main] DEBUG LemmingAgent - Creation of the Lemming Agent...
2015-03-25-00:08:01.229 [main] DEBUG LemmingAgent - Lemming Agent created.
2015-03-25-00:08:01.229 [main] DEBUG EntityFactory - Creating WorldEntity : 'LemmingBody'.
2015-03-25-00:08:01.229 [main] DEBUG LemmingAgent - Creation of the Lemming Agent...
2015-03-25-00:08:01.229 [main] DEBUG LemmingAgent - Lemming Agent created.
2015-03-25-00:08:01.229 [main] DEBUG EntityFactory - Creating WorldEntity : 'LemmingBody'.
2015-03-25-00:08:01.229 [main] DEBUG LemmingAgent - Creation of the Lemming Agent...
2015-03-25-00:08:01.229 [main] DEBUG LemmingAgent - Lemming Agent created.
2015-03-25-00:08:01.229 [main] DEBUG EntityFactory - Creating WorldEntity : 'LemmingBody'.
2015-03-25-00:08:01.229 [main] DEBUG LemmingAgent - Creation of the Lemming Agent...
2015-03-25-00:08:01.229 [main] DEBUG LemmingAgent - Lemming Agent created.
2015-03-25-00:08:01.229 [main] DEBUG EntityFactory - Creating WorldEntity : 'LemmingBody'.
2015-03-25-00:08:01.229 [main] DEBUG LemmingAgent - Creation of the Lemming Agent...
2015-03-25-00:08:01.230 [main] DEBUG LemmingAgent - Lemming Agent created.
2015-03-25-00:08:01.230 [main] DEBUG Simulation - Simulation instantiated.
2015-03-25-00:09:38.435 [main] DEBUG FileUtils - Log file initialized.
2015-03-25-00:09:38.438 [main] INFO  Main - Main launched.
2015-03-25-00:09:38.439 [main] DEBUG Simulation - Creation of the Simulation...
2015-03-25-00:09:38.440 [main] DEBUG Environment - Creation of the environment...
2015-03-25-00:09:38.440 [main] DEBUG Grid - Creation of the Grid with '0' rows and '0' columns...
2015-03-25-00:09:38.441 [main] DEBUG Grid - Grid created.
2015-03-25-00:09:38.441 [main] DEBUG PhysicsEngine - Creation of the PhysicsEngine...
2015-03-25-00:09:38.441 [main] DEBUG PhysicsEngine - PhysicsEnngine created.
2015-03-25-00:09:38.441 [main] DEBUG Environment - Environment created.
2015-03-25-00:09:38.442 [main] DEBUG EntityFactory - Creating WorldEntity : 'LemmingBody'.
2015-03-25-00:09:38.443 [main] DEBUG LemmingAgent - Creation of the Lemming Agent...
2015-03-25-00:09:38.443 [main] DEBUG LemmingAgent - Lemming Agent created.
2015-03-25-00:09:38.443 [main] DEBUG EntityFactory - Creating WorldEntity : 'LemmingBody'.
2015-03-25-00:09:38.443 [main] DEBUG LemmingAgent - Creation of the Lemming Agent...
2015-03-25-00:09:38.443 [main] DEBUG LemmingAgent - Lemming Agent created.
2015-03-25-00:09:38.444 [main] DEBUG EntityFactory - Creating WorldEntity : 'LemmingBody'.
2015-03-25-00:09:38.444 [main] DEBUG LemmingAgent - Creation of the Lemming Agent...
2015-03-25-00:09:38.444 [main] DEBUG LemmingAgent - Lemming Agent created.
2015-03-25-00:09:38.444 [main] DEBUG EntityFactory - Creating WorldEntity : 'LemmingBody'.
2015-03-25-00:09:38.444 [main] DEBUG LemmingAgent - Creation of the Lemming Agent...
2015-03-25-00:09:38.444 [main] DEBUG LemmingAgent - Lemming Agent created.
2015-03-25-00:09:38.444 [main] DEBUG EntityFactory - Creating WorldEntity : 'LemmingBody'.
2015-03-25-00:09:38.444 [main] DEBUG LemmingAgent - Creation of the Lemming Agent...
2015-03-25-00:09:38.444 [main] DEBUG LemmingAgent - Lemming Agent created.
2015-03-25-00:09:38.444 [main] DEBUG EntityFactory - Creating WorldEntity : 'LemmingBody'.
2015-03-25-00:09:38.445 [main] DEBUG LemmingAgent - Creation of the Lemming Agent...
2015-03-25-00:09:38.445 [main] DEBUG LemmingAgent - Lemming Agent created.
2015-03-25-00:09:38.445 [main] DEBUG Simulation - Simulation instantiated.
2015-03-25-00:10:16.774 [main] DEBUG FileUtils - Log file initialized.
2015-03-25-00:10:16.777 [main] INFO  Main - Main launched.
2015-03-25-00:10:16.778 [main] DEBUG Simulation - Creation of the Simulation...
2015-03-25-00:10:16.778 [main] DEBUG Environment - Creation of the environment...
2015-03-25-00:10:16.779 [main] DEBUG Grid - Creation of the Grid with '0' rows and '0' columns...
2015-03-25-00:10:16.779 [main] DEBUG Grid - Grid created.
2015-03-25-00:10:16.780 [main] DEBUG PhysicsEngine - Creation of the PhysicsEngine...
2015-03-25-00:10:16.780 [main] DEBUG PhysicsEngine - PhysicsEnngine created.
2015-03-25-00:10:16.780 [main] DEBUG Environment - Environment created.
2015-03-25-00:10:16.780 [main] DEBUG EntityFactory - Creating WorldEntity : 'LemmingBody'.
2015-03-25-00:10:16.781 [main] DEBUG LemmingAgent - Creation of the Lemming Agent...
2015-03-25-00:10:16.782 [main] DEBUG LemmingAgent - Lemming Agent created.
2015-03-25-00:10:16.782 [main] DEBUG EntityFactory - Creating WorldEntity : 'LemmingBody'.
2015-03-25-00:10:16.782 [main] DEBUG LemmingAgent - Creation of the Lemming Agent...
2015-03-25-00:10:16.782 [main] DEBUG LemmingAgent - Lemming Agent created.
2015-03-25-00:10:16.782 [main] DEBUG EntityFactory - Creating WorldEntity : 'LemmingBody'.
2015-03-25-00:10:16.782 [main] DEBUG LemmingAgent - Creation of the Lemming Agent...
2015-03-25-00:10:16.782 [main] DEBUG LemmingAgent - Lemming Agent created.
2015-03-25-00:10:16.782 [main] DEBUG EntityFactory - Creating WorldEntity : 'LemmingBody'.
2015-03-25-00:10:16.782 [main] DEBUG LemmingAgent - Creation of the Lemming Agent...
2015-03-25-00:10:16.783 [main] DEBUG LemmingAgent - Lemming Agent created.
2015-03-25-00:10:16.783 [main] DEBUG EntityFactory - Creating WorldEntity : 'LemmingBody'.
2015-03-25-00:10:16.783 [main] DEBUG LemmingAgent - Creation of the Lemming Agent...
2015-03-25-00:10:16.783 [main] DEBUG LemmingAgent - Lemming Agent created.
2015-03-25-00:10:16.783 [main] DEBUG EntityFactory - Creating WorldEntity : 'LemmingBody'.
2015-03-25-00:10:16.783 [main] DEBUG LemmingAgent - Creation of the Lemming Agent...
2015-03-25-00:10:16.783 [main] DEBUG LemmingAgent - Lemming Agent created.
2015-03-25-00:10:16.783 [main] DEBUG Simulation - Simulation instantiated.
2015-03-25-00:10:49.338 [main] DEBUG FileUtils - Log file initialized.
2015-03-25-00:10:49.341 [main] INFO  Main - Main launched.
2015-03-25-00:10:49.342 [main] DEBUG Simulation - Creation of the Simulation...
2015-03-25-00:10:49.342 [main] DEBUG Environment - Creation of the environment...
2015-03-25-00:10:49.343 [main] DEBUG Grid - Creation of the Grid with '0' rows and '0' columns...
2015-03-25-00:10:49.343 [main] DEBUG Grid - Grid created.
2015-03-25-00:10:49.343 [main] DEBUG PhysicsEngine - Creation of the PhysicsEngine...
2015-03-25-00:10:49.343 [main] DEBUG PhysicsEngine - PhysicsEnngine created.
2015-03-25-00:10:49.344 [main] DEBUG Environment - Environment created.
2015-03-25-00:10:49.344 [main] DEBUG EntityFactory - Creating WorldEntity : 'LemmingBody'.
2015-03-25-00:10:49.345 [main] DEBUG LemmingAgent - Creation of the Lemming Agent...
2015-03-25-00:10:49.345 [main] DEBUG LemmingAgent - Lemming Agent created.
2015-03-25-00:10:49.345 [main] DEBUG EntityFactory - Creating WorldEntity : 'LemmingBody'.
2015-03-25-00:10:49.346 [main] DEBUG LemmingAgent - Creation of the Lemming Agent...
2015-03-25-00:10:49.346 [main] DEBUG LemmingAgent - Lemming Agent created.
2015-03-25-00:10:49.346 [main] DEBUG EntityFactory - Creating WorldEntity : 'LemmingBody'.
2015-03-25-00:10:49.346 [main] DEBUG LemmingAgent - Creation of the Lemming Agent...
2015-03-25-00:10:49.346 [main] DEBUG LemmingAgent - Lemming Agent created.
2015-03-25-00:10:49.346 [main] DEBUG EntityFactory - Creating WorldEntity : 'LemmingBody'.
2015-03-25-00:10:49.346 [main] DEBUG LemmingAgent - Creation of the Lemming Agent...
2015-03-25-00:10:49.346 [main] DEBUG LemmingAgent - Lemming Agent created.
2015-03-25-00:10:49.346 [main] DEBUG EntityFactory - Creating WorldEntity : 'LemmingBody'.
2015-03-25-00:10:49.346 [main] DEBUG LemmingAgent - Creation of the Lemming Agent...
2015-03-25-00:10:49.346 [main] DEBUG LemmingAgent - Lemming Agent created.
2015-03-25-00:10:49.346 [main] DEBUG EntityFactory - Creating WorldEntity : 'LemmingBody'.
2015-03-25-00:10:49.347 [main] DEBUG LemmingAgent - Creation of the Lemming Agent...
2015-03-25-00:10:49.347 [main] DEBUG LemmingAgent - Lemming Agent created.
2015-03-25-00:10:49.347 [main] DEBUG Simulation - Simulation instantiated.
2015-03-25-00:11:00.866 [main] DEBUG FileUtils - Log file initialized.
2015-03-25-00:11:00.868 [main] INFO  Main - Main launched.
2015-03-25-00:11:00.870 [main] DEBUG Simulation - Creation of the Simulation...
2015-03-25-00:11:00.870 [main] DEBUG Environment - Creation of the environment...
2015-03-25-00:11:00.871 [main] DEBUG Grid - Creation of the Grid with '0' rows and '0' columns...
2015-03-25-00:11:00.871 [main] DEBUG Grid - Grid created.
2015-03-25-00:11:00.871 [main] DEBUG PhysicsEngine - Creation of the PhysicsEngine...
2015-03-25-00:11:00.871 [main] DEBUG PhysicsEngine - PhysicsEnngine created.
2015-03-25-00:11:00.872 [main] DEBUG Environment - Environment created.
2015-03-25-00:11:00.872 [main] DEBUG EntityFactory - Creating WorldEntity : 'LemmingBody'.
2015-03-25-00:11:00.873 [main] DEBUG LemmingAgent - Creation of the Lemming Agent...
2015-03-25-00:11:00.873 [main] DEBUG LemmingAgent - Lemming Agent created.
2015-03-25-00:11:00.873 [main] DEBUG EntityFactory - Creating WorldEntity : 'LemmingBody'.
2015-03-25-00:11:00.874 [main] DEBUG LemmingAgent - Creation of the Lemming Agent...
2015-03-25-00:11:00.874 [main] DEBUG LemmingAgent - Lemming Agent created.
2015-03-25-00:11:00.874 [main] DEBUG EntityFactory - Creating WorldEntity : 'LemmingBody'.
2015-03-25-00:11:00.874 [main] DEBUG LemmingAgent - Creation of the Lemming Agent...
2015-03-25-00:11:00.874 [main] DEBUG LemmingAgent - Lemming Agent created.
2015-03-25-00:11:00.874 [main] DEBUG EntityFactory - Creating WorldEntity : 'LemmingBody'.
2015-03-25-00:11:00.874 [main] DEBUG LemmingAgent - Creation of the Lemming Agent...
2015-03-25-00:11:00.874 [main] DEBUG LemmingAgent - Lemming Agent created.
2015-03-25-00:11:00.874 [main] DEBUG EntityFactory - Creating WorldEntity : 'LemmingBody'.
2015-03-25-00:11:00.874 [main] DEBUG LemmingAgent - Creation of the Lemming Agent...
2015-03-25-00:11:00.874 [main] DEBUG LemmingAgent - Lemming Agent created.
2015-03-25-00:11:00.875 [main] DEBUG EntityFactory - Creating WorldEntity : 'LemmingBody'.
2015-03-25-00:11:00.875 [main] DEBUG LemmingAgent - Creation of the Lemming Agent...
2015-03-25-00:11:00.875 [main] DEBUG LemmingAgent - Lemming Agent created.
2015-03-25-00:11:00.875 [main] DEBUG Simulation - Simulation instantiated.
2015-03-25-00:12:08.769 [main] DEBUG FileUtils - Log file initialized.
2015-03-25-00:12:08.771 [main] INFO  Main - Main launched.
2015-03-25-00:12:08.772 [main] DEBUG Simulation - Creation of the Simulation...
2015-03-25-00:12:08.773 [main] DEBUG Environment - Creation of the environment...
2015-03-25-00:12:08.773 [main] DEBUG Grid - Creation of the Grid with '0' rows and '0' columns...
2015-03-25-00:12:08.774 [main] DEBUG Grid - Grid created.
2015-03-25-00:12:08.774 [main] DEBUG PhysicsEngine - Creation of the PhysicsEngine...
2015-03-25-00:12:08.774 [main] DEBUG PhysicsEngine - PhysicsEnngine created.
2015-03-25-00:12:08.774 [main] DEBUG Environment - Environment created.
2015-03-25-00:12:08.775 [main] DEBUG EntityFactory - Creating WorldEntity : 'LemmingBody'.
2015-03-25-00:12:08.776 [main] DEBUG LemmingAgent - Creation of the Lemming Agent...
2015-03-25-00:12:08.776 [main] DEBUG LemmingAgent - Lemming Agent created.
2015-03-25-00:12:08.776 [main] DEBUG EntityFactory - Creating WorldEntity : 'LemmingBody'.
2015-03-25-00:12:08.776 [main] DEBUG LemmingAgent - Creation of the Lemming Agent...
2015-03-25-00:12:08.776 [main] DEBUG LemmingAgent - Lemming Agent created.
2015-03-25-00:12:08.776 [main] DEBUG EntityFactory - Creating WorldEntity : 'LemmingBody'.
2015-03-25-00:12:08.777 [main] DEBUG LemmingAgent - Creation of the Lemming Agent...
2015-03-25-00:12:08.777 [main] DEBUG LemmingAgent - Lemming Agent created.
2015-03-25-00:12:08.777 [main] DEBUG EntityFactory - Creating WorldEntity : 'LemmingBody'.
2015-03-25-00:12:08.777 [main] DEBUG LemmingAgent - Creation of the Lemming Agent...
2015-03-25-00:12:08.777 [main] DEBUG LemmingAgent - Lemming Agent created.
2015-03-25-00:12:08.777 [main] DEBUG EntityFactory - Creating WorldEntity : 'LemmingBody'.
2015-03-25-00:12:08.777 [main] DEBUG LemmingAgent - Creation of the Lemming Agent...
2015-03-25-00:12:08.777 [main] DEBUG LemmingAgent - Lemming Agent created.
2015-03-25-00:12:08.777 [main] DEBUG EntityFactory - Creating WorldEntity : 'LemmingBody'.
2015-03-25-00:12:08.777 [main] DEBUG LemmingAgent - Creation of the Lemming Agent...
2015-03-25-00:12:08.777 [main] DEBUG LemmingAgent - Lemming Agent created.
2015-03-25-00:12:08.777 [main] DEBUG Simulation - Simulation instantiated.
2015-03-25-00:13:00.455 [main] DEBUG FileUtils - Log file initialized.
2015-03-25-00:13:00.458 [main] INFO  Main - Main launched.
2015-03-25-00:13:00.459 [main] DEBUG Simulation - Creation of the Simulation...
2015-03-25-00:13:00.459 [main] DEBUG Environment - Creation of the environment...
2015-03-25-00:13:00.460 [main] DEBUG Grid - Creation of the Grid with '0' rows and '0' columns...
2015-03-25-00:13:00.460 [main] DEBUG Grid - Grid created.
2015-03-25-00:13:00.460 [main] DEBUG PhysicsEngine - Creation of the PhysicsEngine...
2015-03-25-00:13:00.460 [main] DEBUG PhysicsEngine - PhysicsEnngine created.
2015-03-25-00:13:00.461 [main] DEBUG Environment - Environment created.
2015-03-25-00:13:00.461 [main] DEBUG EntityFactory - Creating WorldEntity : 'LemmingBody'.
2015-03-25-00:13:00.462 [main] DEBUG LemmingAgent - Creation of the Lemming Agent...
2015-03-25-00:13:00.462 [main] DEBUG LemmingAgent - Lemming Agent created.
2015-03-25-00:13:00.462 [main] DEBUG EntityFactory - Creating WorldEntity : 'LemmingBody'.
2015-03-25-00:13:00.463 [main] DEBUG LemmingAgent - Creation of the Lemming Agent...
2015-03-25-00:13:00.463 [main] DEBUG LemmingAgent - Lemming Agent created.
2015-03-25-00:13:00.463 [main] DEBUG EntityFactory - Creating WorldEntity : 'LemmingBody'.
2015-03-25-00:13:00.463 [main] DEBUG LemmingAgent - Creation of the Lemming Agent...
2015-03-25-00:13:00.463 [main] DEBUG LemmingAgent - Lemming Agent created.
2015-03-25-00:13:00.463 [main] DEBUG EntityFactory - Creating WorldEntity : 'LemmingBody'.
2015-03-25-00:13:00.463 [main] DEBUG LemmingAgent - Creation of the Lemming Agent...
2015-03-25-00:13:00.463 [main] DEBUG LemmingAgent - Lemming Agent created.
2015-03-25-00:13:00.463 [main] DEBUG EntityFactory - Creating WorldEntity : 'LemmingBody'.
2015-03-25-00:13:00.463 [main] DEBUG LemmingAgent - Creation of the Lemming Agent...
2015-03-25-00:13:00.463 [main] DEBUG LemmingAgent - Lemming Agent created.
2015-03-25-00:13:00.464 [main] DEBUG EntityFactory - Creating WorldEntity : 'LemmingBody'.
2015-03-25-00:13:00.464 [main] DEBUG LemmingAgent - Creation of the Lemming Agent...
2015-03-25-00:13:00.464 [main] DEBUG LemmingAgent - Lemming Agent created.
2015-03-25-00:13:00.464 [main] DEBUG Simulation - Simulation instantiated.
2015-03-25-00:13:01.012 [AWT-EventQueue-0] DEBUG KeyboardController - Key typed : '+' !
2015-03-25-00:13:02.207 [AWT-EventQueue-0] DEBUG KeyboardController - Key typed : '-' !
2015-03-25-00:13:03.446 [AWT-EventQueue-0] DEBUG KeyboardController - Key typed : ' ' !
2015-03-25-00:13:04.659 [AWT-EventQueue-0] DEBUG KeyboardController - Key typed : '
' !
2015-03-25-00:13:05.218 [AWT-EventQueue-0] DEBUG KeyboardController - Key typed : '' !
2015-03-25-00:13:19.352 [main] DEBUG FileUtils - Log file initialized.
2015-03-25-00:13:19.354 [main] INFO  Main - Main launched.
2015-03-25-00:13:19.355 [main] DEBUG Simulation - Creation of the Simulation...
2015-03-25-00:13:19.356 [main] DEBUG Environment - Creation of the environment...
2015-03-25-00:13:19.356 [main] DEBUG Grid - Creation of the Grid with '0' rows and '0' columns...
2015-03-25-00:13:19.357 [main] DEBUG Grid - Grid created.
2015-03-25-00:13:19.357 [main] DEBUG PhysicsEngine - Creation of the PhysicsEngine...
2015-03-25-00:13:19.357 [main] DEBUG PhysicsEngine - PhysicsEnngine created.
2015-03-25-00:13:19.357 [main] DEBUG Environment - Environment created.
2015-03-25-00:13:19.358 [main] DEBUG EntityFactory - Creating WorldEntity : 'LemmingBody'.
2015-03-25-00:13:19.359 [main] DEBUG LemmingAgent - Creation of the Lemming Agent...
2015-03-25-00:13:19.359 [main] DEBUG LemmingAgent - Lemming Agent created.
2015-03-25-00:13:19.359 [main] DEBUG EntityFactory - Creating WorldEntity : 'LemmingBody'.
2015-03-25-00:13:19.359 [main] DEBUG LemmingAgent - Creation of the Lemming Agent...
2015-03-25-00:13:19.359 [main] DEBUG LemmingAgent - Lemming Agent created.
2015-03-25-00:13:19.360 [main] DEBUG EntityFactory - Creating WorldEntity : 'LemmingBody'.
2015-03-25-00:13:19.360 [main] DEBUG LemmingAgent - Creation of the Lemming Agent...
2015-03-25-00:13:19.360 [main] DEBUG LemmingAgent - Lemming Agent created.
2015-03-25-00:13:19.360 [main] DEBUG EntityFactory - Creating WorldEntity : 'LemmingBody'.
2015-03-25-00:13:19.360 [main] DEBUG LemmingAgent - Creation of the Lemming Agent...
2015-03-25-00:13:19.360 [main] DEBUG LemmingAgent - Lemming Agent created.
2015-03-25-00:13:19.360 [main] DEBUG EntityFactory - Creating WorldEntity : 'LemmingBody'.
2015-03-25-00:13:19.360 [main] DEBUG LemmingAgent - Creation of the Lemming Agent...
2015-03-25-00:13:19.360 [main] DEBUG LemmingAgent - Lemming Agent created.
2015-03-25-00:13:19.360 [main] DEBUG EntityFactory - Creating WorldEntity : 'LemmingBody'.
2015-03-25-00:13:19.360 [main] DEBUG LemmingAgent - Creation of the Lemming Agent...
2015-03-25-00:13:19.360 [main] DEBUG LemmingAgent - Lemming Agent created.
2015-03-25-00:13:19.361 [main] DEBUG Simulation - Simulation instantiated.
2015-03-25-00:13:20.008 [AWT-EventQueue-0] DEBUG KeyboardController - Key typed : '
' !
