2015-03-24-13:33:37.969 [main] DEBUG FileUtils - Log file initialized.
2015-03-24-13:33:37.972 [main] INFO  Main - Main launched.
2015-03-24-13:33:37.973 [main] DEBUG Simulation - Creation of the Simulation...
2015-03-24-13:33:37.974 [main] DEBUG Environment - Creation of the environment...
2015-03-24-13:33:37.974 [main] DEBUG Grid - Creation of the Grid with '0' rows and '0' columns...
2015-03-24-13:33:37.975 [main] DEBUG Grid - Grid created.
2015-03-24-13:33:37.975 [main] DEBUG PhysicsEngine - Creation of the PhysicsEngine...
2015-03-24-13:33:37.975 [main] DEBUG PhysicsEngine - PhysicsEnngine created.
2015-03-24-13:33:37.975 [main] DEBUG Environment - Environment created.
2015-03-24-13:33:37.976 [main] DEBUG EntityFactory - Creating WorldEntity : 'LemmingBody'.
2015-03-24-13:33:37.977 [main] DEBUG LemmingAgent - Creation of the Lemming Agent...
2015-03-24-13:33:37.977 [main] DEBUG LemmingAgent - Lemming Agent created.
2015-03-24-13:33:37.977 [main] DEBUG EntityFactory - Creating WorldEntity : 'LemmingBody'.
2015-03-24-13:33:37.977 [main] DEBUG LemmingAgent - Creation of the Lemming Agent...
2015-03-24-13:33:37.977 [main] DEBUG LemmingAgent - Lemming Agent created.
2015-03-24-13:33:37.977 [main] DEBUG EntityFactory - Creating WorldEntity : 'LemmingBody'.
2015-03-24-13:33:37.977 [main] DEBUG LemmingAgent - Creation of the Lemming Agent...
2015-03-24-13:33:37.977 [main] DEBUG LemmingAgent - Lemming Agent created.
2015-03-24-13:33:37.978 [main] DEBUG EntityFactory - Creating WorldEntity : 'LemmingBody'.
2015-03-24-13:33:37.978 [main] DEBUG LemmingAgent - Creation of the Lemming Agent...
2015-03-24-13:33:37.978 [main] DEBUG LemmingAgent - Lemming Agent created.
2015-03-24-13:33:37.978 [main] DEBUG EntityFactory - Creating WorldEntity : 'LemmingBody'.
2015-03-24-13:33:37.978 [main] DEBUG LemmingAgent - Creation of the Lemming Agent...
2015-03-24-13:33:37.978 [main] DEBUG LemmingAgent - Lemming Agent created.
2015-03-24-13:33:37.978 [main] DEBUG EntityFactory - Creating WorldEntity : 'LemmingBody'.
2015-03-24-13:33:37.978 [main] DEBUG LemmingAgent - Creation of the Lemming Agent...
2015-03-24-13:33:37.978 [main] DEBUG LemmingAgent - Lemming Agent created.
2015-03-24-13:33:37.978 [main] DEBUG Simulation - Simulation instantiated.
2015-03-24-13:33:44.632 [AWT-EventQueue-0] DEBUG MouseController - Mouse entered in window.
2015-03-24-13:33:44.810 [AWT-EventQueue-0] DEBUG MouseController - Mouse button '1' pressed.
2015-03-24-13:33:44.863 [AWT-EventQueue-0] DEBUG MouseController - Mouse button '1' released.
2015-03-24-13:33:44.864 [AWT-EventQueue-0] DEBUG MouseController - Mouse clicked with '1'
2015-03-24-13:33:46.802 [AWT-EventQueue-0] DEBUG MouseController - Mouse button '3' pressed.
2015-03-24-13:33:46.872 [AWT-EventQueue-0] DEBUG MouseController - Mouse button '3' released.
2015-03-24-13:33:46.872 [AWT-EventQueue-0] DEBUG MouseController - Mouse clicked with '3'
2015-03-24-13:40:26.017 [main] DEBUG FileUtils - Log file initialized.
2015-03-24-13:40:26.020 [main] INFO  Main - Main launched.
2015-03-24-13:40:26.021 [main] DEBUG Simulation - Creation of the Simulation...
2015-03-24-13:40:26.021 [main] DEBUG Environment - Creation of the environment...
2015-03-24-13:40:26.022 [main] DEBUG Grid - Creation of the Grid with '0' rows and '0' columns...
2015-03-24-13:40:26.022 [main] DEBUG Grid - Grid created.
2015-03-24-13:40:26.022 [main] DEBUG PhysicsEngine - Creation of the PhysicsEngine...
2015-03-24-13:40:26.022 [main] DEBUG PhysicsEngine - PhysicsEnngine created.
2015-03-24-13:40:26.023 [main] DEBUG Environment - Environment created.
2015-03-24-13:40:26.023 [main] DEBUG EntityFactory - Creating WorldEntity : 'LemmingBody'.
2015-03-24-13:40:26.024 [main] DEBUG LemmingAgent - Creation of the Lemming Agent...
2015-03-24-13:40:26.024 [main] DEBUG LemmingAgent - Lemming Agent created.
2015-03-24-13:40:26.025 [main] DEBUG EntityFactory - Creating WorldEntity : 'LemmingBody'.
2015-03-24-13:40:26.025 [main] DEBUG LemmingAgent - Creation of the Lemming Agent...
2015-03-24-13:40:26.025 [main] DEBUG LemmingAgent - Lemming Agent created.
2015-03-24-13:40:26.025 [main] DEBUG EntityFactory - Creating WorldEntity : 'LemmingBody'.
2015-03-24-13:40:26.025 [main] DEBUG LemmingAgent - Creation of the Lemming Agent...
2015-03-24-13:40:26.025 [main] DEBUG LemmingAgent - Lemming Agent created.
2015-03-24-13:40:26.025 [main] DEBUG EntityFactory - Creating WorldEntity : 'LemmingBody'.
2015-03-24-13:40:26.025 [main] DEBUG LemmingAgent - Creation of the Lemming Agent...
2015-03-24-13:40:26.025 [main] DEBUG LemmingAgent - Lemming Agent created.
2015-03-24-13:40:26.025 [main] DEBUG EntityFactory - Creating WorldEntity : 'LemmingBody'.
2015-03-24-13:40:26.025 [main] DEBUG LemmingAgent - Creation of the Lemming Agent...
2015-03-24-13:40:26.025 [main] DEBUG LemmingAgent - Lemming Agent created.
2015-03-24-13:40:26.026 [main] DEBUG EntityFactory - Creating WorldEntity : 'LemmingBody'.
2015-03-24-13:40:26.026 [main] DEBUG LemmingAgent - Creation of the Lemming Agent...
2015-03-24-13:40:26.026 [main] DEBUG LemmingAgent - Lemming Agent created.
2015-03-24-13:40:26.026 [main] DEBUG Simulation - Simulation instantiated.
2015-03-24-13:40:28.382 [AWT-EventQueue-0] DEBUG MouseController - Mouse entered in window.
2015-03-24-13:40:28.538 [AWT-EventQueue-0] DEBUG MouseController - Mouse button '1' pressed.
2015-03-24-13:40:28.631 [AWT-EventQueue-0] DEBUG MouseController - Mouse button '1' released.
2015-03-24-13:40:28.631 [AWT-EventQueue-0] DEBUG MouseController - Mouse clicked with '1'
2015-03-24-13:40:30.242 [AWT-EventQueue-0] DEBUG MouseController - Mouse exited window.
2015-03-24-13:41:08.208 [main] DEBUG FileUtils - Log file initialized.
2015-03-24-13:41:08.211 [main] INFO  Main - Main launched.
2015-03-24-13:41:08.212 [main] DEBUG Simulation - Creation of the Simulation...
2015-03-24-13:41:08.213 [main] DEBUG Environment - Creation of the environment...
2015-03-24-13:41:08.213 [main] DEBUG Grid - Creation of the Grid with '0' rows and '0' columns...
2015-03-24-13:41:08.214 [main] DEBUG Grid - Grid created.
2015-03-24-13:41:08.214 [main] DEBUG PhysicsEngine - Creation of the PhysicsEngine...
2015-03-24-13:41:08.214 [main] DEBUG PhysicsEngine - PhysicsEnngine created.
2015-03-24-13:41:08.214 [main] DEBUG Environment - Environment created.
2015-03-24-13:41:08.215 [main] DEBUG EntityFactory - Creating WorldEntity : 'LemmingBody'.
2015-03-24-13:41:08.216 [main] DEBUG LemmingAgent - Creation of the Lemming Agent...
2015-03-24-13:41:08.216 [main] DEBUG LemmingAgent - Lemming Agent created.
2015-03-24-13:41:08.216 [main] DEBUG EntityFactory - Creating WorldEntity : 'LemmingBody'.
2015-03-24-13:41:08.216 [main] DEBUG LemmingAgent - Creation of the Lemming Agent...
2015-03-24-13:41:08.216 [main] DEBUG LemmingAgent - Lemming Agent created.
2015-03-24-13:41:08.216 [main] DEBUG EntityFactory - Creating WorldEntity : 'LemmingBody'.
2015-03-24-13:41:08.216 [main] DEBUG LemmingAgent - Creation of the Lemming Agent...
2015-03-24-13:41:08.217 [main] DEBUG LemmingAgent - Lemming Agent created.
2015-03-24-13:41:08.217 [main] DEBUG EntityFactory - Creating WorldEntity : 'LemmingBody'.
2015-03-24-13:41:08.217 [main] DEBUG LemmingAgent - Creation of the Lemming Agent...
2015-03-24-13:41:08.217 [main] DEBUG LemmingAgent - Lemming Agent created.
2015-03-24-13:41:08.217 [main] DEBUG EntityFactory - Creating WorldEntity : 'LemmingBody'.
2015-03-24-13:41:08.217 [main] DEBUG LemmingAgent - Creation of the Lemming Agent...
2015-03-24-13:41:08.217 [main] DEBUG LemmingAgent - Lemming Agent created.
2015-03-24-13:41:08.217 [main] DEBUG EntityFactory - Creating WorldEntity : 'LemmingBody'.
2015-03-24-13:41:08.217 [main] DEBUG LemmingAgent - Creation of the Lemming Agent...
2015-03-24-13:41:08.217 [main] DEBUG LemmingAgent - Lemming Agent created.
2015-03-24-13:41:08.217 [main] DEBUG Simulation - Simulation instantiated.
2015-03-24-13:41:08.451 [AWT-EventQueue-0] DEBUG MouseController - Mouse entered in window.
2015-03-24-13:41:08.920 [AWT-EventQueue-0] DEBUG MouseController - Mouse button '1' pressed.
2015-03-24-13:41:08.949 [AWT-EventQueue-0] DEBUG MouseController - Mouse button '1' released.
2015-03-24-13:41:08.949 [AWT-EventQueue-0] DEBUG MouseController - Mouse clicked with '1'
2015-03-24-13:41:11.238 [AWT-EventQueue-0] DEBUG MouseController - Mouse exited window.
2015-03-24-13:42:01.754 [main] DEBUG FileUtils - Log file initialized.
2015-03-24-13:42:01.757 [main] INFO  Main - Main launched.
2015-03-24-13:42:01.758 [main] DEBUG Simulation - Creation of the Simulation...
2015-03-24-13:42:01.759 [main] DEBUG Environment - Creation of the environment...
2015-03-24-13:42:01.759 [main] DEBUG Grid - Creation of the Grid with '0' rows and '0' columns...
2015-03-24-13:42:01.760 [main] DEBUG Grid - Grid created.
2015-03-24-13:42:01.760 [main] DEBUG PhysicsEngine - Creation of the PhysicsEngine...
2015-03-24-13:42:01.760 [main] DEBUG PhysicsEngine - PhysicsEnngine created.
2015-03-24-13:42:01.760 [main] DEBUG Environment - Environment created.
2015-03-24-13:42:01.761 [main] DEBUG EntityFactory - Creating WorldEntity : 'LemmingBody'.
2015-03-24-13:42:01.762 [main] DEBUG LemmingAgent - Creation of the Lemming Agent...
2015-03-24-13:42:01.762 [main] DEBUG LemmingAgent - Lemming Agent created.
2015-03-24-13:42:01.762 [main] DEBUG EntityFactory - Creating WorldEntity : 'LemmingBody'.
2015-03-24-13:42:01.762 [main] DEBUG LemmingAgent - Creation of the Lemming Agent...
2015-03-24-13:42:01.762 [main] DEBUG LemmingAgent - Lemming Agent created.
2015-03-24-13:42:01.762 [main] DEBUG EntityFactory - Creating WorldEntity : 'LemmingBody'.
2015-03-24-13:42:01.762 [main] DEBUG LemmingAgent - Creation of the Lemming Agent...
2015-03-24-13:42:01.762 [main] DEBUG LemmingAgent - Lemming Agent created.
2015-03-24-13:42:01.762 [main] DEBUG EntityFactory - Creating WorldEntity : 'LemmingBody'.
2015-03-24-13:42:01.763 [main] DEBUG LemmingAgent - Creation of the Lemming Agent...
2015-03-24-13:42:01.763 [main] DEBUG LemmingAgent - Lemming Agent created.
2015-03-24-13:42:01.763 [main] DEBUG EntityFactory - Creating WorldEntity : 'LemmingBody'.
2015-03-24-13:42:01.763 [main] DEBUG LemmingAgent - Creation of the Lemming Agent...
2015-03-24-13:42:01.763 [main] DEBUG LemmingAgent - Lemming Agent created.
2015-03-24-13:42:01.763 [main] DEBUG EntityFactory - Creating WorldEntity : 'LemmingBody'.
2015-03-24-13:42:01.763 [main] DEBUG LemmingAgent - Creation of the Lemming Agent...
2015-03-24-13:42:01.763 [main] DEBUG LemmingAgent - Lemming Agent created.
2015-03-24-13:42:01.763 [main] DEBUG Simulation - Simulation instantiated.
2015-03-24-13:42:01.870 [main] INFO  Main - Main terminated
2015-03-24-13:42:02.582 [AWT-EventQueue-0] DEBUG MouseController - Mouse entered in window.
2015-03-24-13:42:03.396 [AWT-EventQueue-0] DEBUG MouseController - Mouse exited window.
2015-03-24-13:42:12.220 [AWT-EventQueue-0] DEBUG MouseController - Mouse entered in window.
2015-03-24-13:42:12.640 [AWT-EventQueue-0] DEBUG MouseController - Mouse exited window.
2015-03-24-13:43:25.862 [main] DEBUG FileUtils - Log file initialized.
2015-03-24-13:43:25.865 [main] INFO  Main - Main launched.
2015-03-24-13:43:25.866 [main] DEBUG Simulation - Creation of the Simulation...
2015-03-24-13:43:25.866 [main] DEBUG Environment - Creation of the environment...
2015-03-24-13:43:25.867 [main] DEBUG Grid - Creation of the Grid with '0' rows and '0' columns...
2015-03-24-13:43:25.867 [main] DEBUG Grid - Grid created.
2015-03-24-13:43:25.868 [main] DEBUG PhysicsEngine - Creation of the PhysicsEngine...
2015-03-24-13:43:25.868 [main] DEBUG PhysicsEngine - PhysicsEnngine created.
2015-03-24-13:43:25.868 [main] DEBUG Environment - Environment created.
2015-03-24-13:43:25.868 [main] DEBUG EntityFactory - Creating WorldEntity : 'LemmingBody'.
2015-03-24-13:43:25.869 [main] DEBUG LemmingAgent - Creation of the Lemming Agent...
2015-03-24-13:43:25.869 [main] DEBUG LemmingAgent - Lemming Agent created.
2015-03-24-13:43:25.870 [main] DEBUG EntityFactory - Creating WorldEntity : 'LemmingBody'.
2015-03-24-13:43:25.870 [main] DEBUG LemmingAgent - Creation of the Lemming Agent...
2015-03-24-13:43:25.870 [main] DEBUG LemmingAgent - Lemming Agent created.
2015-03-24-13:43:25.870 [main] DEBUG EntityFactory - Creating WorldEntity : 'LemmingBody'.
2015-03-24-13:43:25.870 [main] DEBUG LemmingAgent - Creation of the Lemming Agent...
2015-03-24-13:43:25.870 [main] DEBUG LemmingAgent - Lemming Agent created.
2015-03-24-13:43:25.870 [main] DEBUG EntityFactory - Creating WorldEntity : 'LemmingBody'.
2015-03-24-13:43:25.870 [main] DEBUG LemmingAgent - Creation of the Lemming Agent...
2015-03-24-13:43:25.870 [main] DEBUG LemmingAgent - Lemming Agent created.
2015-03-24-13:43:25.870 [main] DEBUG EntityFactory - Creating WorldEntity : 'LemmingBody'.
2015-03-24-13:43:25.870 [main] DEBUG LemmingAgent - Creation of the Lemming Agent...
2015-03-24-13:43:25.871 [main] DEBUG LemmingAgent - Lemming Agent created.
2015-03-24-13:43:25.871 [main] DEBUG EntityFactory - Creating WorldEntity : 'LemmingBody'.
2015-03-24-13:43:25.871 [main] DEBUG LemmingAgent - Creation of the Lemming Agent...
2015-03-24-13:43:25.871 [main] DEBUG LemmingAgent - Lemming Agent created.
2015-03-24-13:43:25.871 [main] DEBUG Simulation - Simulation instantiated.
2015-03-24-13:43:25.983 [main] INFO  Main - Main terminated
2015-03-24-13:43:28.475 [AWT-EventQueue-0] DEBUG MouseController - Mouse entered in window.
2015-03-24-13:43:28.903 [AWT-EventQueue-0] DEBUG MouseController - Mouse exited window.
2015-03-24-13:44:08.785 [main] DEBUG FileUtils - Log file initialized.
2015-03-24-13:44:08.788 [main] INFO  Main - Main launched.
2015-03-24-13:44:08.789 [main] DEBUG Simulation - Creation of the Simulation...
2015-03-24-13:44:08.790 [main] DEBUG Environment - Creation of the environment...
2015-03-24-13:44:08.790 [main] DEBUG Grid - Creation of the Grid with '0' rows and '0' columns...
2015-03-24-13:44:08.791 [main] DEBUG Grid - Grid created.
2015-03-24-13:44:08.791 [main] DEBUG PhysicsEngine - Creation of the PhysicsEngine...
2015-03-24-13:44:08.791 [main] DEBUG PhysicsEngine - PhysicsEnngine created.
2015-03-24-13:44:08.791 [main] DEBUG Environment - Environment created.
2015-03-24-13:44:08.792 [main] DEBUG EntityFactory - Creating WorldEntity : 'LemmingBody'.
2015-03-24-13:44:08.793 [main] DEBUG LemmingAgent - Creation of the Lemming Agent...
2015-03-24-13:44:08.793 [main] DEBUG LemmingAgent - Lemming Agent created.
2015-03-24-13:44:08.793 [main] DEBUG EntityFactory - Creating WorldEntity : 'LemmingBody'.
2015-03-24-13:44:08.793 [main] DEBUG LemmingAgent - Creation of the Lemming Agent...
2015-03-24-13:44:08.793 [main] DEBUG LemmingAgent - Lemming Agent created.
2015-03-24-13:44:08.793 [main] DEBUG EntityFactory - Creating WorldEntity : 'LemmingBody'.
2015-03-24-13:44:08.793 [main] DEBUG LemmingAgent - Creation of the Lemming Agent...
2015-03-24-13:44:08.793 [main] DEBUG LemmingAgent - Lemming Agent created.
2015-03-24-13:44:08.793 [main] DEBUG EntityFactory - Creating WorldEntity : 'LemmingBody'.
2015-03-24-13:44:08.793 [main] DEBUG LemmingAgent - Creation of the Lemming Agent...
2015-03-24-13:44:08.793 [main] DEBUG LemmingAgent - Lemming Agent created.
2015-03-24-13:44:08.794 [main] DEBUG EntityFactory - Creating WorldEntity : 'LemmingBody'.
2015-03-24-13:44:08.794 [main] DEBUG LemmingAgent - Creation of the Lemming Agent...
2015-03-24-13:44:08.794 [main] DEBUG LemmingAgent - Lemming Agent created.
2015-03-24-13:44:08.794 [main] DEBUG EntityFactory - Creating WorldEntity : 'LemmingBody'.
2015-03-24-13:44:08.794 [main] DEBUG LemmingAgent - Creation of the Lemming Agent...
2015-03-24-13:44:08.794 [main] DEBUG LemmingAgent - Lemming Agent created.
2015-03-24-13:44:08.794 [main] DEBUG Simulation - Simulation instantiated.
2015-03-24-13:44:10.512 [AWT-EventQueue-0] DEBUG MouseController - Mouse entered in window.
2015-03-24-13:44:10.667 [AWT-EventQueue-0] DEBUG MouseController - Mouse button '1' pressed.
2015-03-24-13:44:10.717 [AWT-EventQueue-0] DEBUG MouseController - Mouse button '1' released.
2015-03-24-13:44:11.920 [AWT-EventQueue-0] DEBUG MouseController - Mouse exited window.
2015-03-24-13:46:18.747 [main] DEBUG FileUtils - Log file initialized.
2015-03-24-13:46:18.750 [main] INFO  Main - Main launched.
2015-03-24-13:46:18.751 [main] DEBUG Simulation - Creation of the Simulation...
2015-03-24-13:46:18.751 [main] DEBUG Environment - Creation of the environment...
2015-03-24-13:46:18.752 [main] DEBUG Grid - Creation of the Grid with '0' rows and '0' columns...
2015-03-24-13:46:18.752 [main] DEBUG Grid - Grid created.
2015-03-24-13:46:18.752 [main] DEBUG PhysicsEngine - Creation of the PhysicsEngine...
2015-03-24-13:46:18.752 [main] DEBUG PhysicsEngine - PhysicsEnngine created.
2015-03-24-13:46:18.753 [main] DEBUG Environment - Environment created.
2015-03-24-13:46:18.753 [main] DEBUG EntityFactory - Creating WorldEntity : 'LemmingBody'.
2015-03-24-13:46:18.754 [main] DEBUG LemmingAgent - Creation of the Lemming Agent...
2015-03-24-13:46:18.754 [main] DEBUG LemmingAgent - Lemming Agent created.
2015-03-24-13:46:18.754 [main] DEBUG EntityFactory - Creating WorldEntity : 'LemmingBody'.
2015-03-24-13:46:18.754 [main] DEBUG LemmingAgent - Creation of the Lemming Agent...
2015-03-24-13:46:18.754 [main] DEBUG LemmingAgent - Lemming Agent created.
2015-03-24-13:46:18.755 [main] DEBUG EntityFactory - Creating WorldEntity : 'LemmingBody'.
2015-03-24-13:46:18.755 [main] DEBUG LemmingAgent - Creation of the Lemming Agent...
2015-03-24-13:46:18.755 [main] DEBUG LemmingAgent - Lemming Agent created.
2015-03-24-13:46:18.755 [main] DEBUG EntityFactory - Creating WorldEntity : 'LemmingBody'.
2015-03-24-13:46:18.755 [main] DEBUG LemmingAgent - Creation of the Lemming Agent...
2015-03-24-13:46:18.755 [main] DEBUG LemmingAgent - Lemming Agent created.
2015-03-24-13:46:18.755 [main] DEBUG EntityFactory - Creating WorldEntity : 'LemmingBody'.
2015-03-24-13:46:18.755 [main] DEBUG LemmingAgent - Creation of the Lemming Agent...
2015-03-24-13:46:18.755 [main] DEBUG LemmingAgent - Lemming Agent created.
2015-03-24-13:46:18.755 [main] DEBUG EntityFactory - Creating WorldEntity : 'LemmingBody'.
2015-03-24-13:46:18.755 [main] DEBUG LemmingAgent - Creation of the Lemming Agent...
2015-03-24-13:46:18.755 [main] DEBUG LemmingAgent - Lemming Agent created.
2015-03-24-13:46:18.756 [main] DEBUG Simulation - Simulation instantiated.
2015-03-24-13:46:20.097 [AWT-EventQueue-0] DEBUG MouseController - Mouse entered in window.
2015-03-24-13:46:20.263 [AWT-EventQueue-0] DEBUG MouseController - Mouse button '1' pressed.
2015-03-24-13:46:20.276 [AWT-EventQueue-0] DEBUG MouseController - Mouse button '1' released.
2015-03-24-13:46:20.276 [AWT-EventQueue-0] DEBUG MouseController - Mouse clicked with '1'
2015-03-24-13:46:23.025 [AWT-EventQueue-0] DEBUG MouseController - Mouse exited window.
2015-03-24-13:47:02.772 [main] DEBUG FileUtils - Log file initialized.
2015-03-24-13:47:02.774 [main] INFO  Main - Main launched.
2015-03-24-13:47:02.776 [main] DEBUG Simulation - Creation of the Simulation...
2015-03-24-13:47:02.776 [main] DEBUG Environment - Creation of the environment...
2015-03-24-13:47:02.777 [main] DEBUG Grid - Creation of the Grid with '0' rows and '0' columns...
2015-03-24-13:47:02.777 [main] DEBUG Grid - Grid created.
2015-03-24-13:47:02.778 [main] DEBUG PhysicsEngine - Creation of the PhysicsEngine...
2015-03-24-13:47:02.778 [main] DEBUG PhysicsEngine - PhysicsEnngine created.
2015-03-24-13:47:02.778 [main] DEBUG Environment - Environment created.
2015-03-24-13:47:02.778 [main] DEBUG EntityFactory - Creating WorldEntity : 'LemmingBody'.
2015-03-24-13:47:02.779 [main] DEBUG LemmingAgent - Creation of the Lemming Agent...
2015-03-24-13:47:02.779 [main] DEBUG LemmingAgent - Lemming Agent created.
2015-03-24-13:47:02.780 [main] DEBUG EntityFactory - Creating WorldEntity : 'LemmingBody'.
2015-03-24-13:47:02.780 [main] DEBUG LemmingAgent - Creation of the Lemming Agent...
2015-03-24-13:47:02.780 [main] DEBUG LemmingAgent - Lemming Agent created.
2015-03-24-13:47:02.780 [main] DEBUG EntityFactory - Creating WorldEntity : 'LemmingBody'.
2015-03-24-13:47:02.780 [main] DEBUG LemmingAgent - Creation of the Lemming Agent...
2015-03-24-13:47:02.780 [main] DEBUG LemmingAgent - Lemming Agent created.
2015-03-24-13:47:02.780 [main] DEBUG EntityFactory - Creating WorldEntity : 'LemmingBody'.
2015-03-24-13:47:02.780 [main] DEBUG LemmingAgent - Creation of the Lemming Agent...
2015-03-24-13:47:02.780 [main] DEBUG LemmingAgent - Lemming Agent created.
2015-03-24-13:47:02.780 [main] DEBUG EntityFactory - Creating WorldEntity : 'LemmingBody'.
2015-03-24-13:47:02.780 [main] DEBUG LemmingAgent - Creation of the Lemming Agent...
2015-03-24-13:47:02.780 [main] DEBUG LemmingAgent - Lemming Agent created.
2015-03-24-13:47:02.781 [main] DEBUG EntityFactory - Creating WorldEntity : 'LemmingBody'.
2015-03-24-13:47:02.781 [main] DEBUG LemmingAgent - Creation of the Lemming Agent...
2015-03-24-13:47:02.781 [main] DEBUG LemmingAgent - Lemming Agent created.
2015-03-24-13:47:02.781 [main] DEBUG Simulation - Simulation instantiated.
2015-03-24-13:47:04.504 [AWT-EventQueue-0] DEBUG MouseController - Mouse entered in window.
2015-03-24-13:47:05.554 [AWT-EventQueue-0] DEBUG MouseController - Mouse button '1' pressed.
2015-03-24-13:47:05.561 [AWT-EventQueue-0] DEBUG MouseController - Mouse button '1' released.
2015-03-24-13:47:05.561 [AWT-EventQueue-0] DEBUG MouseController - Mouse clicked with '1'
2015-03-24-13:47:07.439 [AWT-EventQueue-0] DEBUG MouseController - Mouse exited window.
2015-03-24-13:48:52.216 [main] DEBUG FileUtils - Log file initialized.
2015-03-24-13:48:52.219 [main] INFO  Main - Main launched.
2015-03-24-13:48:52.220 [main] DEBUG Simulation - Creation of the Simulation...
2015-03-24-13:48:52.221 [main] DEBUG Environment - Creation of the environment...
2015-03-24-13:48:52.221 [main] DEBUG Grid - Creation of the Grid with '0' rows and '0' columns...
2015-03-24-13:48:52.222 [main] DEBUG Grid - Grid created.
2015-03-24-13:48:52.222 [main] DEBUG PhysicsEngine - Creation of the PhysicsEngine...
2015-03-24-13:48:52.222 [main] DEBUG PhysicsEngine - PhysicsEnngine created.
2015-03-24-13:48:52.222 [main] DEBUG Environment - Environment created.
2015-03-24-13:48:52.223 [main] DEBUG EntityFactory - Creating WorldEntity : 'LemmingBody'.
2015-03-24-13:48:52.224 [main] DEBUG LemmingAgent - Creation of the Lemming Agent...
2015-03-24-13:48:52.224 [main] DEBUG LemmingAgent - Lemming Agent created.
2015-03-24-13:48:52.224 [main] DEBUG EntityFactory - Creating WorldEntity : 'LemmingBody'.
2015-03-24-13:48:52.224 [main] DEBUG LemmingAgent - Creation of the Lemming Agent...
2015-03-24-13:48:52.224 [main] DEBUG LemmingAgent - Lemming Agent created.
2015-03-24-13:48:52.224 [main] DEBUG EntityFactory - Creating WorldEntity : 'LemmingBody'.
2015-03-24-13:48:52.224 [main] DEBUG LemmingAgent - Creation of the Lemming Agent...
2015-03-24-13:48:52.225 [main] DEBUG LemmingAgent - Lemming Agent created.
2015-03-24-13:48:52.225 [main] DEBUG EntityFactory - Creating WorldEntity : 'LemmingBody'.
2015-03-24-13:48:52.225 [main] DEBUG LemmingAgent - Creation of the Lemming Agent...
2015-03-24-13:48:52.225 [main] DEBUG LemmingAgent - Lemming Agent created.
2015-03-24-13:48:52.225 [main] DEBUG EntityFactory - Creating WorldEntity : 'LemmingBody'.
2015-03-24-13:48:52.225 [main] DEBUG LemmingAgent - Creation of the Lemming Agent...
2015-03-24-13:48:52.225 [main] DEBUG LemmingAgent - Lemming Agent created.
2015-03-24-13:48:52.225 [main] DEBUG EntityFactory - Creating WorldEntity : 'LemmingBody'.
2015-03-24-13:48:52.225 [main] DEBUG LemmingAgent - Creation of the Lemming Agent...
2015-03-24-13:48:52.225 [main] DEBUG LemmingAgent - Lemming Agent created.
2015-03-24-13:48:52.225 [main] DEBUG Simulation - Simulation instantiated.
2015-03-24-13:48:52.455 [AWT-EventQueue-0] DEBUG MouseController - Mouse entered in window.
2015-03-24-13:48:53.080 [AWT-EventQueue-0] DEBUG MouseController - Mouse button '1' pressed.
2015-03-24-13:48:53.150 [AWT-EventQueue-0] DEBUG MouseController - Mouse button '1' released.
2015-03-24-13:48:53.150 [AWT-EventQueue-0] DEBUG MouseController - Mouse clicked with '1'
2015-03-24-23:11:52.015 [main] DEBUG FileUtils - Log file initialized.
2015-03-24-23:11:52.043 [main] INFO  Main - Main launched.
2015-03-24-23:11:52.045 [main] DEBUG Simulation - Creation of the Simulation...
2015-03-24-23:11:52.049 [main] DEBUG Environment - Creation of the environment...
2015-03-24-23:11:52.067 [main] DEBUG Grid - Creation of the Grid with '0' rows and '0' columns...
2015-03-24-23:11:52.069 [main] DEBUG Grid - Grid created.
2015-03-24-23:11:52.083 [main] DEBUG PhysicsEngine - Creation of the PhysicsEngine...
2015-03-24-23:11:52.084 [main] DEBUG PhysicsEngine - PhysicsEnngine created.
2015-03-24-23:11:52.084 [main] DEBUG Environment - Environment created.
2015-03-24-23:11:52.085 [main] DEBUG EntityFactory - Creating WorldEntity : 'LemmingBody'.
2015-03-24-23:11:52.096 [main] DEBUG LemmingAgent - Creation of the Lemming Agent...
2015-03-24-23:11:52.097 [main] DEBUG LemmingAgent - Lemming Agent created.
2015-03-24-23:11:52.098 [main] DEBUG EntityFactory - Creating WorldEntity : 'LemmingBody'.
2015-03-24-23:11:52.098 [main] DEBUG LemmingAgent - Creation of the Lemming Agent...
2015-03-24-23:11:52.098 [main] DEBUG LemmingAgent - Lemming Agent created.
2015-03-24-23:11:52.098 [main] DEBUG EntityFactory - Creating WorldEntity : 'LemmingBody'.
2015-03-24-23:11:52.099 [main] DEBUG LemmingAgent - Creation of the Lemming Agent...
2015-03-24-23:11:52.099 [main] DEBUG LemmingAgent - Lemming Agent created.
2015-03-24-23:11:52.100 [main] DEBUG EntityFactory - Creating WorldEntity : 'LemmingBody'.
2015-03-24-23:11:52.100 [main] DEBUG LemmingAgent - Creation of the Lemming Agent...
2015-03-24-23:11:52.100 [main] DEBUG LemmingAgent - Lemming Agent created.
2015-03-24-23:11:52.101 [main] DEBUG EntityFactory - Creating WorldEntity : 'LemmingBody'.
2015-03-24-23:11:52.101 [main] DEBUG LemmingAgent - Creation of the Lemming Agent...
2015-03-24-23:11:52.101 [main] DEBUG LemmingAgent - Lemming Agent created.
2015-03-24-23:11:52.102 [main] DEBUG EntityFactory - Creating WorldEntity : 'LemmingBody'.
2015-03-24-23:11:52.102 [main] DEBUG LemmingAgent - Creation of the Lemming Agent...
2015-03-24-23:11:52.102 [main] DEBUG LemmingAgent - Lemming Agent created.
2015-03-24-23:11:52.102 [main] DEBUG Simulation - Simulation instantiated.
2015-03-24-23:11:53.157 [AWT-EventQueue-0] DEBUG MouseController - Mouse entered in window.
2015-03-24-23:11:53.474 [AWT-EventQueue-0] DEBUG MouseController - Mouse button '1' pressed.
2015-03-24-23:11:53.496 [AWT-EventQueue-0] DEBUG MouseController - Mouse button '1' released.
2015-03-24-23:11:53.496 [AWT-EventQueue-0] DEBUG MouseController - Mouse clicked with '1'
2015-03-24-23:11:56.306 [AWT-EventQueue-0] DEBUG MouseController - Mouse button '1' pressed.
2015-03-24-23:11:56.335 [AWT-EventQueue-0] DEBUG MouseController - Mouse button '1' released.
2015-03-24-23:11:56.335 [AWT-EventQueue-0] DEBUG MouseController - Mouse clicked with '1'
2015-03-24-23:11:58.095 [AWT-EventQueue-0] DEBUG MouseController - Mouse exited window.
2015-03-24-23:11:58.421 [AWT-EventQueue-0] DEBUG MouseController - Mouse entered in window.
2015-03-24-23:11:58.757 [AWT-EventQueue-0] DEBUG MouseController - Mouse exited window.
2015-03-24-23:12:49.892 [main] DEBUG FileUtils - Log file initialized.
2015-03-24-23:12:49.895 [main] INFO  Main - Main launched.
2015-03-24-23:12:49.896 [main] DEBUG Simulation - Creation of the Simulation...
2015-03-24-23:12:49.896 [main] DEBUG Environment - Creation of the environment...
2015-03-24-23:12:49.897 [main] DEBUG Grid - Creation of the Grid with '0' rows and '0' columns...
2015-03-24-23:12:49.897 [main] DEBUG Grid - Grid created.
2015-03-24-23:12:49.898 [main] DEBUG PhysicsEngine - Creation of the PhysicsEngine...
2015-03-24-23:12:49.898 [main] DEBUG PhysicsEngine - PhysicsEnngine created.
2015-03-24-23:12:49.898 [main] DEBUG Environment - Environment created.
2015-03-24-23:12:49.898 [main] DEBUG EntityFactory - Creating WorldEntity : 'LemmingBody'.
2015-03-24-23:12:49.899 [main] DEBUG LemmingAgent - Creation of the Lemming Agent...
2015-03-24-23:12:49.899 [main] DEBUG LemmingAgent - Lemming Agent created.
2015-03-24-23:12:49.899 [main] DEBUG EntityFactory - Creating WorldEntity : 'LemmingBody'.
2015-03-24-23:12:49.899 [main] DEBUG LemmingAgent - Creation of the Lemming Agent...
2015-03-24-23:12:49.899 [main] DEBUG LemmingAgent - Lemming Agent created.
2015-03-24-23:12:49.900 [main] DEBUG EntityFactory - Creating WorldEntity : 'LemmingBody'.
2015-03-24-23:12:49.900 [main] DEBUG LemmingAgent - Creation of the Lemming Agent...
2015-03-24-23:12:49.900 [main] DEBUG LemmingAgent - Lemming Agent created.
2015-03-24-23:12:49.900 [main] DEBUG EntityFactory - Creating WorldEntity : 'LemmingBody'.
2015-03-24-23:12:49.900 [main] DEBUG LemmingAgent - Creation of the Lemming Agent...
2015-03-24-23:12:49.900 [main] DEBUG LemmingAgent - Lemming Agent created.
2015-03-24-23:12:49.900 [main] DEBUG EntityFactory - Creating WorldEntity : 'LemmingBody'.
2015-03-24-23:12:49.900 [main] DEBUG LemmingAgent - Creation of the Lemming Agent...
2015-03-24-23:12:49.900 [main] DEBUG LemmingAgent - Lemming Agent created.
2015-03-24-23:12:49.900 [main] DEBUG EntityFactory - Creating WorldEntity : 'LemmingBody'.
2015-03-24-23:12:49.900 [main] DEBUG LemmingAgent - Creation of the Lemming Agent...
2015-03-24-23:12:49.900 [main] DEBUG LemmingAgent - Lemming Agent created.
2015-03-24-23:12:49.901 [main] DEBUG Simulation - Simulation instantiated.
2015-03-24-23:12:51.757 [AWT-EventQueue-0] DEBUG MouseController - Mouse entered in window.
2015-03-24-23:12:51.973 [AWT-EventQueue-0] DEBUG MouseController - Mouse button '1' pressed.
2015-03-24-23:12:51.981 [AWT-EventQueue-0] DEBUG MouseController - Mouse button '1' released.
2015-03-24-23:12:51.981 [AWT-EventQueue-0] DEBUG MouseController - Mouse clicked with '1'
2015-03-24-23:13:56.212 [main] DEBUG FileUtils - Log file initialized.
2015-03-24-23:13:56.215 [main] INFO  Main - Main launched.
2015-03-24-23:13:56.216 [main] DEBUG Simulation - Creation of the Simulation...
2015-03-24-23:13:56.216 [main] DEBUG Environment - Creation of the environment...
2015-03-24-23:13:56.217 [main] DEBUG Grid - Creation of the Grid with '0' rows and '0' columns...
2015-03-24-23:13:56.217 [main] DEBUG Grid - Grid created.
2015-03-24-23:13:56.218 [main] DEBUG PhysicsEngine - Creation of the PhysicsEngine...
2015-03-24-23:13:56.218 [main] DEBUG PhysicsEngine - PhysicsEnngine created.
2015-03-24-23:13:56.218 [main] DEBUG Environment - Environment created.
2015-03-24-23:13:56.218 [main] DEBUG EntityFactory - Creating WorldEntity : 'LemmingBody'.
2015-03-24-23:13:56.219 [main] DEBUG LemmingAgent - Creation of the Lemming Agent...
2015-03-24-23:13:56.219 [main] DEBUG LemmingAgent - Lemming Agent created.
2015-03-24-23:13:56.219 [main] DEBUG EntityFactory - Creating WorldEntity : 'LemmingBody'.
2015-03-24-23:13:56.220 [main] DEBUG LemmingAgent - Creation of the Lemming Agent...
2015-03-24-23:13:56.220 [main] DEBUG LemmingAgent - Lemming Agent created.
2015-03-24-23:13:56.220 [main] DEBUG EntityFactory - Creating WorldEntity : 'LemmingBody'.
2015-03-24-23:13:56.220 [main] DEBUG LemmingAgent - Creation of the Lemming Agent...
2015-03-24-23:13:56.220 [main] DEBUG LemmingAgent - Lemming Agent created.
2015-03-24-23:13:56.220 [main] DEBUG EntityFactory - Creating WorldEntity : 'LemmingBody'.
2015-03-24-23:13:56.220 [main] DEBUG LemmingAgent - Creation of the Lemming Agent...
2015-03-24-23:13:56.220 [main] DEBUG LemmingAgent - Lemming Agent created.
2015-03-24-23:13:56.220 [main] DEBUG EntityFactory - Creating WorldEntity : 'LemmingBody'.
2015-03-24-23:13:56.220 [main] DEBUG LemmingAgent - Creation of the Lemming Agent...
2015-03-24-23:13:56.220 [main] DEBUG LemmingAgent - Lemming Agent created.
2015-03-24-23:13:56.221 [main] DEBUG EntityFactory - Creating WorldEntity : 'LemmingBody'.
2015-03-24-23:13:56.221 [main] DEBUG LemmingAgent - Creation of the Lemming Agent...
2015-03-24-23:13:56.221 [main] DEBUG LemmingAgent - Lemming Agent created.
2015-03-24-23:13:56.221 [main] DEBUG Simulation - Simulation instantiated.
2015-03-24-23:13:56.468 [AWT-EventQueue-0] DEBUG MouseController - Mouse entered in window.
2015-03-24-23:13:57.494 [AWT-EventQueue-0] DEBUG MouseController - Mouse button '1' pressed.
2015-03-24-23:13:57.542 [AWT-EventQueue-0] DEBUG MouseController - Mouse button '1' released.
2015-03-24-23:13:57.542 [AWT-EventQueue-0] DEBUG MouseController - Mouse clicked with '1'
2015-03-24-23:14:02.072 [main] DEBUG FileUtils - Log file initialized.
2015-03-24-23:14:02.075 [main] INFO  Main - Main launched.
2015-03-24-23:14:02.076 [main] DEBUG Simulation - Creation of the Simulation...
2015-03-24-23:14:02.077 [main] DEBUG Environment - Creation of the environment...
2015-03-24-23:14:02.077 [main] DEBUG Grid - Creation of the Grid with '0' rows and '0' columns...
2015-03-24-23:14:02.078 [main] DEBUG Grid - Grid created.
2015-03-24-23:14:02.078 [main] DEBUG PhysicsEngine - Creation of the PhysicsEngine...
2015-03-24-23:14:02.078 [main] DEBUG PhysicsEngine - PhysicsEnngine created.
2015-03-24-23:14:02.078 [main] DEBUG Environment - Environment created.
2015-03-24-23:14:02.079 [main] DEBUG EntityFactory - Creating WorldEntity : 'LemmingBody'.
2015-03-24-23:14:02.079 [main] DEBUG LemmingAgent - Creation of the Lemming Agent...
2015-03-24-23:14:02.080 [main] DEBUG LemmingAgent - Lemming Agent created.
2015-03-24-23:14:02.080 [main] DEBUG EntityFactory - Creating WorldEntity : 'LemmingBody'.
2015-03-24-23:14:02.080 [main] DEBUG LemmingAgent - Creation of the Lemming Agent...
2015-03-24-23:14:02.080 [main] DEBUG LemmingAgent - Lemming Agent created.
2015-03-24-23:14:02.080 [main] DEBUG EntityFactory - Creating WorldEntity : 'LemmingBody'.
2015-03-24-23:14:02.080 [main] DEBUG LemmingAgent - Creation of the Lemming Agent...
2015-03-24-23:14:02.080 [main] DEBUG LemmingAgent - Lemming Agent created.
2015-03-24-23:14:02.080 [main] DEBUG EntityFactory - Creating WorldEntity : 'LemmingBody'.
2015-03-24-23:14:02.080 [main] DEBUG LemmingAgent - Creation of the Lemming Agent...
2015-03-24-23:14:02.080 [main] DEBUG LemmingAgent - Lemming Agent created.
2015-03-24-23:14:02.080 [main] DEBUG EntityFactory - Creating WorldEntity : 'LemmingBody'.
2015-03-24-23:14:02.081 [main] DEBUG LemmingAgent - Creation of the Lemming Agent...
2015-03-24-23:14:02.081 [main] DEBUG LemmingAgent - Lemming Agent created.
2015-03-24-23:14:02.081 [main] DEBUG EntityFactory - Creating WorldEntity : 'LemmingBody'.
2015-03-24-23:14:02.081 [main] DEBUG LemmingAgent - Creation of the Lemming Agent...
2015-03-24-23:14:02.081 [main] DEBUG LemmingAgent - Lemming Agent created.
2015-03-24-23:14:02.081 [main] DEBUG Simulation - Simulation instantiated.
2015-03-24-23:14:02.282 [AWT-EventQueue-0] DEBUG MouseController - Mouse entered in window.
2015-03-24-23:14:02.585 [AWT-EventQueue-0] DEBUG MouseController - Mouse button '1' pressed.
2015-03-24-23:14:02.593 [AWT-EventQueue-0] DEBUG MouseController - Mouse button '1' released.
2015-03-24-23:14:02.594 [AWT-EventQueue-0] DEBUG MouseController - Mouse clicked with '1'
2015-03-24-23:15:54.323 [main] DEBUG FileUtils - Log file initialized.
2015-03-24-23:15:54.325 [main] INFO  Main - Main launched.
2015-03-24-23:15:54.326 [main] DEBUG Simulation - Creation of the Simulation...
2015-03-24-23:15:54.327 [main] DEBUG Environment - Creation of the environment...
2015-03-24-23:15:54.327 [main] DEBUG Grid - Creation of the Grid with '0' rows and '0' columns...
2015-03-24-23:15:54.328 [main] DEBUG Grid - Grid created.
2015-03-24-23:15:54.328 [main] DEBUG PhysicsEngine - Creation of the PhysicsEngine...
2015-03-24-23:15:54.328 [main] DEBUG PhysicsEngine - PhysicsEnngine created.
2015-03-24-23:15:54.328 [main] DEBUG Environment - Environment created.
2015-03-24-23:15:54.329 [main] DEBUG EntityFactory - Creating WorldEntity : 'LemmingBody'.
2015-03-24-23:15:54.330 [main] DEBUG LemmingAgent - Creation of the Lemming Agent...
2015-03-24-23:15:54.330 [main] DEBUG LemmingAgent - Lemming Agent created.
2015-03-24-23:15:54.330 [main] DEBUG EntityFactory - Creating WorldEntity : 'LemmingBody'.
2015-03-24-23:15:54.330 [main] DEBUG LemmingAgent - Creation of the Lemming Agent...
2015-03-24-23:15:54.330 [main] DEBUG LemmingAgent - Lemming Agent created.
2015-03-24-23:15:54.331 [main] DEBUG EntityFactory - Creating WorldEntity : 'LemmingBody'.
2015-03-24-23:15:54.331 [main] DEBUG LemmingAgent - Creation of the Lemming Agent...
2015-03-24-23:15:54.331 [main] DEBUG LemmingAgent - Lemming Agent created.
2015-03-24-23:15:54.331 [main] DEBUG EntityFactory - Creating WorldEntity : 'LemmingBody'.
2015-03-24-23:15:54.331 [main] DEBUG LemmingAgent - Creation of the Lemming Agent...
2015-03-24-23:15:54.331 [main] DEBUG LemmingAgent - Lemming Agent created.
2015-03-24-23:15:54.331 [main] DEBUG EntityFactory - Creating WorldEntity : 'LemmingBody'.
2015-03-24-23:15:54.331 [main] DEBUG LemmingAgent - Creation of the Lemming Agent...
2015-03-24-23:15:54.332 [main] DEBUG LemmingAgent - Lemming Agent created.
2015-03-24-23:15:54.332 [main] DEBUG EntityFactory - Creating WorldEntity : 'LemmingBody'.
2015-03-24-23:15:54.332 [main] DEBUG LemmingAgent - Creation of the Lemming Agent...
2015-03-24-23:15:54.332 [main] DEBUG LemmingAgent - Lemming Agent created.
2015-03-24-23:15:54.332 [main] DEBUG Simulation - Simulation instantiated.
2015-03-24-23:16:13.530 [main] DEBUG FileUtils - Log file initialized.
2015-03-24-23:16:13.533 [main] INFO  Main - Main launched.
2015-03-24-23:16:13.534 [main] DEBUG Simulation - Creation of the Simulation...
2015-03-24-23:16:13.535 [main] DEBUG Environment - Creation of the environment...
2015-03-24-23:16:13.535 [main] DEBUG Grid - Creation of the Grid with '0' rows and '0' columns...
2015-03-24-23:16:13.536 [main] DEBUG Grid - Grid created.
2015-03-24-23:16:13.536 [main] DEBUG PhysicsEngine - Creation of the PhysicsEngine...
2015-03-24-23:16:13.536 [main] DEBUG PhysicsEngine - PhysicsEnngine created.
2015-03-24-23:16:13.536 [main] DEBUG Environment - Environment created.
2015-03-24-23:16:13.537 [main] DEBUG EntityFactory - Creating WorldEntity : 'LemmingBody'.
2015-03-24-23:16:13.538 [main] DEBUG LemmingAgent - Creation of the Lemming Agent...
2015-03-24-23:16:13.538 [main] DEBUG LemmingAgent - Lemming Agent created.
2015-03-24-23:16:13.538 [main] DEBUG EntityFactory - Creating WorldEntity : 'LemmingBody'.
2015-03-24-23:16:13.538 [main] DEBUG LemmingAgent - Creation of the Lemming Agent...
2015-03-24-23:16:13.538 [main] DEBUG LemmingAgent - Lemming Agent created.
2015-03-24-23:16:13.538 [main] DEBUG EntityFactory - Creating WorldEntity : 'LemmingBody'.
2015-03-24-23:16:13.538 [main] DEBUG LemmingAgent - Creation of the Lemming Agent...
2015-03-24-23:16:13.539 [main] DEBUG LemmingAgent - Lemming Agent created.
2015-03-24-23:16:13.539 [main] DEBUG EntityFactory - Creating WorldEntity : 'LemmingBody'.
2015-03-24-23:16:13.539 [main] DEBUG LemmingAgent - Creation of the Lemming Agent...
2015-03-24-23:16:13.539 [main] DEBUG LemmingAgent - Lemming Agent created.
2015-03-24-23:16:13.539 [main] DEBUG EntityFactory - Creating WorldEntity : 'LemmingBody'.
2015-03-24-23:16:13.539 [main] DEBUG LemmingAgent - Creation of the Lemming Agent...
2015-03-24-23:16:13.539 [main] DEBUG LemmingAgent - Lemming Agent created.
2015-03-24-23:16:13.539 [main] DEBUG EntityFactory - Creating WorldEntity : 'LemmingBody'.
2015-03-24-23:16:13.539 [main] DEBUG LemmingAgent - Creation of the Lemming Agent...
2015-03-24-23:16:13.539 [main] DEBUG LemmingAgent - Lemming Agent created.
2015-03-24-23:16:13.539 [main] DEBUG Simulation - Simulation instantiated.
2015-03-24-23:16:14.055 [AWT-EventQueue-0] DEBUG MouseController - Mouse entered in window.
2015-03-24-23:16:14.478 [AWT-EventQueue-0] DEBUG MouseController - Mouse button '1' pressed.
2015-03-24-23:16:14.507 [AWT-EventQueue-0] DEBUG MouseController - Mouse button '1' released.
2015-03-24-23:16:14.507 [AWT-EventQueue-0] DEBUG MouseController - Mouse clicked with '1'
2015-03-24-23:16:14.938 [AWT-EventQueue-0] DEBUG MouseController - Mouse button '1' pressed.
2015-03-24-23:16:14.951 [AWT-EventQueue-0] DEBUG MouseController - Mouse button '1' released.
2015-03-24-23:16:14.951 [AWT-EventQueue-0] DEBUG MouseController - Mouse clicked with '1'
2015-03-24-23:16:15.115 [AWT-EventQueue-0] DEBUG MouseController - Mouse button '1' pressed.
2015-03-24-23:16:15.122 [AWT-EventQueue-0] DEBUG MouseController - Mouse button '1' released.
2015-03-24-23:16:15.122 [AWT-EventQueue-0] DEBUG MouseController - Mouse clicked with '1'
2015-03-24-23:16:15.532 [AWT-EventQueue-0] DEBUG MouseController - Mouse exited window.
2015-03-24-23:16:16.305 [AWT-EventQueue-0] DEBUG MouseController - Mouse entered in window.
2015-03-24-23:17:17.616 [main] DEBUG FileUtils - Log file initialized.
2015-03-24-23:17:17.619 [main] INFO  Main - Main launched.
2015-03-24-23:17:17.620 [main] DEBUG Simulation - Creation of the Simulation...
2015-03-24-23:17:17.620 [main] DEBUG Environment - Creation of the environment...
2015-03-24-23:17:17.621 [main] DEBUG Grid - Creation of the Grid with '0' rows and '0' columns...
2015-03-24-23:17:17.621 [main] DEBUG Grid - Grid created.
2015-03-24-23:17:17.622 [main] DEBUG PhysicsEngine - Creation of the PhysicsEngine...
2015-03-24-23:17:17.622 [main] DEBUG PhysicsEngine - PhysicsEnngine created.
2015-03-24-23:17:17.622 [main] DEBUG Environment - Environment created.
2015-03-24-23:17:17.622 [main] DEBUG EntityFactory - Creating WorldEntity : 'LemmingBody'.
2015-03-24-23:17:17.623 [main] DEBUG LemmingAgent - Creation of the Lemming Agent...
2015-03-24-23:17:17.623 [main] DEBUG LemmingAgent - Lemming Agent created.
2015-03-24-23:17:17.623 [main] DEBUG EntityFactory - Creating WorldEntity : 'LemmingBody'.
2015-03-24-23:17:17.624 [main] DEBUG LemmingAgent - Creation of the Lemming Agent...
2015-03-24-23:17:17.624 [main] DEBUG LemmingAgent - Lemming Agent created.
2015-03-24-23:17:17.624 [main] DEBUG EntityFactory - Creating WorldEntity : 'LemmingBody'.
2015-03-24-23:17:17.624 [main] DEBUG LemmingAgent - Creation of the Lemming Agent...
2015-03-24-23:17:17.624 [main] DEBUG LemmingAgent - Lemming Agent created.
2015-03-24-23:17:17.624 [main] DEBUG EntityFactory - Creating WorldEntity : 'LemmingBody'.
2015-03-24-23:17:17.624 [main] DEBUG LemmingAgent - Creation of the Lemming Agent...
2015-03-24-23:17:17.624 [main] DEBUG LemmingAgent - Lemming Agent created.
2015-03-24-23:17:17.624 [main] DEBUG EntityFactory - Creating WorldEntity : 'LemmingBody'.
2015-03-24-23:17:17.624 [main] DEBUG LemmingAgent - Creation of the Lemming Agent...
2015-03-24-23:17:17.625 [main] DEBUG LemmingAgent - Lemming Agent created.
2015-03-24-23:17:17.625 [main] DEBUG EntityFactory - Creating WorldEntity : 'LemmingBody'.
2015-03-24-23:17:17.625 [main] DEBUG LemmingAgent - Creation of the Lemming Agent...
2015-03-24-23:17:17.625 [main] DEBUG LemmingAgent - Lemming Agent created.
2015-03-24-23:17:17.625 [main] DEBUG Simulation - Simulation instantiated.
2015-03-24-23:17:18.249 [AWT-EventQueue-0] DEBUG MouseController - Mouse entered in window.
2015-03-24-23:17:18.488 [AWT-EventQueue-0] DEBUG MouseController - Mouse button '1' pressed.
2015-03-24-23:17:18.539 [AWT-EventQueue-0] DEBUG MouseController - Mouse button '1' released.
2015-03-24-23:17:18.539 [AWT-EventQueue-0] DEBUG MouseController - Mouse clicked with '1'
2015-03-24-23:17:22.440 [AWT-EventQueue-0] DEBUG MouseController - Mouse exited window.
2015-03-24-23:17:28.171 [main] DEBUG FileUtils - Log file initialized.
2015-03-24-23:17:28.173 [main] INFO  Main - Main launched.
2015-03-24-23:17:28.174 [main] DEBUG Simulation - Creation of the Simulation...
2015-03-24-23:17:28.175 [main] DEBUG Environment - Creation of the environment...
2015-03-24-23:17:28.175 [main] DEBUG Grid - Creation of the Grid with '0' rows and '0' columns...
2015-03-24-23:17:28.176 [main] DEBUG Grid - Grid created.
2015-03-24-23:17:28.176 [main] DEBUG PhysicsEngine - Creation of the PhysicsEngine...
2015-03-24-23:17:28.176 [main] DEBUG PhysicsEngine - PhysicsEnngine created.
2015-03-24-23:17:28.176 [main] DEBUG Environment - Environment created.
2015-03-24-23:17:28.177 [main] DEBUG EntityFactory - Creating WorldEntity : 'LemmingBody'.
2015-03-24-23:17:28.178 [main] DEBUG LemmingAgent - Creation of the Lemming Agent...
2015-03-24-23:17:28.178 [main] DEBUG LemmingAgent - Lemming Agent created.
2015-03-24-23:17:28.178 [main] DEBUG EntityFactory - Creating WorldEntity : 'LemmingBody'.
2015-03-24-23:17:28.178 [main] DEBUG LemmingAgent - Creation of the Lemming Agent...
2015-03-24-23:17:28.178 [main] DEBUG LemmingAgent - Lemming Agent created.
2015-03-24-23:17:28.178 [main] DEBUG EntityFactory - Creating WorldEntity : 'LemmingBody'.
2015-03-24-23:17:28.179 [main] DEBUG LemmingAgent - Creation of the Lemming Agent...
2015-03-24-23:17:28.179 [main] DEBUG LemmingAgent - Lemming Agent created.
2015-03-24-23:17:28.179 [main] DEBUG EntityFactory - Creating WorldEntity : 'LemmingBody'.
2015-03-24-23:17:28.179 [main] DEBUG LemmingAgent - Creation of the Lemming Agent...
2015-03-24-23:17:28.179 [main] DEBUG LemmingAgent - Lemming Agent created.
2015-03-24-23:17:28.179 [main] DEBUG EntityFactory - Creating WorldEntity : 'LemmingBody'.
2015-03-24-23:17:28.179 [main] DEBUG LemmingAgent - Creation of the Lemming Agent...
2015-03-24-23:17:28.179 [main] DEBUG LemmingAgent - Lemming Agent created.
2015-03-24-23:17:28.179 [main] DEBUG EntityFactory - Creating WorldEntity : 'LemmingBody'.
2015-03-24-23:17:28.179 [main] DEBUG LemmingAgent - Creation of the Lemming Agent...
2015-03-24-23:17:28.179 [main] DEBUG LemmingAgent - Lemming Agent created.
2015-03-24-23:17:28.180 [main] DEBUG Simulation - Simulation instantiated.
2015-03-24-23:17:28.759 [AWT-EventQueue-0] DEBUG MouseController - Mouse entered in window.
2015-03-24-23:17:29.163 [AWT-EventQueue-0] DEBUG MouseController - Mouse button '1' pressed.
2015-03-24-23:17:29.213 [AWT-EventQueue-0] DEBUG MouseController - Mouse button '1' released.
2015-03-24-23:17:29.213 [AWT-EventQueue-0] DEBUG MouseController - Mouse clicked with '1'
2015-03-24-23:17:29.392 [AWT-EventQueue-0] DEBUG MouseController - Mouse button '1' pressed.
2015-03-24-23:17:29.411 [AWT-EventQueue-0] DEBUG MouseController - Mouse button '1' released.
2015-03-24-23:17:29.411 [AWT-EventQueue-0] DEBUG MouseController - Mouse clicked with '1'
2015-03-24-23:17:31.409 [AWT-EventQueue-0] DEBUG MouseController - Mouse exited window.
2015-03-24-23:18:56.105 [main] DEBUG FileUtils - Log file initialized.
2015-03-24-23:18:56.108 [main] INFO  Main - Main launched.
2015-03-24-23:18:56.109 [main] DEBUG Simulation - Creation of the Simulation...
2015-03-24-23:18:56.109 [main] DEBUG Environment - Creation of the environment...
2015-03-24-23:18:56.110 [main] DEBUG Grid - Creation of the Grid with '0' rows and '0' columns...
2015-03-24-23:18:56.110 [main] DEBUG Grid - Grid created.
2015-03-24-23:18:56.111 [main] DEBUG PhysicsEngine - Creation of the PhysicsEngine...
2015-03-24-23:18:56.111 [main] DEBUG PhysicsEngine - PhysicsEnngine created.
2015-03-24-23:18:56.111 [main] DEBUG Environment - Environment created.
2015-03-24-23:18:56.111 [main] DEBUG EntityFactory - Creating WorldEntity : 'LemmingBody'.
2015-03-24-23:18:56.112 [main] DEBUG LemmingAgent - Creation of the Lemming Agent...
2015-03-24-23:18:56.112 [main] DEBUG LemmingAgent - Lemming Agent created.
2015-03-24-23:18:56.112 [main] DEBUG EntityFactory - Creating WorldEntity : 'LemmingBody'.
2015-03-24-23:18:56.112 [main] DEBUG LemmingAgent - Creation of the Lemming Agent...
2015-03-24-23:18:56.113 [main] DEBUG LemmingAgent - Lemming Agent created.
2015-03-24-23:18:56.113 [main] DEBUG EntityFactory - Creating WorldEntity : 'LemmingBody'.
2015-03-24-23:18:56.113 [main] DEBUG LemmingAgent - Creation of the Lemming Agent...
2015-03-24-23:18:56.113 [main] DEBUG LemmingAgent - Lemming Agent created.
2015-03-24-23:18:56.113 [main] DEBUG EntityFactory - Creating WorldEntity : 'LemmingBody'.
2015-03-24-23:18:56.113 [main] DEBUG LemmingAgent - Creation of the Lemming Agent...
2015-03-24-23:18:56.113 [main] DEBUG LemmingAgent - Lemming Agent created.
2015-03-24-23:18:56.113 [main] DEBUG EntityFactory - Creating WorldEntity : 'LemmingBody'.
2015-03-24-23:18:56.113 [main] DEBUG LemmingAgent - Creation of the Lemming Agent...
2015-03-24-23:18:56.113 [main] DEBUG LemmingAgent - Lemming Agent created.
2015-03-24-23:18:56.113 [main] DEBUG EntityFactory - Creating WorldEntity : 'LemmingBody'.
2015-03-24-23:18:56.113 [main] DEBUG LemmingAgent - Creation of the Lemming Agent...
2015-03-24-23:18:56.114 [main] DEBUG LemmingAgent - Lemming Agent created.
2015-03-24-23:18:56.114 [main] DEBUG Simulation - Simulation instantiated.
2015-03-24-23:18:56.186 [main] DEBUG KeyboardController - null
2015-03-24-23:18:57.028 [AWT-EventQueue-0] DEBUG MouseController - Mouse entered in window.
2015-03-24-23:19:14.054 [main] DEBUG FileUtils - Log file initialized.
2015-03-24-23:19:14.057 [main] INFO  Main - Main launched.
2015-03-24-23:19:14.058 [main] DEBUG Simulation - Creation of the Simulation...
2015-03-24-23:19:14.058 [main] DEBUG Environment - Creation of the environment...
2015-03-24-23:19:14.059 [main] DEBUG Grid - Creation of the Grid with '0' rows and '0' columns...
2015-03-24-23:19:14.059 [main] DEBUG Grid - Grid created.
2015-03-24-23:19:14.060 [main] DEBUG PhysicsEngine - Creation of the PhysicsEngine...
2015-03-24-23:19:14.060 [main] DEBUG PhysicsEngine - PhysicsEnngine created.
2015-03-24-23:19:14.060 [main] DEBUG Environment - Environment created.
2015-03-24-23:19:14.060 [main] DEBUG EntityFactory - Creating WorldEntity : 'LemmingBody'.
2015-03-24-23:19:14.061 [main] DEBUG LemmingAgent - Creation of the Lemming Agent...
2015-03-24-23:19:14.061 [main] DEBUG LemmingAgent - Lemming Agent created.
2015-03-24-23:19:14.061 [main] DEBUG EntityFactory - Creating WorldEntity : 'LemmingBody'.
2015-03-24-23:19:14.061 [main] DEBUG LemmingAgent - Creation of the Lemming Agent...
2015-03-24-23:19:14.062 [main] DEBUG LemmingAgent - Lemming Agent created.
2015-03-24-23:19:14.062 [main] DEBUG EntityFactory - Creating WorldEntity : 'LemmingBody'.
2015-03-24-23:19:14.062 [main] DEBUG LemmingAgent - Creation of the Lemming Agent...
2015-03-24-23:19:14.062 [main] DEBUG LemmingAgent - Lemming Agent created.
2015-03-24-23:19:14.062 [main] DEBUG EntityFactory - Creating WorldEntity : 'LemmingBody'.
2015-03-24-23:19:14.062 [main] DEBUG LemmingAgent - Creation of the Lemming Agent...
2015-03-24-23:19:14.062 [main] DEBUG LemmingAgent - Lemming Agent created.
2015-03-24-23:19:14.062 [main] DEBUG EntityFactory - Creating WorldEntity : 'LemmingBody'.
2015-03-24-23:19:14.062 [main] DEBUG LemmingAgent - Creation of the Lemming Agent...
2015-03-24-23:19:14.062 [main] DEBUG LemmingAgent - Lemming Agent created.
2015-03-24-23:19:14.062 [main] DEBUG EntityFactory - Creating WorldEntity : 'LemmingBody'.
2015-03-24-23:19:14.062 [main] DEBUG LemmingAgent - Creation of the Lemming Agent...
2015-03-24-23:19:14.063 [main] DEBUG LemmingAgent - Lemming Agent created.
2015-03-24-23:19:14.063 [main] DEBUG Simulation - Simulation instantiated.
2015-03-24-23:19:14.133 [main] DEBUG KeyboardController - javax.swing.InputMap@5124aa85
2015-03-24-23:19:14.251 [AWT-EventQueue-0] DEBUG MouseController - Mouse entered in window.
2015-03-24-23:19:36.745 [main] DEBUG FileUtils - Log file initialized.
2015-03-24-23:19:36.747 [main] INFO  Main - Main launched.
2015-03-24-23:19:36.748 [main] DEBUG Simulation - Creation of the Simulation...
2015-03-24-23:19:36.749 [main] DEBUG Environment - Creation of the environment...
2015-03-24-23:19:36.749 [main] DEBUG Grid - Creation of the Grid with '0' rows and '0' columns...
2015-03-24-23:19:36.750 [main] DEBUG Grid - Grid created.
2015-03-24-23:19:36.750 [main] DEBUG PhysicsEngine - Creation of the PhysicsEngine...
2015-03-24-23:19:36.750 [main] DEBUG PhysicsEngine - PhysicsEnngine created.
2015-03-24-23:19:36.750 [main] DEBUG Environment - Environment created.
2015-03-24-23:19:36.751 [main] DEBUG EntityFactory - Creating WorldEntity : 'LemmingBody'.
2015-03-24-23:19:36.752 [main] DEBUG LemmingAgent - Creation of the Lemming Agent...
2015-03-24-23:19:36.752 [main] DEBUG LemmingAgent - Lemming Agent created.
2015-03-24-23:19:36.752 [main] DEBUG EntityFactory - Creating WorldEntity : 'LemmingBody'.
2015-03-24-23:19:36.752 [main] DEBUG LemmingAgent - Creation of the Lemming Agent...
2015-03-24-23:19:36.752 [main] DEBUG LemmingAgent - Lemming Agent created.
2015-03-24-23:19:36.753 [main] DEBUG EntityFactory - Creating WorldEntity : 'LemmingBody'.
2015-03-24-23:19:36.753 [main] DEBUG LemmingAgent - Creation of the Lemming Agent...
2015-03-24-23:19:36.753 [main] DEBUG LemmingAgent - Lemming Agent created.
2015-03-24-23:19:36.753 [main] DEBUG EntityFactory - Creating WorldEntity : 'LemmingBody'.
2015-03-24-23:19:36.753 [main] DEBUG LemmingAgent - Creation of the Lemming Agent...
2015-03-24-23:19:36.753 [main] DEBUG LemmingAgent - Lemming Agent created.
2015-03-24-23:19:36.753 [main] DEBUG EntityFactory - Creating WorldEntity : 'LemmingBody'.
2015-03-24-23:19:36.753 [main] DEBUG LemmingAgent - Creation of the Lemming Agent...
2015-03-24-23:19:36.753 [main] DEBUG LemmingAgent - Lemming Agent created.
2015-03-24-23:19:36.753 [main] DEBUG EntityFactory - Creating WorldEntity : 'LemmingBody'.
2015-03-24-23:19:36.753 [main] DEBUG LemmingAgent - Creation of the Lemming Agent...
2015-03-24-23:19:36.753 [main] DEBUG LemmingAgent - Lemming Agent created.
2015-03-24-23:19:36.754 [main] DEBUG Simulation - Simulation instantiated.
2015-03-24-23:19:36.826 [main] INFO  Main - Main terminated
2015-03-24-23:19:50.215 [main] DEBUG FileUtils - Log file initialized.
2015-03-24-23:19:50.217 [main] INFO  Main - Main launched.
2015-03-24-23:19:50.219 [main] DEBUG Simulation - Creation of the Simulation...
2015-03-24-23:19:50.219 [main] DEBUG Environment - Creation of the environment...
2015-03-24-23:19:50.220 [main] DEBUG Grid - Creation of the Grid with '0' rows and '0' columns...
2015-03-24-23:19:50.220 [main] DEBUG Grid - Grid created.
2015-03-24-23:19:50.221 [main] DEBUG PhysicsEngine - Creation of the PhysicsEngine...
2015-03-24-23:19:50.221 [main] DEBUG PhysicsEngine - PhysicsEnngine created.
2015-03-24-23:19:50.221 [main] DEBUG Environment - Environment created.
2015-03-24-23:19:50.221 [main] DEBUG EntityFactory - Creating WorldEntity : 'LemmingBody'.
2015-03-24-23:19:50.223 [main] DEBUG LemmingAgent - Creation of the Lemming Agent...
2015-03-24-23:19:50.223 [main] DEBUG LemmingAgent - Lemming Agent created.
2015-03-24-23:19:50.223 [main] DEBUG EntityFactory - Creating WorldEntity : 'LemmingBody'.
2015-03-24-23:19:50.223 [main] DEBUG LemmingAgent - Creation of the Lemming Agent...
2015-03-24-23:19:50.223 [main] DEBUG LemmingAgent - Lemming Agent created.
2015-03-24-23:19:50.223 [main] DEBUG EntityFactory - Creating WorldEntity : 'LemmingBody'.
2015-03-24-23:19:50.223 [main] DEBUG LemmingAgent - Creation of the Lemming Agent...
2015-03-24-23:19:50.223 [main] DEBUG LemmingAgent - Lemming Agent created.
2015-03-24-23:19:50.224 [main] DEBUG EntityFactory - Creating WorldEntity : 'LemmingBody'.
2015-03-24-23:19:50.224 [main] DEBUG LemmingAgent - Creation of the Lemming Agent...
2015-03-24-23:19:50.224 [main] DEBUG LemmingAgent - Lemming Agent created.
2015-03-24-23:19:50.224 [main] DEBUG EntityFactory - Creating WorldEntity : 'LemmingBody'.
2015-03-24-23:19:50.224 [main] DEBUG LemmingAgent - Creation of the Lemming Agent...
2015-03-24-23:19:50.224 [main] DEBUG LemmingAgent - Lemming Agent created.
2015-03-24-23:19:50.224 [main] DEBUG EntityFactory - Creating WorldEntity : 'LemmingBody'.
2015-03-24-23:19:50.224 [main] DEBUG LemmingAgent - Creation of the Lemming Agent...
2015-03-24-23:19:50.224 [main] DEBUG LemmingAgent - Lemming Agent created.
2015-03-24-23:19:50.224 [main] DEBUG Simulation - Simulation instantiated.
2015-03-24-23:19:50.298 [main] INFO  Main - Main terminated
2015-03-24-23:20:42.227 [main] DEBUG FileUtils - Log file initialized.
2015-03-24-23:20:42.230 [main] INFO  Main - Main launched.
2015-03-24-23:20:42.231 [main] DEBUG Simulation - Creation of the Simulation...
2015-03-24-23:20:42.232 [main] DEBUG Environment - Creation of the environment...
2015-03-24-23:20:42.232 [main] DEBUG Grid - Creation of the Grid with '0' rows and '0' columns...
2015-03-24-23:20:42.232 [main] DEBUG Grid - Grid created.
2015-03-24-23:20:42.233 [main] DEBUG PhysicsEngine - Creation of the PhysicsEngine...
2015-03-24-23:20:42.233 [main] DEBUG PhysicsEngine - PhysicsEnngine created.
2015-03-24-23:20:42.233 [main] DEBUG Environment - Environment created.
2015-03-24-23:20:42.233 [main] DEBUG EntityFactory - Creating WorldEntity : 'LemmingBody'.
2015-03-24-23:20:42.235 [main] DEBUG LemmingAgent - Creation of the Lemming Agent...
2015-03-24-23:20:42.235 [main] DEBUG LemmingAgent - Lemming Agent created.
2015-03-24-23:20:42.235 [main] DEBUG EntityFactory - Creating WorldEntity : 'LemmingBody'.
2015-03-24-23:20:42.235 [main] DEBUG LemmingAgent - Creation of the Lemming Agent...
2015-03-24-23:20:42.235 [main] DEBUG LemmingAgent - Lemming Agent created.
2015-03-24-23:20:42.235 [main] DEBUG EntityFactory - Creating WorldEntity : 'LemmingBody'.
2015-03-24-23:20:42.235 [main] DEBUG LemmingAgent - Creation of the Lemming Agent...
2015-03-24-23:20:42.235 [main] DEBUG LemmingAgent - Lemming Agent created.
2015-03-24-23:20:42.235 [main] DEBUG EntityFactory - Creating WorldEntity : 'LemmingBody'.
2015-03-24-23:20:42.235 [main] DEBUG LemmingAgent - Creation of the Lemming Agent...
2015-03-24-23:20:42.236 [main] DEBUG LemmingAgent - Lemming Agent created.
2015-03-24-23:20:42.236 [main] DEBUG EntityFactory - Creating WorldEntity : 'LemmingBody'.
2015-03-24-23:20:42.236 [main] DEBUG LemmingAgent - Creation of the Lemming Agent...
2015-03-24-23:20:42.236 [main] DEBUG LemmingAgent - Lemming Agent created.
2015-03-24-23:20:42.236 [main] DEBUG EntityFactory - Creating WorldEntity : 'LemmingBody'.
2015-03-24-23:20:42.236 [main] DEBUG LemmingAgent - Creation of the Lemming Agent...
2015-03-24-23:20:42.236 [main] DEBUG LemmingAgent - Lemming Agent created.
2015-03-24-23:20:42.236 [main] DEBUG Simulation - Simulation instantiated.
2015-03-24-23:20:42.304 [main] INFO  Main - Main terminated
2015-03-24-23:27:02.416 [main] DEBUG FileUtils - Log file initialized.
2015-03-24-23:27:02.419 [main] INFO  Main - Main launched.
2015-03-24-23:27:02.420 [main] DEBUG Simulation - Creation of the Simulation...
2015-03-24-23:27:02.420 [main] DEBUG Environment - Creation of the environment...
2015-03-24-23:27:02.421 [main] DEBUG Grid - Creation of the Grid with '0' rows and '0' columns...
2015-03-24-23:27:02.421 [main] DEBUG Grid - Grid created.
2015-03-24-23:27:02.421 [main] DEBUG PhysicsEngine - Creation of the PhysicsEngine...
2015-03-24-23:27:02.421 [main] DEBUG PhysicsEngine - PhysicsEnngine created.
2015-03-24-23:27:02.422 [main] DEBUG Environment - Environment created.
2015-03-24-23:27:02.422 [main] DEBUG EntityFactory - Creating WorldEntity : 'LemmingBody'.
2015-03-24-23:27:02.423 [main] DEBUG LemmingAgent - Creation of the Lemming Agent...
2015-03-24-23:27:02.423 [main] DEBUG LemmingAgent - Lemming Agent created.
2015-03-24-23:27:02.423 [main] DEBUG EntityFactory - Creating WorldEntity : 'LemmingBody'.
2015-03-24-23:27:02.424 [main] DEBUG LemmingAgent - Creation of the Lemming Agent...
2015-03-24-23:27:02.424 [main] DEBUG LemmingAgent - Lemming Agent created.
2015-03-24-23:27:02.424 [main] DEBUG EntityFactory - Creating WorldEntity : 'LemmingBody'.
2015-03-24-23:27:02.424 [main] DEBUG LemmingAgent - Creation of the Lemming Agent...
2015-03-24-23:27:02.424 [main] DEBUG LemmingAgent - Lemming Agent created.
2015-03-24-23:27:02.424 [main] DEBUG EntityFactory - Creating WorldEntity : 'LemmingBody'.
2015-03-24-23:27:02.424 [main] DEBUG LemmingAgent - Creation of the Lemming Agent...
2015-03-24-23:27:02.424 [main] DEBUG LemmingAgent - Lemming Agent created.
2015-03-24-23:27:02.424 [main] DEBUG EntityFactory - Creating WorldEntity : 'LemmingBody'.
2015-03-24-23:27:02.424 [main] DEBUG LemmingAgent - Creation of the Lemming Agent...
2015-03-24-23:27:02.424 [main] DEBUG LemmingAgent - Lemming Agent created.
2015-03-24-23:27:02.424 [main] DEBUG EntityFactory - Creating WorldEntity : 'LemmingBody'.
2015-03-24-23:27:02.425 [main] DEBUG LemmingAgent - Creation of the Lemming Agent...
2015-03-24-23:27:02.425 [main] DEBUG LemmingAgent - Lemming Agent created.
2015-03-24-23:27:02.425 [main] DEBUG Simulation - Simulation instantiated.
2015-03-24-23:27:02.494 [main] DEBUG KeyboardController - [f]
2015-03-24-23:27:24.785 [main] DEBUG FileUtils - Log file initialized.
2015-03-24-23:27:24.787 [main] INFO  Main - Main launched.
2015-03-24-23:27:24.789 [main] DEBUG Simulation - Creation of the Simulation...
2015-03-24-23:27:24.789 [main] DEBUG Environment - Creation of the environment...
2015-03-24-23:27:24.790 [main] DEBUG Grid - Creation of the Grid with '0' rows and '0' columns...
2015-03-24-23:27:24.790 [main] DEBUG Grid - Grid created.
2015-03-24-23:27:24.791 [main] DEBUG PhysicsEngine - Creation of the PhysicsEngine...
2015-03-24-23:27:24.791 [main] DEBUG PhysicsEngine - PhysicsEnngine created.
2015-03-24-23:27:24.791 [main] DEBUG Environment - Environment created.
2015-03-24-23:27:24.791 [main] DEBUG EntityFactory - Creating WorldEntity : 'LemmingBody'.
2015-03-24-23:27:24.792 [main] DEBUG LemmingAgent - Creation of the Lemming Agent...
2015-03-24-23:27:24.793 [main] DEBUG LemmingAgent - Lemming Agent created.
2015-03-24-23:27:24.793 [main] DEBUG EntityFactory - Creating WorldEntity : 'LemmingBody'.
2015-03-24-23:27:24.793 [main] DEBUG LemmingAgent - Creation of the Lemming Agent...
2015-03-24-23:27:24.793 [main] DEBUG LemmingAgent - Lemming Agent created.
2015-03-24-23:27:24.793 [main] DEBUG EntityFactory - Creating WorldEntity : 'LemmingBody'.
2015-03-24-23:27:24.793 [main] DEBUG LemmingAgent - Creation of the Lemming Agent...
2015-03-24-23:27:24.793 [main] DEBUG LemmingAgent - Lemming Agent created.
2015-03-24-23:27:24.793 [main] DEBUG EntityFactory - Creating WorldEntity : 'LemmingBody'.
2015-03-24-23:27:24.793 [main] DEBUG LemmingAgent - Creation of the Lemming Agent...
2015-03-24-23:27:24.793 [main] DEBUG LemmingAgent - Lemming Agent created.
2015-03-24-23:27:24.794 [main] DEBUG EntityFactory - Creating WorldEntity : 'LemmingBody'.
2015-03-24-23:27:24.794 [main] DEBUG LemmingAgent - Creation of the Lemming Agent...
2015-03-24-23:27:24.794 [main] DEBUG LemmingAgent - Lemming Agent created.
2015-03-24-23:27:24.794 [main] DEBUG EntityFactory - Creating WorldEntity : 'LemmingBody'.
2015-03-24-23:27:24.794 [main] DEBUG LemmingAgent - Creation of the Lemming Agent...
2015-03-24-23:27:24.794 [main] DEBUG LemmingAgent - Lemming Agent created.
2015-03-24-23:27:24.794 [main] DEBUG Simulation - Simulation instantiated.
2015-03-24-23:27:24.862 [main] DEBUG KeyboardController - [f]
2015-03-24-23:27:24.862 [main] INFO  Main - Main terminated
2015-03-24-23:28:14.158 [main] DEBUG FileUtils - Log file initialized.
2015-03-24-23:28:14.161 [main] INFO  Main - Main launched.
2015-03-24-23:28:14.162 [main] DEBUG Simulation - Creation of the Simulation...
2015-03-24-23:28:14.163 [main] DEBUG Environment - Creation of the environment...
2015-03-24-23:28:14.163 [main] DEBUG Grid - Creation of the Grid with '0' rows and '0' columns...
2015-03-24-23:28:14.164 [main] DEBUG Grid - Grid created.
2015-03-24-23:28:14.164 [main] DEBUG PhysicsEngine - Creation of the PhysicsEngine...
2015-03-24-23:28:14.164 [main] DEBUG PhysicsEngine - PhysicsEnngine created.
2015-03-24-23:28:14.164 [main] DEBUG Environment - Environment created.
2015-03-24-23:28:14.165 [main] DEBUG EntityFactory - Creating WorldEntity : 'LemmingBody'.
2015-03-24-23:28:14.166 [main] DEBUG LemmingAgent - Creation of the Lemming Agent...
2015-03-24-23:28:14.166 [main] DEBUG LemmingAgent - Lemming Agent created.
2015-03-24-23:28:14.167 [main] DEBUG EntityFactory - Creating WorldEntity : 'LemmingBody'.
2015-03-24-23:28:14.167 [main] DEBUG LemmingAgent - Creation of the Lemming Agent...
2015-03-24-23:28:14.167 [main] DEBUG LemmingAgent - Lemming Agent created.
2015-03-24-23:28:14.167 [main] DEBUG EntityFactory - Creating WorldEntity : 'LemmingBody'.
2015-03-24-23:28:14.167 [main] DEBUG LemmingAgent - Creation of the Lemming Agent...
2015-03-24-23:28:14.167 [main] DEBUG LemmingAgent - Lemming Agent created.
2015-03-24-23:28:14.167 [main] DEBUG EntityFactory - Creating WorldEntity : 'LemmingBody'.
2015-03-24-23:28:14.167 [main] DEBUG LemmingAgent - Creation of the Lemming Agent...
2015-03-24-23:28:14.167 [main] DEBUG LemmingAgent - Lemming Agent created.
2015-03-24-23:28:14.167 [main] DEBUG EntityFactory - Creating WorldEntity : 'LemmingBody'.
2015-03-24-23:28:14.167 [main] DEBUG LemmingAgent - Creation of the Lemming Agent...
2015-03-24-23:28:14.167 [main] DEBUG LemmingAgent - Lemming Agent created.
2015-03-24-23:28:14.168 [main] DEBUG EntityFactory - Creating WorldEntity : 'LemmingBody'.
2015-03-24-23:28:14.168 [main] DEBUG LemmingAgent - Creation of the Lemming Agent...
2015-03-24-23:28:14.168 [main] DEBUG LemmingAgent - Lemming Agent created.
2015-03-24-23:28:14.168 [main] DEBUG Simulation - Simulation instantiated.
2015-03-24-23:28:14.249 [main] INFO  Main - Main terminated
2015-03-24-23:29:15.201 [main] DEBUG FileUtils - Log file initialized.
2015-03-24-23:29:15.204 [main] INFO  Main - Main launched.
2015-03-24-23:29:15.205 [main] DEBUG Simulation - Creation of the Simulation...
2015-03-24-23:29:15.206 [main] DEBUG Environment - Creation of the environment...
2015-03-24-23:29:15.206 [main] DEBUG Grid - Creation of the Grid with '0' rows and '0' columns...
2015-03-24-23:29:15.206 [main] DEBUG Grid - Grid created.
2015-03-24-23:29:15.207 [main] DEBUG PhysicsEngine - Creation of the PhysicsEngine...
2015-03-24-23:29:15.207 [main] DEBUG PhysicsEngine - PhysicsEnngine created.
2015-03-24-23:29:15.207 [main] DEBUG Environment - Environment created.
2015-03-24-23:29:15.208 [main] DEBUG EntityFactory - Creating WorldEntity : 'LemmingBody'.
2015-03-24-23:29:15.209 [main] DEBUG LemmingAgent - Creation of the Lemming Agent...
2015-03-24-23:29:15.209 [main] DEBUG LemmingAgent - Lemming Agent created.
2015-03-24-23:29:15.209 [main] DEBUG EntityFactory - Creating WorldEntity : 'LemmingBody'.
2015-03-24-23:29:15.209 [main] DEBUG LemmingAgent - Creation of the Lemming Agent...
2015-03-24-23:29:15.209 [main] DEBUG LemmingAgent - Lemming Agent created.
2015-03-24-23:29:15.209 [main] DEBUG EntityFactory - Creating WorldEntity : 'LemmingBody'.
2015-03-24-23:29:15.209 [main] DEBUG LemmingAgent - Creation of the Lemming Agent...
2015-03-24-23:29:15.209 [main] DEBUG LemmingAgent - Lemming Agent created.
2015-03-24-23:29:15.210 [main] DEBUG EntityFactory - Creating WorldEntity : 'LemmingBody'.
2015-03-24-23:29:15.210 [main] DEBUG LemmingAgent - Creation of the Lemming Agent...
2015-03-24-23:29:15.210 [main] DEBUG LemmingAgent - Lemming Agent created.
2015-03-24-23:29:15.210 [main] DEBUG EntityFactory - Creating WorldEntity : 'LemmingBody'.
2015-03-24-23:29:15.210 [main] DEBUG LemmingAgent - Creation of the Lemming Agent...
2015-03-24-23:29:15.210 [main] DEBUG LemmingAgent - Lemming Agent created.
2015-03-24-23:29:15.210 [main] DEBUG EntityFactory - Creating WorldEntity : 'LemmingBody'.
2015-03-24-23:29:15.210 [main] DEBUG LemmingAgent - Creation of the Lemming Agent...
2015-03-24-23:29:15.210 [main] DEBUG LemmingAgent - Lemming Agent created.
2015-03-24-23:29:15.210 [main] DEBUG Simulation - Simulation instantiated.
2015-03-24-23:29:15.284 [main] DEBUG KeyboardController - [f]
2015-03-24-23:29:15.285 [main] INFO  Main - Main terminated
2015-03-24-23:30:18.349 [main] DEBUG FileUtils - Log file initialized.
2015-03-24-23:30:18.352 [main] INFO  Main - Main launched.
2015-03-24-23:30:18.353 [main] DEBUG Simulation - Creation of the Simulation...
2015-03-24-23:30:18.354 [main] DEBUG Environment - Creation of the environment...
2015-03-24-23:30:18.354 [main] DEBUG Grid - Creation of the Grid with '0' rows and '0' columns...
2015-03-24-23:30:18.355 [main] DEBUG Grid - Grid created.
2015-03-24-23:30:18.355 [main] DEBUG PhysicsEngine - Creation of the PhysicsEngine...
2015-03-24-23:30:18.355 [main] DEBUG PhysicsEngine - PhysicsEnngine created.
2015-03-24-23:30:18.355 [main] DEBUG Environment - Environment created.
2015-03-24-23:30:18.356 [main] DEBUG EntityFactory - Creating WorldEntity : 'LemmingBody'.
2015-03-24-23:30:18.357 [main] DEBUG LemmingAgent - Creation of the Lemming Agent...
2015-03-24-23:30:18.357 [main] DEBUG LemmingAgent - Lemming Agent created.
2015-03-24-23:30:18.357 [main] DEBUG EntityFactory - Creating WorldEntity : 'LemmingBody'.
2015-03-24-23:30:18.358 [main] DEBUG LemmingAgent - Creation of the Lemming Agent...
2015-03-24-23:30:18.358 [main] DEBUG LemmingAgent - Lemming Agent created.
2015-03-24-23:30:18.358 [main] DEBUG EntityFactory - Creating WorldEntity : 'LemmingBody'.
2015-03-24-23:30:18.358 [main] DEBUG LemmingAgent - Creation of the Lemming Agent...
2015-03-24-23:30:18.358 [main] DEBUG LemmingAgent - Lemming Agent created.
2015-03-24-23:30:18.358 [main] DEBUG EntityFactory - Creating WorldEntity : 'LemmingBody'.
2015-03-24-23:30:18.358 [main] DEBUG LemmingAgent - Creation of the Lemming Agent...
2015-03-24-23:30:18.358 [main] DEBUG LemmingAgent - Lemming Agent created.
2015-03-24-23:30:18.358 [main] DEBUG EntityFactory - Creating WorldEntity : 'LemmingBody'.
2015-03-24-23:30:18.358 [main] DEBUG LemmingAgent - Creation of the Lemming Agent...
2015-03-24-23:30:18.358 [main] DEBUG LemmingAgent - Lemming Agent created.
2015-03-24-23:30:18.358 [main] DEBUG EntityFactory - Creating WorldEntity : 'LemmingBody'.
2015-03-24-23:30:18.359 [main] DEBUG LemmingAgent - Creation of the Lemming Agent...
2015-03-24-23:30:18.359 [main] DEBUG LemmingAgent - Lemming Agent created.
2015-03-24-23:30:18.359 [main] DEBUG Simulation - Simulation instantiated.
2015-03-24-23:31:33.429 [main] DEBUG KeyboardController - [f]
2015-03-24-23:32:39.065 [main] DEBUG KeyboardController - [f]
2015-03-24-23:32:44.323 [main] INFO  Main - Main terminated
2015-03-24-23:40:51.208 [main] DEBUG FileUtils - Log file initialized.
2015-03-24-23:40:51.211 [main] INFO  Main - Main launched.
2015-03-24-23:40:51.212 [main] DEBUG Simulation - Creation of the Simulation...
2015-03-24-23:40:51.213 [main] DEBUG Environment - Creation of the environment...
2015-03-24-23:40:51.213 [main] DEBUG Grid - Creation of the Grid with '0' rows and '0' columns...
2015-03-24-23:40:51.214 [main] DEBUG Grid - Grid created.
2015-03-24-23:40:51.214 [main] DEBUG PhysicsEngine - Creation of the PhysicsEngine...
2015-03-24-23:40:51.214 [main] DEBUG PhysicsEngine - PhysicsEnngine created.
2015-03-24-23:40:51.214 [main] DEBUG Environment - Environment created.
2015-03-24-23:40:51.215 [main] DEBUG EntityFactory - Creating WorldEntity : 'LemmingBody'.
2015-03-24-23:40:51.216 [main] DEBUG LemmingAgent - Creation of the Lemming Agent...
2015-03-24-23:40:51.216 [main] DEBUG LemmingAgent - Lemming Agent created.
2015-03-24-23:40:51.216 [main] DEBUG EntityFactory - Creating WorldEntity : 'LemmingBody'.
2015-03-24-23:40:51.216 [main] DEBUG LemmingAgent - Creation of the Lemming Agent...
2015-03-24-23:40:51.216 [main] DEBUG LemmingAgent - Lemming Agent created.
2015-03-24-23:40:51.217 [main] DEBUG EntityFactory - Creating WorldEntity : 'LemmingBody'.
2015-03-24-23:40:51.217 [main] DEBUG LemmingAgent - Creation of the Lemming Agent...
2015-03-24-23:40:51.217 [main] DEBUG LemmingAgent - Lemming Agent created.
2015-03-24-23:40:51.217 [main] DEBUG EntityFactory - Creating WorldEntity : 'LemmingBody'.
2015-03-24-23:40:51.217 [main] DEBUG LemmingAgent - Creation of the Lemming Agent...
2015-03-24-23:40:51.217 [main] DEBUG LemmingAgent - Lemming Agent created.
2015-03-24-23:40:51.217 [main] DEBUG EntityFactory - Creating WorldEntity : 'LemmingBody'.
2015-03-24-23:40:51.217 [main] DEBUG LemmingAgent - Creation of the Lemming Agent...
2015-03-24-23:40:51.217 [main] DEBUG LemmingAgent - Lemming Agent created.
2015-03-24-23:40:51.217 [main] DEBUG EntityFactory - Creating WorldEntity : 'LemmingBody'.
2015-03-24-23:40:51.217 [main] DEBUG LemmingAgent - Creation of the Lemming Agent...
2015-03-24-23:40:51.217 [main] DEBUG LemmingAgent - Lemming Agent created.
2015-03-24-23:40:51.218 [main] DEBUG Simulation - Simulation instantiated.
2015-03-24-23:40:51.298 [main] INFO  Main - Main terminated
2015-03-24-23:41:16.029 [main] DEBUG FileUtils - Log file initialized.
2015-03-24-23:41:16.033 [main] INFO  Main - Main launched.
2015-03-24-23:41:16.034 [main] DEBUG Simulation - Creation of the Simulation...
2015-03-24-23:41:16.035 [main] DEBUG Environment - Creation of the environment...
2015-03-24-23:41:16.036 [main] DEBUG Grid - Creation of the Grid with '0' rows and '0' columns...
2015-03-24-23:41:16.036 [main] DEBUG Grid - Grid created.
2015-03-24-23:41:16.037 [main] DEBUG PhysicsEngine - Creation of the PhysicsEngine...
2015-03-24-23:41:16.037 [main] DEBUG PhysicsEngine - PhysicsEnngine created.
2015-03-24-23:41:16.037 [main] DEBUG Environment - Environment created.
2015-03-24-23:41:16.038 [main] DEBUG EntityFactory - Creating WorldEntity : 'LemmingBody'.
2015-03-24-23:41:16.039 [main] DEBUG LemmingAgent - Creation of the Lemming Agent...
2015-03-24-23:41:16.039 [main] DEBUG LemmingAgent - Lemming Agent created.
2015-03-24-23:41:16.039 [main] DEBUG EntityFactory - Creating WorldEntity : 'LemmingBody'.
2015-03-24-23:41:16.039 [main] DEBUG LemmingAgent - Creation of the Lemming Agent...
2015-03-24-23:41:16.040 [main] DEBUG LemmingAgent - Lemming Agent created.
2015-03-24-23:41:16.040 [main] DEBUG EntityFactory - Creating WorldEntity : 'LemmingBody'.
2015-03-24-23:41:16.040 [main] DEBUG LemmingAgent - Creation of the Lemming Agent...
2015-03-24-23:41:16.040 [main] DEBUG LemmingAgent - Lemming Agent created.
2015-03-24-23:41:16.040 [main] DEBUG EntityFactory - Creating WorldEntity : 'LemmingBody'.
2015-03-24-23:41:16.040 [main] DEBUG LemmingAgent - Creation of the Lemming Agent...
2015-03-24-23:41:16.040 [main] DEBUG LemmingAgent - Lemming Agent created.
2015-03-24-23:41:16.040 [main] DEBUG EntityFactory - Creating WorldEntity : 'LemmingBody'.
2015-03-24-23:41:16.041 [main] DEBUG LemmingAgent - Creation of the Lemming Agent...
2015-03-24-23:41:16.041 [main] DEBUG LemmingAgent - Lemming Agent created.
2015-03-24-23:41:16.041 [main] DEBUG EntityFactory - Creating WorldEntity : 'LemmingBody'.
2015-03-24-23:41:16.041 [main] DEBUG LemmingAgent - Creation of the Lemming Agent...
2015-03-24-23:41:16.041 [main] DEBUG LemmingAgent - Lemming Agent created.
2015-03-24-23:41:16.041 [main] DEBUG Simulation - Simulation instantiated.
2015-03-24-23:41:17.994 [AWT-EventQueue-0] DEBUG MouseController - Mouse entered in window.
2015-03-24-23:41:18.565 [AWT-EventQueue-0] DEBUG MouseController - Mouse button '1' pressed.
2015-03-24-23:41:18.594 [AWT-EventQueue-0] DEBUG MouseController - Mouse button '1' released.
2015-03-24-23:41:18.595 [AWT-EventQueue-0] DEBUG MouseController - Mouse clicked with '1'
2015-03-24-23:41:21.845 [AWT-EventQueue-0] DEBUG MouseController - Mouse exited window.
2015-03-24-23:42:09.770 [main] DEBUG FileUtils - Log file initialized.
2015-03-24-23:42:09.773 [main] INFO  Main - Main launched.
2015-03-24-23:42:09.774 [main] DEBUG Simulation - Creation of the Simulation...
2015-03-24-23:42:09.774 [main] DEBUG Environment - Creation of the environment...
2015-03-24-23:42:09.775 [main] DEBUG Grid - Creation of the Grid with '0' rows and '0' columns...
2015-03-24-23:42:09.775 [main] DEBUG Grid - Grid created.
2015-03-24-23:42:09.776 [main] DEBUG PhysicsEngine - Creation of the PhysicsEngine...
2015-03-24-23:42:09.776 [main] DEBUG PhysicsEngine - PhysicsEnngine created.
2015-03-24-23:42:09.776 [main] DEBUG Environment - Environment created.
2015-03-24-23:42:09.776 [main] DEBUG EntityFactory - Creating WorldEntity : 'LemmingBody'.
2015-03-24-23:42:09.777 [main] DEBUG LemmingAgent - Creation of the Lemming Agent...
2015-03-24-23:42:09.778 [main] DEBUG LemmingAgent - Lemming Agent created.
2015-03-24-23:42:09.778 [main] DEBUG EntityFactory - Creating WorldEntity : 'LemmingBody'.
2015-03-24-23:42:09.778 [main] DEBUG LemmingAgent - Creation of the Lemming Agent...
2015-03-24-23:42:09.778 [main] DEBUG LemmingAgent - Lemming Agent created.
2015-03-24-23:42:09.778 [main] DEBUG EntityFactory - Creating WorldEntity : 'LemmingBody'.
2015-03-24-23:42:09.778 [main] DEBUG LemmingAgent - Creation of the Lemming Agent...
2015-03-24-23:42:09.778 [main] DEBUG LemmingAgent - Lemming Agent created.
2015-03-24-23:42:09.778 [main] DEBUG EntityFactory - Creating WorldEntity : 'LemmingBody'.
2015-03-24-23:42:09.778 [main] DEBUG LemmingAgent - Creation of the Lemming Agent...
2015-03-24-23:42:09.778 [main] DEBUG LemmingAgent - Lemming Agent created.
2015-03-24-23:42:09.778 [main] DEBUG EntityFactory - Creating WorldEntity : 'LemmingBody'.
2015-03-24-23:42:09.779 [main] DEBUG LemmingAgent - Creation of the Lemming Agent...
2015-03-24-23:42:09.779 [main] DEBUG LemmingAgent - Lemming Agent created.
2015-03-24-23:42:09.779 [main] DEBUG EntityFactory - Creating WorldEntity : 'LemmingBody'.
2015-03-24-23:42:09.779 [main] DEBUG LemmingAgent - Creation of the Lemming Agent...
2015-03-24-23:42:09.779 [main] DEBUG LemmingAgent - Lemming Agent created.
2015-03-24-23:42:09.779 [main] DEBUG Simulation - Simulation instantiated.
2015-03-24-23:42:09.851 [main] DEBUG KeyboardController - [f]
2015-03-24-23:42:14.105 [AWT-EventQueue-0] DEBUG MouseController - Mouse entered in window.
2015-03-24-23:42:16.138 [AWT-EventQueue-0] DEBUG MouseController - Mouse exited window.
2015-03-24-23:42:26.405 [main] DEBUG FileUtils - Log file initialized.
2015-03-24-23:42:26.408 [main] INFO  Main - Main launched.
2015-03-24-23:42:26.410 [main] DEBUG Simulation - Creation of the Simulation...
2015-03-24-23:42:26.410 [main] DEBUG Environment - Creation of the environment...
2015-03-24-23:42:26.411 [main] DEBUG Grid - Creation of the Grid with '0' rows and '0' columns...
2015-03-24-23:42:26.411 [main] DEBUG Grid - Grid created.
2015-03-24-23:42:26.411 [main] DEBUG PhysicsEngine - Creation of the PhysicsEngine...
2015-03-24-23:42:26.412 [main] DEBUG PhysicsEngine - PhysicsEnngine created.
2015-03-24-23:42:26.412 [main] DEBUG Environment - Environment created.
2015-03-24-23:42:26.412 [main] DEBUG EntityFactory - Creating WorldEntity : 'LemmingBody'.
2015-03-24-23:42:26.413 [main] DEBUG LemmingAgent - Creation of the Lemming Agent...
2015-03-24-23:42:26.413 [main] DEBUG LemmingAgent - Lemming Agent created.
2015-03-24-23:42:26.414 [main] DEBUG EntityFactory - Creating WorldEntity : 'LemmingBody'.
2015-03-24-23:42:26.414 [main] DEBUG LemmingAgent - Creation of the Lemming Agent...
2015-03-24-23:42:26.414 [main] DEBUG LemmingAgent - Lemming Agent created.
2015-03-24-23:42:26.414 [main] DEBUG EntityFactory - Creating WorldEntity : 'LemmingBody'.
2015-03-24-23:42:26.414 [main] DEBUG LemmingAgent - Creation of the Lemming Agent...
2015-03-24-23:42:26.414 [main] DEBUG LemmingAgent - Lemming Agent created.
2015-03-24-23:42:26.414 [main] DEBUG EntityFactory - Creating WorldEntity : 'LemmingBody'.
2015-03-24-23:42:26.414 [main] DEBUG LemmingAgent - Creation of the Lemming Agent...
2015-03-24-23:42:26.414 [main] DEBUG LemmingAgent - Lemming Agent created.
2015-03-24-23:42:26.414 [main] DEBUG EntityFactory - Creating WorldEntity : 'LemmingBody'.
2015-03-24-23:42:26.414 [main] DEBUG LemmingAgent - Creation of the Lemming Agent...
2015-03-24-23:42:26.415 [main] DEBUG LemmingAgent - Lemming Agent created.
2015-03-24-23:42:26.415 [main] DEBUG EntityFactory - Creating WorldEntity : 'LemmingBody'.
2015-03-24-23:42:26.415 [main] DEBUG LemmingAgent - Creation of the Lemming Agent...
2015-03-24-23:42:26.415 [main] DEBUG LemmingAgent - Lemming Agent created.
2015-03-24-23:42:26.415 [main] DEBUG Simulation - Simulation instantiated.
2015-03-24-23:42:26.493 [main] DEBUG KeyboardController - [f]
2015-03-24-23:42:26.493 [main] DEBUG KeyboardController - [typed f, typed  ]
2015-03-24-23:42:33.614 [AWT-EventQueue-0] DEBUG MouseController - Mouse entered in window.
2015-03-24-23:42:34.019 [AWT-EventQueue-0] DEBUG MouseController - Mouse button '1' pressed.
2015-03-24-23:42:34.054 [AWT-EventQueue-0] DEBUG MouseController - Mouse button '1' released.
2015-03-24-23:42:34.054 [AWT-EventQueue-0] DEBUG MouseController - Mouse clicked with '1'
2015-03-24-23:42:40.906 [AWT-EventQueue-0] DEBUG MouseController - Mouse exited window.
2015-03-24-23:42:41.492 [AWT-EventQueue-0] DEBUG MouseController - Mouse entered in window.
2015-03-24-23:42:41.696 [AWT-EventQueue-0] DEBUG MouseController - Mouse exited window.
2015-03-24-23:43:06.790 [main] DEBUG FileUtils - Log file initialized.
2015-03-24-23:43:06.792 [main] INFO  Main - Main launched.
2015-03-24-23:43:06.793 [main] DEBUG Simulation - Creation of the Simulation...
2015-03-24-23:43:06.794 [main] DEBUG Environment - Creation of the environment...
2015-03-24-23:43:06.794 [main] DEBUG Grid - Creation of the Grid with '0' rows and '0' columns...
2015-03-24-23:43:06.795 [main] DEBUG Grid - Grid created.
2015-03-24-23:43:06.795 [main] DEBUG PhysicsEngine - Creation of the PhysicsEngine...
2015-03-24-23:43:06.795 [main] DEBUG PhysicsEngine - PhysicsEnngine created.
2015-03-24-23:43:06.796 [main] DEBUG Environment - Environment created.
2015-03-24-23:43:06.796 [main] DEBUG EntityFactory - Creating WorldEntity : 'LemmingBody'.
2015-03-24-23:43:06.797 [main] DEBUG LemmingAgent - Creation of the Lemming Agent...
2015-03-24-23:43:06.797 [main] DEBUG LemmingAgent - Lemming Agent created.
2015-03-24-23:43:06.797 [main] DEBUG EntityFactory - Creating WorldEntity : 'LemmingBody'.
2015-03-24-23:43:06.797 [main] DEBUG LemmingAgent - Creation of the Lemming Agent...
2015-03-24-23:43:06.798 [main] DEBUG LemmingAgent - Lemming Agent created.
2015-03-24-23:43:06.798 [main] DEBUG EntityFactory - Creating WorldEntity : 'LemmingBody'.
2015-03-24-23:43:06.798 [main] DEBUG LemmingAgent - Creation of the Lemming Agent...
2015-03-24-23:43:06.798 [main] DEBUG LemmingAgent - Lemming Agent created.
2015-03-24-23:43:06.798 [main] DEBUG EntityFactory - Creating WorldEntity : 'LemmingBody'.
2015-03-24-23:43:06.798 [main] DEBUG LemmingAgent - Creation of the Lemming Agent...
2015-03-24-23:43:06.798 [main] DEBUG LemmingAgent - Lemming Agent created.
2015-03-24-23:43:06.798 [main] DEBUG EntityFactory - Creating WorldEntity : 'LemmingBody'.
2015-03-24-23:43:06.798 [main] DEBUG LemmingAgent - Creation of the Lemming Agent...
2015-03-24-23:43:06.798 [main] DEBUG LemmingAgent - Lemming Agent created.
2015-03-24-23:43:06.798 [main] DEBUG EntityFactory - Creating WorldEntity : 'LemmingBody'.
2015-03-24-23:43:06.798 [main] DEBUG LemmingAgent - Creation of the Lemming Agent...
2015-03-24-23:43:06.799 [main] DEBUG LemmingAgent - Lemming Agent created.
2015-03-24-23:43:06.799 [main] DEBUG Simulation - Simulation instantiated.
2015-03-24-23:43:06.871 [main] DEBUG KeyboardController - [f]
2015-03-24-23:43:06.872 [main] DEBUG KeyboardController - [typed f, typed  ]
2015-03-24-23:43:09.347 [AWT-EventQueue-0] DEBUG MouseController - Mouse entered in window.
2015-03-24-23:43:09.525 [AWT-EventQueue-0] DEBUG MouseController - Mouse button '1' pressed.
2015-03-24-23:43:09.631 [AWT-EventQueue-0] DEBUG MouseController - Mouse button '1' released.
2015-03-24-23:43:09.631 [AWT-EventQueue-0] DEBUG MouseController - Mouse clicked with '1'
2015-03-24-23:44:03.720 [main] DEBUG FileUtils - Log file initialized.
2015-03-24-23:44:03.723 [main] INFO  Main - Main launched.
2015-03-24-23:44:03.724 [main] DEBUG Simulation - Creation of the Simulation...
2015-03-24-23:44:03.724 [main] DEBUG Environment - Creation of the environment...
2015-03-24-23:44:03.725 [main] DEBUG Grid - Creation of the Grid with '0' rows and '0' columns...
2015-03-24-23:44:03.725 [main] DEBUG Grid - Grid created.
2015-03-24-23:44:03.725 [main] DEBUG PhysicsEngine - Creation of the PhysicsEngine...
2015-03-24-23:44:03.725 [main] DEBUG PhysicsEngine - PhysicsEnngine created.
2015-03-24-23:44:03.726 [main] DEBUG Environment - Environment created.
2015-03-24-23:44:03.726 [main] DEBUG EntityFactory - Creating WorldEntity : 'LemmingBody'.
2015-03-24-23:44:03.727 [main] DEBUG LemmingAgent - Creation of the Lemming Agent...
2015-03-24-23:44:03.727 [main] DEBUG LemmingAgent - Lemming Agent created.
2015-03-24-23:44:03.727 [main] DEBUG EntityFactory - Creating WorldEntity : 'LemmingBody'.
2015-03-24-23:44:03.728 [main] DEBUG LemmingAgent - Creation of the Lemming Agent...
2015-03-24-23:44:03.728 [main] DEBUG LemmingAgent - Lemming Agent created.
2015-03-24-23:44:03.728 [main] DEBUG EntityFactory - Creating WorldEntity : 'LemmingBody'.
2015-03-24-23:44:03.728 [main] DEBUG LemmingAgent - Creation of the Lemming Agent...
2015-03-24-23:44:03.728 [main] DEBUG LemmingAgent - Lemming Agent created.
2015-03-24-23:44:03.728 [main] DEBUG EntityFactory - Creating WorldEntity : 'LemmingBody'.
2015-03-24-23:44:03.728 [main] DEBUG LemmingAgent - Creation of the Lemming Agent...
2015-03-24-23:44:03.728 [main] DEBUG LemmingAgent - Lemming Agent created.
2015-03-24-23:44:03.728 [main] DEBUG EntityFactory - Creating WorldEntity : 'LemmingBody'.
2015-03-24-23:44:03.728 [main] DEBUG LemmingAgent - Creation of the Lemming Agent...
2015-03-24-23:44:03.728 [main] DEBUG LemmingAgent - Lemming Agent created.
2015-03-24-23:44:03.729 [main] DEBUG EntityFactory - Creating WorldEntity : 'LemmingBody'.
2015-03-24-23:44:03.729 [main] DEBUG LemmingAgent - Creation of the Lemming Agent...
2015-03-24-23:44:03.729 [main] DEBUG LemmingAgent - Lemming Agent created.
2015-03-24-23:44:03.729 [main] DEBUG Simulation - Simulation instantiated.
2015-03-24-23:44:03.796 [main] DEBUG KeyboardController - [f]
2015-03-24-23:44:03.796 [main] DEBUG KeyboardController - [typed f, typed  ]
2015-03-24-23:44:05.621 [AWT-EventQueue-0] DEBUG MouseController - Mouse entered in window.
2015-03-24-23:44:06.966 [AWT-EventQueue-0] DEBUG MouseController - Mouse button '1' pressed.
2015-03-24-23:44:06.981 [AWT-EventQueue-0] DEBUG MouseController - Mouse button '1' released.
2015-03-24-23:44:06.981 [AWT-EventQueue-0] DEBUG MouseController - Mouse clicked with '1'
2015-03-24-23:45:00.081 [main] DEBUG FileUtils - Log file initialized.
2015-03-24-23:45:00.083 [main] INFO  Main - Main launched.
2015-03-24-23:45:00.084 [main] DEBUG Simulation - Creation of the Simulation...
2015-03-24-23:45:00.085 [main] DEBUG Environment - Creation of the environment...
2015-03-24-23:45:00.085 [main] DEBUG Grid - Creation of the Grid with '0' rows and '0' columns...
2015-03-24-23:45:00.086 [main] DEBUG Grid - Grid created.
2015-03-24-23:45:00.086 [main] DEBUG PhysicsEngine - Creation of the PhysicsEngine...
2015-03-24-23:45:00.086 [main] DEBUG PhysicsEngine - PhysicsEnngine created.
2015-03-24-23:45:00.086 [main] DEBUG Environment - Environment created.
2015-03-24-23:45:00.087 [main] DEBUG EntityFactory - Creating WorldEntity : 'LemmingBody'.
2015-03-24-23:45:00.088 [main] DEBUG LemmingAgent - Creation of the Lemming Agent...
2015-03-24-23:45:00.088 [main] DEBUG LemmingAgent - Lemming Agent created.
2015-03-24-23:45:00.088 [main] DEBUG EntityFactory - Creating WorldEntity : 'LemmingBody'.
2015-03-24-23:45:00.088 [main] DEBUG LemmingAgent - Creation of the Lemming Agent...
2015-03-24-23:45:00.088 [main] DEBUG LemmingAgent - Lemming Agent created.
2015-03-24-23:45:00.089 [main] DEBUG EntityFactory - Creating WorldEntity : 'LemmingBody'.
2015-03-24-23:45:00.089 [main] DEBUG LemmingAgent - Creation of the Lemming Agent...
2015-03-24-23:45:00.089 [main] DEBUG LemmingAgent - Lemming Agent created.
2015-03-24-23:45:00.089 [main] DEBUG EntityFactory - Creating WorldEntity : 'LemmingBody'.
2015-03-24-23:45:00.089 [main] DEBUG LemmingAgent - Creation of the Lemming Agent...
2015-03-24-23:45:00.089 [main] DEBUG LemmingAgent - Lemming Agent created.
2015-03-24-23:45:00.089 [main] DEBUG EntityFactory - Creating WorldEntity : 'LemmingBody'.
2015-03-24-23:45:00.089 [main] DEBUG LemmingAgent - Creation of the Lemming Agent...
2015-03-24-23:45:00.089 [main] DEBUG LemmingAgent - Lemming Agent created.
2015-03-24-23:45:00.089 [main] DEBUG EntityFactory - Creating WorldEntity : 'LemmingBody'.
2015-03-24-23:45:00.090 [main] DEBUG LemmingAgent - Creation of the Lemming Agent...
2015-03-24-23:45:00.090 [main] DEBUG LemmingAgent - Lemming Agent created.
2015-03-24-23:45:00.090 [main] DEBUG Simulation - Simulation instantiated.
2015-03-24-23:45:00.159 [main] DEBUG KeyboardController - [f]
2015-03-24-23:45:00.160 [main] DEBUG KeyboardController - [typed f, typed  ]
2015-03-24-23:45:01.374 [AWT-EventQueue-0] DEBUG KeyboardController - ----------------------------------------------------
hello
2015-03-24-23:45:01.702 [AWT-EventQueue-0] DEBUG KeyboardController - ----------------------------------------------------
hello
2015-03-24-23:45:02.269 [AWT-EventQueue-0] DEBUG KeyboardController - ----------------------------------------------------
hello
2015-03-24-23:45:02.711 [AWT-EventQueue-0] DEBUG KeyboardController - ----------------------------------------------------
hello
2015-03-24-23:45:04.825 [AWT-EventQueue-0] DEBUG KeyboardController - ----------------------------------------------------
hello
2015-03-24-23:45:04.991 [AWT-EventQueue-0] DEBUG KeyboardController - ----------------------------------------------------
hello
2015-03-24-23:59:24.898 [main] DEBUG FileUtils - Log file initialized.
2015-03-24-23:59:24.900 [main] INFO  Main - Main launched.
2015-03-24-23:59:24.901 [main] DEBUG Simulation - Creation of the Simulation...
2015-03-24-23:59:24.902 [main] DEBUG Environment - Creation of the environment...
2015-03-24-23:59:24.903 [main] DEBUG Grid - Creation of the Grid with '0' rows and '0' columns...
2015-03-24-23:59:24.903 [main] DEBUG Grid - Grid created.
2015-03-24-23:59:24.903 [main] DEBUG PhysicsEngine - Creation of the PhysicsEngine...
2015-03-24-23:59:24.903 [main] DEBUG PhysicsEngine - PhysicsEnngine created.
2015-03-24-23:59:24.904 [main] DEBUG Environment - Environment created.
2015-03-24-23:59:24.904 [main] DEBUG EntityFactory - Creating WorldEntity : 'LemmingBody'.
2015-03-24-23:59:24.905 [main] DEBUG LemmingAgent - Creation of the Lemming Agent...
2015-03-24-23:59:24.905 [main] DEBUG LemmingAgent - Lemming Agent created.
2015-03-24-23:59:24.905 [main] DEBUG EntityFactory - Creating WorldEntity : 'LemmingBody'.
2015-03-24-23:59:24.906 [main] DEBUG LemmingAgent - Creation of the Lemming Agent...
2015-03-24-23:59:24.906 [main] DEBUG LemmingAgent - Lemming Agent created.
2015-03-24-23:59:24.906 [main] DEBUG EntityFactory - Creating WorldEntity : 'LemmingBody'.
2015-03-24-23:59:24.906 [main] DEBUG LemmingAgent - Creation of the Lemming Agent...
2015-03-24-23:59:24.906 [main] DEBUG LemmingAgent - Lemming Agent created.
2015-03-24-23:59:24.906 [main] DEBUG EntityFactory - Creating WorldEntity : 'LemmingBody'.
2015-03-24-23:59:24.906 [main] DEBUG LemmingAgent - Creation of the Lemming Agent...
2015-03-24-23:59:24.906 [main] DEBUG LemmingAgent - Lemming Agent created.
2015-03-24-23:59:24.906 [main] DEBUG EntityFactory - Creating WorldEntity : 'LemmingBody'.
2015-03-24-23:59:24.906 [main] DEBUG LemmingAgent - Creation of the Lemming Agent...
2015-03-24-23:59:24.906 [main] DEBUG LemmingAgent - Lemming Agent created.
2015-03-24-23:59:24.906 [main] DEBUG EntityFactory - Creating WorldEntity : 'LemmingBody'.
2015-03-24-23:59:24.907 [main] DEBUG LemmingAgent - Creation of the Lemming Agent...
2015-03-24-23:59:24.907 [main] DEBUG LemmingAgent - Lemming Agent created.
2015-03-24-23:59:24.907 [main] DEBUG Simulation - Simulation instantiated.
2015-03-24-23:59:26.257 [AWT-EventQueue-0] DEBUG MouseController - Mouse entered in window.
2015-03-24-23:59:26.472 [AWT-EventQueue-0] DEBUG MouseController - Mouse button '1' pressed.
2015-03-24-23:59:26.521 [AWT-EventQueue-0] DEBUG MouseController - Mouse button '1' released.
2015-03-24-23:59:26.521 [AWT-EventQueue-0] DEBUG MouseController - Mouse clicked with '1'
2015-03-24-23:59:28.661 [AWT-EventQueue-0] DEBUG MouseController - Mouse exited window.
2015-03-24-23:59:38.284 [main] DEBUG FileUtils - Log file initialized.
2015-03-24-23:59:38.287 [main] INFO  Main - Main launched.
2015-03-24-23:59:38.288 [main] DEBUG Simulation - Creation of the Simulation...
2015-03-24-23:59:38.288 [main] DEBUG Environment - Creation of the environment...
2015-03-24-23:59:38.289 [main] DEBUG Grid - Creation of the Grid with '0' rows and '0' columns...
2015-03-24-23:59:38.289 [main] DEBUG Grid - Grid created.
2015-03-24-23:59:38.290 [main] DEBUG PhysicsEngine - Creation of the PhysicsEngine...
2015-03-24-23:59:38.290 [main] DEBUG PhysicsEngine - PhysicsEnngine created.
2015-03-24-23:59:38.290 [main] DEBUG Environment - Environment created.
2015-03-24-23:59:38.290 [main] DEBUG EntityFactory - Creating WorldEntity : 'LemmingBody'.
2015-03-24-23:59:38.291 [main] DEBUG LemmingAgent - Creation of the Lemming Agent...
2015-03-24-23:59:38.292 [main] DEBUG LemmingAgent - Lemming Agent created.
2015-03-24-23:59:38.292 [main] DEBUG EntityFactory - Creating WorldEntity : 'LemmingBody'.
2015-03-24-23:59:38.292 [main] DEBUG LemmingAgent - Creation of the Lemming Agent...
2015-03-24-23:59:38.292 [main] DEBUG LemmingAgent - Lemming Agent created.
2015-03-24-23:59:38.292 [main] DEBUG EntityFactory - Creating WorldEntity : 'LemmingBody'.
2015-03-24-23:59:38.292 [main] DEBUG LemmingAgent - Creation of the Lemming Agent...
2015-03-24-23:59:38.292 [main] DEBUG LemmingAgent - Lemming Agent created.
2015-03-24-23:59:38.292 [main] DEBUG EntityFactory - Creating WorldEntity : 'LemmingBody'.
2015-03-24-23:59:38.292 [main] DEBUG LemmingAgent - Creation of the Lemming Agent...
2015-03-24-23:59:38.292 [main] DEBUG LemmingAgent - Lemming Agent created.
2015-03-24-23:59:38.293 [main] DEBUG EntityFactory - Creating WorldEntity : 'LemmingBody'.
2015-03-24-23:59:38.293 [main] DEBUG LemmingAgent - Creation of the Lemming Agent...
2015-03-24-23:59:38.293 [main] DEBUG LemmingAgent - Lemming Agent created.
2015-03-24-23:59:38.293 [main] DEBUG EntityFactory - Creating WorldEntity : 'LemmingBody'.
2015-03-24-23:59:38.293 [main] DEBUG LemmingAgent - Creation of the Lemming Agent...
2015-03-24-23:59:38.293 [main] DEBUG LemmingAgent - Lemming Agent created.
2015-03-24-23:59:38.293 [main] DEBUG Simulation - Simulation instantiated.
2015-03-24-23:59:39.873 [AWT-EventQueue-0] DEBUG MouseController - Mouse entered in window.
2015-03-24-23:59:40.008 [AWT-EventQueue-0] DEBUG MouseController - Mouse button '1' pressed.
2015-03-24-23:59:40.059 [AWT-EventQueue-0] DEBUG MouseController - Mouse button '1' released.
2015-03-24-23:59:40.059 [AWT-EventQueue-0] DEBUG MouseController - Mouse clicked with '1'
2015-03-24-23:59:50.982 [main] DEBUG FileUtils - Log file initialized.
2015-03-24-23:59:50.984 [main] INFO  Main - Main launched.
2015-03-24-23:59:50.985 [main] DEBUG Simulation - Creation of the Simulation...
2015-03-24-23:59:50.986 [main] DEBUG Environment - Creation of the environment...
2015-03-24-23:59:50.987 [main] DEBUG Grid - Creation of the Grid with '0' rows and '0' columns...
2015-03-24-23:59:50.987 [main] DEBUG Grid - Grid created.
2015-03-24-23:59:50.987 [main] DEBUG PhysicsEngine - Creation of the PhysicsEngine...
2015-03-24-23:59:50.987 [main] DEBUG PhysicsEngine - PhysicsEnngine created.
2015-03-24-23:59:50.988 [main] DEBUG Environment - Environment created.
2015-03-24-23:59:50.988 [main] DEBUG EntityFactory - Creating WorldEntity : 'LemmingBody'.
2015-03-24-23:59:50.989 [main] DEBUG LemmingAgent - Creation of the Lemming Agent...
2015-03-24-23:59:50.989 [main] DEBUG LemmingAgent - Lemming Agent created.
2015-03-24-23:59:50.989 [main] DEBUG EntityFactory - Creating WorldEntity : 'LemmingBody'.
2015-03-24-23:59:50.989 [main] DEBUG LemmingAgent - Creation of the Lemming Agent...
2015-03-24-23:59:50.990 [main] DEBUG LemmingAgent - Lemming Agent created.
2015-03-24-23:59:50.990 [main] DEBUG EntityFactory - Creating WorldEntity : 'LemmingBody'.
2015-03-24-23:59:50.990 [main] DEBUG LemmingAgent - Creation of the Lemming Agent...
2015-03-24-23:59:50.990 [main] DEBUG LemmingAgent - Lemming Agent created.
2015-03-24-23:59:50.990 [main] DEBUG EntityFactory - Creating WorldEntity : 'LemmingBody'.
2015-03-24-23:59:50.990 [main] DEBUG LemmingAgent - Creation of the Lemming Agent...
2015-03-24-23:59:50.990 [main] DEBUG LemmingAgent - Lemming Agent created.
2015-03-24-23:59:50.990 [main] DEBUG EntityFactory - Creating WorldEntity : 'LemmingBody'.
2015-03-24-23:59:50.990 [main] DEBUG LemmingAgent - Creation of the Lemming Agent...
2015-03-24-23:59:50.990 [main] DEBUG LemmingAgent - Lemming Agent created.
2015-03-24-23:59:50.990 [main] DEBUG EntityFactory - Creating WorldEntity : 'LemmingBody'.
2015-03-24-23:59:50.990 [main] DEBUG LemmingAgent - Creation of the Lemming Agent...
2015-03-24-23:59:50.991 [main] DEBUG LemmingAgent - Lemming Agent created.
2015-03-24-23:59:50.991 [main] DEBUG Simulation - Simulation instantiated.
2015-03-24-23:59:51.205 [AWT-EventQueue-0] DEBUG MouseController - Mouse entered in window.
2015-03-24-23:59:52.887 [AWT-EventQueue-0] DEBUG MouseController - Mouse button '1' pressed.
2015-03-24-23:59:52.900 [AWT-EventQueue-0] DEBUG MouseController - Mouse button '1' released.
2015-03-24-23:59:52.900 [AWT-EventQueue-0] DEBUG MouseController - Mouse clicked with '1'
