2015-03-20-09:16:21.223 [main] DEBUG FileUtils - Log file initialized.
2015-03-20-09:16:21.234 [main] DEBUG Main - Main launched.
2015-03-20-09:16:21.235 [main] DEBUG Simulation - Creation of the Simulation
2015-03-20-09:16:21.235 [main] DEBUG Environment - Creation of the environment.
2015-03-20-09:16:21.236 [main] DEBUG GameGrid - Creation of the GameGrid with '0' rows and '0' columns.
2015-03-20-09:16:21.236 [main] DEBUG GameGrid - GameGrid created.
2015-03-20-09:16:21.237 [main] DEBUG PhysicsEngine - Creation of the PhysicsEngine.
2015-03-20-09:16:21.237 [main] DEBUG PhysicsEngine - PhysicsEnngine created.
2015-03-20-09:16:21.237 [main] DEBUG Environment - Environment created.
2015-03-20-09:16:21.237 [main] DEBUG EntityFactory - Creating WorldEntity : 'LemmingBody'.
2015-03-20-09:16:21.238 [main] DEBUG EntityFactory - Creating WorldEntity : 'LemmingBody'.
2015-03-20-09:16:21.238 [main] DEBUG EntityFactory - Creating WorldEntity : 'LemmingBody'.
2015-03-20-09:16:21.239 [main] DEBUG EntityFactory - Creating WorldEntity : 'LemmingBody'.
2015-03-20-09:16:21.239 [main] DEBUG EntityFactory - Creating WorldEntity : 'LemmingBody'.
2015-03-20-09:16:21.239 [main] DEBUG EntityFactory - Creating WorldEntity : 'LemmingBody'.
2015-03-20-09:16:21.239 [main] DEBUG Simulation - Simulation instantiated.
2015-03-20-09:19:19.543 [main] DEBUG FileUtils - Log file initialized.
2015-03-20-09:19:19.546 [main] DEBUG Main - Main launched.
2015-03-20-09:19:19.547 [main] DEBUG Simulation - Creation of the Simulation
2015-03-20-09:19:19.547 [main] DEBUG Environment - Creation of the environment.
2015-03-20-09:19:19.548 [main] DEBUG GameGrid - Creation of the GameGrid with '0' rows and '0' columns.
2015-03-20-09:19:19.548 [main] DEBUG GameGrid - GameGrid created.
2015-03-20-09:19:19.549 [main] DEBUG PhysicsEngine - Creation of the PhysicsEngine.
2015-03-20-09:19:19.549 [main] DEBUG PhysicsEngine - PhysicsEnngine created.
2015-03-20-09:19:19.549 [main] DEBUG Environment - Environment created.
2015-03-20-09:19:19.550 [main] DEBUG EntityFactory - Creating WorldEntity : 'LemmingBody'.
2015-03-20-09:19:19.551 [main] DEBUG EntityFactory - Creating WorldEntity : 'LemmingBody'.
2015-03-20-09:19:19.551 [main] DEBUG EntityFactory - Creating WorldEntity : 'LemmingBody'.
2015-03-20-09:19:19.551 [main] DEBUG EntityFactory - Creating WorldEntity : 'LemmingBody'.
2015-03-20-09:19:19.551 [main] DEBUG EntityFactory - Creating WorldEntity : 'LemmingBody'.
2015-03-20-09:19:19.551 [main] DEBUG EntityFactory - Creating WorldEntity : 'LemmingBody'.
2015-03-20-09:19:19.551 [main] DEBUG Simulation - Simulation instantiated.
2015-03-20-09:19:42.630 [main] DEBUG FileUtils - Log file initialized.
2015-03-20-09:19:42.632 [main] DEBUG Main - Main launched.
2015-03-20-09:19:42.633 [main] DEBUG Simulation - Creation of the Simulation
2015-03-20-09:19:42.633 [main] DEBUG Environment - Creation of the environment.
2015-03-20-09:19:42.634 [main] DEBUG GameGrid - Creation of the GameGrid with '0' rows and '0' columns.
2015-03-20-09:19:42.634 [main] DEBUG GameGrid - GameGrid created.
2015-03-20-09:19:42.635 [main] DEBUG PhysicsEngine - Creation of the PhysicsEngine.
2015-03-20-09:19:42.635 [main] DEBUG PhysicsEngine - PhysicsEnngine created.
2015-03-20-09:19:42.635 [main] DEBUG Environment - Environment created.
2015-03-20-09:19:42.635 [main] DEBUG EntityFactory - Creating WorldEntity : 'LemmingBody'.
2015-03-20-09:19:42.636 [main] DEBUG EntityFactory - Creating WorldEntity : 'LemmingBody'.
2015-03-20-09:19:42.637 [main] DEBUG EntityFactory - Creating WorldEntity : 'LemmingBody'.
2015-03-20-09:19:42.637 [main] DEBUG EntityFactory - Creating WorldEntity : 'LemmingBody'.
2015-03-20-09:19:42.637 [main] DEBUG EntityFactory - Creating WorldEntity : 'LemmingBody'.
2015-03-20-09:19:42.637 [main] DEBUG EntityFactory - Creating WorldEntity : 'LemmingBody'.
2015-03-20-09:19:42.637 [main] DEBUG Simulation - Simulation instantiated.
2015-03-20-09:34:58.253 [main] DEBUG FileUtils - Log file initialized.
2015-03-20-09:34:58.256 [main] INFO  Main - Main launched.
2015-03-20-09:34:58.257 [main] DEBUG Simulation - Creation of the Simulation...
2015-03-20-09:34:58.257 [main] DEBUG Environment - Creation of the environment...
2015-03-20-09:34:58.258 [main] DEBUG GameGrid - Creation of the GameGrid with '0' rows and '0' columns...
2015-03-20-09:34:58.258 [main] DEBUG GameGrid - GameGrid created.
2015-03-20-09:34:58.259 [main] DEBUG PhysicsEngine - Creation of the PhysicsEngine...
2015-03-20-09:34:58.259 [main] DEBUG PhysicsEngine - PhysicsEnngine created.
2015-03-20-09:34:58.259 [main] DEBUG Environment - Environment created.
2015-03-20-09:34:58.259 [main] DEBUG EntityFactory - Creating WorldEntity : 'LemmingBody'.
2015-03-20-09:34:58.260 [main] DEBUG LemmingAgent - Creation of the Lemming Agent...
2015-03-20-09:34:58.261 [main] DEBUG LemmingAgent - Lemming Agent created.
2015-03-20-09:34:58.261 [main] DEBUG EntityFactory - Creating WorldEntity : 'LemmingBody'.
2015-03-20-09:34:58.261 [main] DEBUG LemmingAgent - Creation of the Lemming Agent...
2015-03-20-09:34:58.261 [main] DEBUG LemmingAgent - Lemming Agent created.
2015-03-20-09:34:58.261 [main] DEBUG EntityFactory - Creating WorldEntity : 'LemmingBody'.
2015-03-20-09:34:58.261 [main] DEBUG LemmingAgent - Creation of the Lemming Agent...
2015-03-20-09:34:58.261 [main] DEBUG LemmingAgent - Lemming Agent created.
2015-03-20-09:34:58.262 [main] DEBUG EntityFactory - Creating WorldEntity : 'LemmingBody'.
2015-03-20-09:34:58.262 [main] DEBUG LemmingAgent - Creation of the Lemming Agent...
2015-03-20-09:34:58.262 [main] DEBUG LemmingAgent - Lemming Agent created.
2015-03-20-09:34:58.262 [main] DEBUG EntityFactory - Creating WorldEntity : 'LemmingBody'.
2015-03-20-09:34:58.262 [main] DEBUG LemmingAgent - Creation of the Lemming Agent...
2015-03-20-09:34:58.262 [main] DEBUG LemmingAgent - Lemming Agent created.
2015-03-20-09:34:58.262 [main] DEBUG EntityFactory - Creating WorldEntity : 'LemmingBody'.
2015-03-20-09:34:58.262 [main] DEBUG LemmingAgent - Creation of the Lemming Agent...
2015-03-20-09:34:58.262 [main] DEBUG LemmingAgent - Lemming Agent created.
2015-03-20-09:34:58.262 [main] DEBUG Simulation - Simulation instantiated.
2015-03-20-09:38:40.730 [main] DEBUG FileUtils - Log file initialized.
2015-03-20-09:38:40.733 [main] INFO  Main - Main launched.
2015-03-20-09:38:40.734 [main] DEBUG Simulation - Creation of the Simulation...
2015-03-20-09:38:40.734 [main] DEBUG Environment - Creation of the environment...
2015-03-20-09:38:40.735 [main] DEBUG GameGrid - Creation of the GameGrid with '0' rows and '0' columns...
2015-03-20-09:38:40.816 [main] DEBUG GameGrid - GameGrid created.
2015-03-20-09:38:40.817 [main] DEBUG PhysicsEngine - Creation of the PhysicsEngine...
2015-03-20-09:38:40.817 [main] DEBUG PhysicsEngine - PhysicsEnngine created.
2015-03-20-09:38:40.817 [main] DEBUG Environment - Environment created.
2015-03-20-09:38:40.818 [main] DEBUG EntityFactory - Creating WorldEntity : 'LemmingBody'.
2015-03-20-09:38:40.819 [main] DEBUG LemmingAgent - Creation of the Lemming Agent...
2015-03-20-09:38:40.819 [main] DEBUG LemmingAgent - Lemming Agent created.
2015-03-20-09:38:40.819 [main] DEBUG EntityFactory - Creating WorldEntity : 'LemmingBody'.
2015-03-20-09:38:40.819 [main] DEBUG LemmingAgent - Creation of the Lemming Agent...
2015-03-20-09:38:40.819 [main] DEBUG LemmingAgent - Lemming Agent created.
2015-03-20-09:38:40.820 [main] DEBUG EntityFactory - Creating WorldEntity : 'LemmingBody'.
2015-03-20-09:38:40.820 [main] DEBUG LemmingAgent - Creation of the Lemming Agent...
2015-03-20-09:38:40.820 [main] DEBUG LemmingAgent - Lemming Agent created.
2015-03-20-09:38:40.820 [main] DEBUG EntityFactory - Creating WorldEntity : 'LemmingBody'.
2015-03-20-09:38:40.820 [main] DEBUG LemmingAgent - Creation of the Lemming Agent...
2015-03-20-09:38:40.820 [main] DEBUG LemmingAgent - Lemming Agent created.
2015-03-20-09:38:40.820 [main] DEBUG EntityFactory - Creating WorldEntity : 'LemmingBody'.
2015-03-20-09:38:40.820 [main] DEBUG LemmingAgent - Creation of the Lemming Agent...
2015-03-20-09:38:40.820 [main] DEBUG LemmingAgent - Lemming Agent created.
2015-03-20-09:38:40.820 [main] DEBUG EntityFactory - Creating WorldEntity : 'LemmingBody'.
2015-03-20-09:38:40.821 [main] DEBUG LemmingAgent - Creation of the Lemming Agent...
2015-03-20-09:38:40.821 [main] DEBUG LemmingAgent - Lemming Agent created.
2015-03-20-09:38:40.821 [main] DEBUG Simulation - Simulation instantiated.
2015-03-20-09:39:18.368 [main] DEBUG FileUtils - Log file initialized.
2015-03-20-09:39:18.371 [main] INFO  Main - Main launched.
2015-03-20-09:39:18.372 [main] DEBUG Simulation - Creation of the Simulation...
2015-03-20-09:39:18.373 [main] DEBUG Environment - Creation of the environment...
2015-03-20-09:39:18.373 [main] DEBUG GameGrid - Creation of the GameGrid with '0' rows and '0' columns...
2015-03-20-09:39:18.374 [main] DEBUG GameGrid - GameGrid created.
2015-03-20-09:39:18.374 [main] DEBUG PhysicsEngine - Creation of the PhysicsEngine...
2015-03-20-09:39:18.374 [main] DEBUG PhysicsEngine - PhysicsEnngine created.
2015-03-20-09:39:18.374 [main] DEBUG Environment - Environment created.
2015-03-20-09:39:18.375 [main] DEBUG EntityFactory - Creating WorldEntity : 'LemmingBody'.
2015-03-20-09:39:18.376 [main] DEBUG LemmingAgent - Creation of the Lemming Agent...
2015-03-20-09:39:18.376 [main] DEBUG LemmingAgent - Lemming Agent created.
2015-03-20-09:39:18.376 [main] DEBUG EntityFactory - Creating WorldEntity : 'LemmingBody'.
2015-03-20-09:39:18.376 [main] DEBUG LemmingAgent - Creation of the Lemming Agent...
2015-03-20-09:39:18.376 [main] DEBUG LemmingAgent - Lemming Agent created.
2015-03-20-09:39:18.376 [main] DEBUG EntityFactory - Creating WorldEntity : 'LemmingBody'.
2015-03-20-09:39:18.377 [main] DEBUG LemmingAgent - Creation of the Lemming Agent...
2015-03-20-09:39:18.377 [main] DEBUG LemmingAgent - Lemming Agent created.
2015-03-20-09:39:18.377 [main] DEBUG EntityFactory - Creating WorldEntity : 'LemmingBody'.
2015-03-20-09:39:18.377 [main] DEBUG LemmingAgent - Creation of the Lemming Agent...
2015-03-20-09:39:18.377 [main] DEBUG LemmingAgent - Lemming Agent created.
2015-03-20-09:39:18.377 [main] DEBUG EntityFactory - Creating WorldEntity : 'LemmingBody'.
2015-03-20-09:39:18.377 [main] DEBUG LemmingAgent - Creation of the Lemming Agent...
2015-03-20-09:39:18.377 [main] DEBUG LemmingAgent - Lemming Agent created.
2015-03-20-09:39:18.377 [main] DEBUG EntityFactory - Creating WorldEntity : 'LemmingBody'.
2015-03-20-09:39:18.377 [main] DEBUG LemmingAgent - Creation of the Lemming Agent...
2015-03-20-09:39:18.377 [main] DEBUG LemmingAgent - Lemming Agent created.
2015-03-20-09:39:18.377 [main] DEBUG Simulation - Simulation instantiated.
2015-03-20-09:47:53.245 [main] DEBUG FileUtils - Log file initialized.
2015-03-20-09:47:53.248 [main] INFO  Main - Main launched.
2015-03-20-09:47:53.249 [main] DEBUG Simulation - Creation of the Simulation...
2015-03-20-09:47:53.250 [main] DEBUG Environment - Creation of the environment...
2015-03-20-09:47:53.250 [main] DEBUG GameGrid - Creation of the GameGrid with '0' rows and '0' columns...
2015-03-20-09:47:53.251 [main] DEBUG GameGrid - GameGrid created.
2015-03-20-09:47:53.251 [main] DEBUG PhysicsEngine - Creation of the PhysicsEngine...
2015-03-20-09:47:53.251 [main] DEBUG PhysicsEngine - PhysicsEnngine created.
2015-03-20-09:47:53.251 [main] DEBUG Environment - Environment created.
2015-03-20-09:47:53.252 [main] DEBUG EntityFactory - Creating WorldEntity : 'LemmingBody'.
2015-03-20-09:47:53.253 [main] DEBUG LemmingAgent - Creation of the Lemming Agent...
2015-03-20-09:47:53.253 [main] DEBUG LemmingAgent - Lemming Agent created.
2015-03-20-09:47:53.253 [main] DEBUG EntityFactory - Creating WorldEntity : 'LemmingBody'.
2015-03-20-09:47:53.253 [main] DEBUG LemmingAgent - Creation of the Lemming Agent...
2015-03-20-09:47:53.253 [main] DEBUG LemmingAgent - Lemming Agent created.
2015-03-20-09:47:53.253 [main] DEBUG EntityFactory - Creating WorldEntity : 'LemmingBody'.
2015-03-20-09:47:53.254 [main] DEBUG LemmingAgent - Creation of the Lemming Agent...
2015-03-20-09:47:53.254 [main] DEBUG LemmingAgent - Lemming Agent created.
2015-03-20-09:47:53.254 [main] DEBUG EntityFactory - Creating WorldEntity : 'LemmingBody'.
2015-03-20-09:47:53.254 [main] DEBUG LemmingAgent - Creation of the Lemming Agent...
2015-03-20-09:47:53.254 [main] DEBUG LemmingAgent - Lemming Agent created.
2015-03-20-09:47:53.254 [main] DEBUG EntityFactory - Creating WorldEntity : 'LemmingBody'.
2015-03-20-09:47:53.254 [main] DEBUG LemmingAgent - Creation of the Lemming Agent...
2015-03-20-09:47:53.254 [main] DEBUG LemmingAgent - Lemming Agent created.
2015-03-20-09:47:53.254 [main] DEBUG EntityFactory - Creating WorldEntity : 'LemmingBody'.
2015-03-20-09:47:53.254 [main] DEBUG LemmingAgent - Creation of the Lemming Agent...
2015-03-20-09:47:53.255 [main] DEBUG LemmingAgent - Lemming Agent created.
2015-03-20-09:47:53.255 [main] DEBUG Simulation - Simulation instantiated.
2015-03-20-09:57:34.587 [main] DEBUG FileUtils - Log file initialized.
2015-03-20-09:57:34.590 [main] INFO  Main - Main launched.
2015-03-20-09:57:34.591 [main] DEBUG Simulation - Creation of the Simulation...
2015-03-20-09:57:34.592 [main] DEBUG Environment - Creation of the environment...
2015-03-20-09:57:34.592 [main] DEBUG GameGrid - Creation of the GameGrid with '0' rows and '0' columns...
2015-03-20-09:57:34.592 [main] DEBUG GameGrid - GameGrid created.
2015-03-20-09:57:34.593 [main] DEBUG PhysicsEngine - Creation of the PhysicsEngine...
2015-03-20-09:57:34.593 [main] DEBUG PhysicsEngine - PhysicsEnngine created.
2015-03-20-09:57:34.593 [main] DEBUG Environment - Environment created.
2015-03-20-09:57:34.593 [main] DEBUG EntityFactory - Creating WorldEntity : 'LemmingBody'.
2015-03-20-09:57:34.594 [main] DEBUG LemmingAgent - Creation of the Lemming Agent...
2015-03-20-09:57:34.595 [main] DEBUG LemmingAgent - Lemming Agent created.
2015-03-20-09:57:34.595 [main] DEBUG EntityFactory - Creating WorldEntity : 'LemmingBody'.
2015-03-20-09:57:34.595 [main] DEBUG LemmingAgent - Creation of the Lemming Agent...
2015-03-20-09:57:34.595 [main] DEBUG LemmingAgent - Lemming Agent created.
2015-03-20-09:57:34.595 [main] DEBUG EntityFactory - Creating WorldEntity : 'LemmingBody'.
2015-03-20-09:57:34.595 [main] DEBUG LemmingAgent - Creation of the Lemming Agent...
2015-03-20-09:57:34.595 [main] DEBUG LemmingAgent - Lemming Agent created.
2015-03-20-09:57:34.595 [main] DEBUG EntityFactory - Creating WorldEntity : 'LemmingBody'.
2015-03-20-09:57:34.596 [main] DEBUG LemmingAgent - Creation of the Lemming Agent...
2015-03-20-09:57:34.596 [main] DEBUG LemmingAgent - Lemming Agent created.
2015-03-20-09:57:34.596 [main] DEBUG EntityFactory - Creating WorldEntity : 'LemmingBody'.
2015-03-20-09:57:34.596 [main] DEBUG LemmingAgent - Creation of the Lemming Agent...
2015-03-20-09:57:34.596 [main] DEBUG LemmingAgent - Lemming Agent created.
2015-03-20-09:57:34.596 [main] DEBUG EntityFactory - Creating WorldEntity : 'LemmingBody'.
2015-03-20-09:57:34.596 [main] DEBUG LemmingAgent - Creation of the Lemming Agent...
2015-03-20-09:57:34.596 [main] DEBUG LemmingAgent - Lemming Agent created.
2015-03-20-09:57:34.596 [main] DEBUG Simulation - Simulation instantiated.
2015-03-20-09:57:35.246 [AWT-EventQueue-0] DEBUG InputController - Mouse entered in window.
2015-03-20-09:57:35.561 [AWT-EventQueue-0] DEBUG InputController - Mouse button '1' pressed.
2015-03-20-09:57:35.633 [AWT-EventQueue-0] DEBUG InputController - Mouse button '1' released.
2015-03-20-09:57:35.633 [AWT-EventQueue-0] DEBUG InputController - Mouse clicked with '1'
2015-03-20-09:57:36.741 [AWT-EventQueue-0] DEBUG InputController - Mouse button '1' pressed.
2015-03-20-09:57:36.787 [AWT-EventQueue-0] DEBUG InputController - Mouse button '1' released.
2015-03-20-09:57:36.788 [AWT-EventQueue-0] DEBUG InputController - Mouse clicked with '1'
2015-03-20-09:57:37.329 [AWT-EventQueue-0] DEBUG InputController - Mouse button '3' pressed.
2015-03-20-09:57:37.427 [AWT-EventQueue-0] DEBUG InputController - Mouse button '3' released.
2015-03-20-09:57:37.427 [AWT-EventQueue-0] DEBUG InputController - Mouse clicked with '3'
2015-03-20-09:57:41.788 [AWT-EventQueue-0] DEBUG InputController - Mouse exited window.
2015-03-20-09:58:13.168 [main] DEBUG FileUtils - Log file initialized.
2015-03-20-09:58:13.170 [main] INFO  Main - Main launched.
2015-03-20-09:58:13.171 [main] DEBUG Simulation - Creation of the Simulation...
2015-03-20-09:58:13.172 [main] DEBUG Environment - Creation of the environment...
2015-03-20-09:58:13.173 [main] DEBUG GameGrid - Creation of the GameGrid with '0' rows and '0' columns...
2015-03-20-09:58:13.173 [main] DEBUG GameGrid - GameGrid created.
2015-03-20-09:58:13.173 [main] DEBUG PhysicsEngine - Creation of the PhysicsEngine...
2015-03-20-09:58:13.174 [main] DEBUG PhysicsEngine - PhysicsEnngine created.
2015-03-20-09:58:13.174 [main] DEBUG Environment - Environment created.
2015-03-20-09:58:13.174 [main] DEBUG EntityFactory - Creating WorldEntity : 'LemmingBody'.
2015-03-20-09:58:13.175 [main] DEBUG LemmingAgent - Creation of the Lemming Agent...
2015-03-20-09:58:13.175 [main] DEBUG LemmingAgent - Lemming Agent created.
2015-03-20-09:58:13.176 [main] DEBUG EntityFactory - Creating WorldEntity : 'LemmingBody'.
2015-03-20-09:58:13.176 [main] DEBUG LemmingAgent - Creation of the Lemming Agent...
2015-03-20-09:58:13.176 [main] DEBUG LemmingAgent - Lemming Agent created.
2015-03-20-09:58:13.176 [main] DEBUG EntityFactory - Creating WorldEntity : 'LemmingBody'.
2015-03-20-09:58:13.176 [main] DEBUG LemmingAgent - Creation of the Lemming Agent...
2015-03-20-09:58:13.176 [main] DEBUG LemmingAgent - Lemming Agent created.
2015-03-20-09:58:13.176 [main] DEBUG EntityFactory - Creating WorldEntity : 'LemmingBody'.
2015-03-20-09:58:13.176 [main] DEBUG LemmingAgent - Creation of the Lemming Agent...
2015-03-20-09:58:13.176 [main] DEBUG LemmingAgent - Lemming Agent created.
2015-03-20-09:58:13.176 [main] DEBUG EntityFactory - Creating WorldEntity : 'LemmingBody'.
2015-03-20-09:58:13.176 [main] DEBUG LemmingAgent - Creation of the Lemming Agent...
2015-03-20-09:58:13.176 [main] DEBUG LemmingAgent - Lemming Agent created.
2015-03-20-09:58:13.177 [main] DEBUG EntityFactory - Creating WorldEntity : 'LemmingBody'.
2015-03-20-09:58:13.177 [main] DEBUG LemmingAgent - Creation of the Lemming Agent...
2015-03-20-09:58:13.177 [main] DEBUG LemmingAgent - Lemming Agent created.
2015-03-20-09:58:13.177 [main] DEBUG Simulation - Simulation instantiated.
2015-03-20-09:58:13.672 [AWT-EventQueue-0] DEBUG InputController - Mouse entered in window.
2015-03-20-09:58:14.864 [AWT-EventQueue-0] DEBUG InputController - Mouse exited window.
2015-03-20-09:58:15.520 [AWT-EventQueue-0] DEBUG InputController - Mouse entered in window.
2015-03-20-09:58:16.032 [AWT-EventQueue-0] DEBUG InputController - Mouse exited window.
2015-03-20-09:58:16.352 [AWT-EventQueue-0] DEBUG InputController - Mouse entered in window.
2015-03-20-09:58:16.669 [AWT-EventQueue-0] DEBUG InputController - Mouse exited window.
2015-03-20-09:58:16.842 [AWT-EventQueue-0] DEBUG InputController - Mouse entered in window.
2015-03-20-09:58:17.459 [AWT-EventQueue-0] DEBUG InputController - Mouse button '1' pressed.
2015-03-20-09:58:17.505 [AWT-EventQueue-0] DEBUG InputController - Mouse button '1' released.
2015-03-20-09:58:17.505 [AWT-EventQueue-0] DEBUG InputController - Mouse clicked with '1'
2015-03-20-09:58:19.988 [AWT-EventQueue-0] DEBUG InputController - Mouse button '3' pressed.
2015-03-20-09:58:20.010 [AWT-EventQueue-0] DEBUG InputController - Mouse button '3' released.
2015-03-20-09:58:20.010 [AWT-EventQueue-0] DEBUG InputController - Mouse clicked with '3'
2015-03-20-09:58:26.523 [AWT-EventQueue-0] DEBUG InputController - Mouse exited window.
2015-03-20-09:59:11.855 [main] DEBUG FileUtils - Log file initialized.
2015-03-20-09:59:11.857 [main] INFO  Main - Main launched.
2015-03-20-09:59:11.858 [main] DEBUG Simulation - Creation of the Simulation...
2015-03-20-09:59:11.859 [main] DEBUG Environment - Creation of the environment...
2015-03-20-09:59:11.859 [main] DEBUG GameGrid - Creation of the GameGrid with '0' rows and '0' columns...
2015-03-20-09:59:11.860 [main] DEBUG GameGrid - GameGrid created.
2015-03-20-09:59:11.860 [main] DEBUG PhysicsEngine - Creation of the PhysicsEngine...
2015-03-20-09:59:11.860 [main] DEBUG PhysicsEngine - PhysicsEnngine created.
2015-03-20-09:59:11.860 [main] DEBUG Environment - Environment created.
2015-03-20-09:59:11.861 [main] DEBUG EntityFactory - Creating WorldEntity : 'LemmingBody'.
2015-03-20-09:59:11.862 [main] DEBUG LemmingAgent - Creation of the Lemming Agent...
2015-03-20-09:59:11.862 [main] DEBUG LemmingAgent - Lemming Agent created.
2015-03-20-09:59:11.862 [main] DEBUG EntityFactory - Creating WorldEntity : 'LemmingBody'.
2015-03-20-09:59:11.862 [main] DEBUG LemmingAgent - Creation of the Lemming Agent...
2015-03-20-09:59:11.862 [main] DEBUG LemmingAgent - Lemming Agent created.
2015-03-20-09:59:11.863 [main] DEBUG EntityFactory - Creating WorldEntity : 'LemmingBody'.
2015-03-20-09:59:11.863 [main] DEBUG LemmingAgent - Creation of the Lemming Agent...
2015-03-20-09:59:11.863 [main] DEBUG LemmingAgent - Lemming Agent created.
2015-03-20-09:59:11.863 [main] DEBUG EntityFactory - Creating WorldEntity : 'LemmingBody'.
2015-03-20-09:59:11.863 [main] DEBUG LemmingAgent - Creation of the Lemming Agent...
2015-03-20-09:59:11.863 [main] DEBUG LemmingAgent - Lemming Agent created.
2015-03-20-09:59:11.863 [main] DEBUG EntityFactory - Creating WorldEntity : 'LemmingBody'.
2015-03-20-09:59:11.863 [main] DEBUG LemmingAgent - Creation of the Lemming Agent...
2015-03-20-09:59:11.863 [main] DEBUG LemmingAgent - Lemming Agent created.
2015-03-20-09:59:11.863 [main] DEBUG EntityFactory - Creating WorldEntity : 'LemmingBody'.
2015-03-20-09:59:11.863 [main] DEBUG LemmingAgent - Creation of the Lemming Agent...
2015-03-20-09:59:11.863 [main] DEBUG LemmingAgent - Lemming Agent created.
2015-03-20-09:59:11.864 [main] DEBUG Simulation - Simulation instantiated.
2015-03-20-09:59:12.320 [AWT-EventQueue-0] DEBUG InputController - Mouse entered in window.
2015-03-20-09:59:13.440 [AWT-EventQueue-0] DEBUG InputController - Mouse wheel moved '1.0' 'up'.
2015-03-20-09:59:13.585 [AWT-EventQueue-0] DEBUG InputController - Mouse wheel moved '1.0' 'up'.
2015-03-20-09:59:13.684 [AWT-EventQueue-0] DEBUG InputController - Mouse wheel moved '1.0' 'up'.
2015-03-20-09:59:13.732 [AWT-EventQueue-0] DEBUG InputController - Mouse wheel moved '1.0' 'up'.
2015-03-20-09:59:13.831 [AWT-EventQueue-0] DEBUG InputController - Mouse wheel moved '1.0' 'up'.
2015-03-20-09:59:14.078 [AWT-EventQueue-0] DEBUG InputController - Mouse wheel moved '1.0' 'up'.
2015-03-20-09:59:14.717 [AWT-EventQueue-0] DEBUG InputController - Mouse wheel moved '-1.0' 'down'.
2015-03-20-09:59:14.742 [AWT-EventQueue-0] DEBUG InputController - Mouse wheel moved '-1.0' 'down'.
2015-03-20-09:59:14.815 [AWT-EventQueue-0] DEBUG InputController - Mouse wheel moved '-1.0' 'down'.
2015-03-20-09:59:14.914 [AWT-EventQueue-0] DEBUG InputController - Mouse wheel moved '-1.0' 'down'.
2015-03-20-09:59:15.036 [AWT-EventQueue-0] DEBUG InputController - Mouse wheel moved '-1.0' 'down'.
2015-03-20-09:59:15.109 [AWT-EventQueue-0] DEBUG InputController - Mouse wheel moved '-1.0' 'down'.
2015-03-20-09:59:15.182 [AWT-EventQueue-0] DEBUG InputController - Mouse wheel moved '-1.0' 'down'.
2015-03-20-09:59:15.257 [AWT-EventQueue-0] DEBUG InputController - Mouse wheel moved '-1.0' 'down'.
2015-03-20-09:59:15.404 [AWT-EventQueue-0] DEBUG InputController - Mouse wheel moved '-1.0' 'down'.
2015-03-20-09:59:15.577 [AWT-EventQueue-0] DEBUG InputController - Mouse wheel moved '-1.0' 'down'.
2015-03-20-09:59:15.821 [AWT-EventQueue-0] DEBUG InputController - Mouse wheel moved '-1.0' 'down'.
2015-03-20-10:01:07.390 [main] DEBUG FileUtils - Log file initialized.
2015-03-20-10:01:07.393 [main] INFO  Main - Main launched.
2015-03-20-10:01:07.394 [main] DEBUG Simulation - Creation of the Simulation...
2015-03-20-10:01:07.395 [main] DEBUG Environment - Creation of the environment...
2015-03-20-10:01:07.395 [main] DEBUG GameGrid - Creation of the GameGrid with '0' rows and '0' columns...
2015-03-20-10:01:07.396 [main] DEBUG GameGrid - GameGrid created.
2015-03-20-10:01:07.396 [main] DEBUG PhysicsEngine - Creation of the PhysicsEngine...
2015-03-20-10:01:07.396 [main] DEBUG PhysicsEngine - PhysicsEnngine created.
2015-03-20-10:01:07.396 [main] DEBUG Environment - Environment created.
2015-03-20-10:01:07.397 [main] DEBUG EntityFactory - Creating WorldEntity : 'LemmingBody'.
2015-03-20-10:01:07.398 [main] DEBUG LemmingAgent - Creation of the Lemming Agent...
2015-03-20-10:01:07.398 [main] DEBUG LemmingAgent - Lemming Agent created.
2015-03-20-10:01:07.398 [main] DEBUG EntityFactory - Creating WorldEntity : 'LemmingBody'.
2015-03-20-10:01:07.398 [main] DEBUG LemmingAgent - Creation of the Lemming Agent...
2015-03-20-10:01:07.398 [main] DEBUG LemmingAgent - Lemming Agent created.
2015-03-20-10:01:07.398 [main] DEBUG EntityFactory - Creating WorldEntity : 'LemmingBody'.
2015-03-20-10:01:07.399 [main] DEBUG LemmingAgent - Creation of the Lemming Agent...
2015-03-20-10:01:07.399 [main] DEBUG LemmingAgent - Lemming Agent created.
2015-03-20-10:01:07.399 [main] DEBUG EntityFactory - Creating WorldEntity : 'LemmingBody'.
2015-03-20-10:01:07.399 [main] DEBUG LemmingAgent - Creation of the Lemming Agent...
2015-03-20-10:01:07.399 [main] DEBUG LemmingAgent - Lemming Agent created.
2015-03-20-10:01:07.399 [main] DEBUG EntityFactory - Creating WorldEntity : 'LemmingBody'.
2015-03-20-10:01:07.399 [main] DEBUG LemmingAgent - Creation of the Lemming Agent...
2015-03-20-10:01:07.399 [main] DEBUG LemmingAgent - Lemming Agent created.
2015-03-20-10:01:07.399 [main] DEBUG EntityFactory - Creating WorldEntity : 'LemmingBody'.
2015-03-20-10:01:07.399 [main] DEBUG LemmingAgent - Creation of the Lemming Agent...
2015-03-20-10:01:07.399 [main] DEBUG LemmingAgent - Lemming Agent created.
2015-03-20-10:01:07.399 [main] DEBUG Simulation - Simulation instantiated.
2015-03-20-10:01:07.701 [AWT-EventQueue-0] DEBUG InputController - Key '68' pressed.
2015-03-20-10:01:07.717 [AWT-EventQueue-0] DEBUG InputController - Key '0' pressed.
2015-03-20-10:01:07.878 [AWT-EventQueue-0] DEBUG InputController - Key '68' released.
2015-03-20-10:01:07.964 [AWT-EventQueue-0] DEBUG InputController - Key '68' pressed.
2015-03-20-10:01:07.964 [AWT-EventQueue-0] DEBUG InputController - Key '0' pressed.
2015-03-20-10:01:08.111 [AWT-EventQueue-0] DEBUG InputController - Key '68' released.
2015-03-20-10:01:08.526 [AWT-EventQueue-0] DEBUG InputController - Key '68' pressed.
2015-03-20-10:01:08.527 [AWT-EventQueue-0] DEBUG InputController - Key '0' pressed.
2015-03-20-10:01:08.567 [AWT-EventQueue-0] DEBUG InputController - Key '68' released.
2015-03-20-10:01:09.073 [AWT-EventQueue-0] DEBUG InputController - Key '70' pressed.
2015-03-20-10:01:09.073 [AWT-EventQueue-0] DEBUG InputController - Key '0' pressed.
2015-03-20-10:01:09.184 [AWT-EventQueue-0] DEBUG InputController - Key '70' released.
2015-03-20-10:01:13.911 [AWT-EventQueue-0] DEBUG InputController - Key '32' pressed.
2015-03-20-10:01:13.911 [AWT-EventQueue-0] DEBUG InputController - Key '0' pressed.
2015-03-20-10:01:14.058 [AWT-EventQueue-0] DEBUG InputController - Key '32' released.
2015-03-20-10:01:15.944 [AWT-EventQueue-0] DEBUG InputController - Key '96' pressed.
2015-03-20-10:01:15.945 [AWT-EventQueue-0] DEBUG InputController - Key '0' pressed.
2015-03-20-10:01:16.018 [AWT-EventQueue-0] DEBUG InputController - Key '96' released.
2015-03-20-10:01:29.889 [AWT-EventQueue-0] DEBUG InputController - Key '18' pressed.
2015-03-20-10:02:18.058 [main] DEBUG FileUtils - Log file initialized.
2015-03-20-10:02:18.061 [main] INFO  Main - Main launched.
2015-03-20-10:02:18.062 [main] DEBUG Simulation - Creation of the Simulation...
2015-03-20-10:02:18.063 [main] DEBUG Environment - Creation of the environment...
2015-03-20-10:02:18.063 [main] DEBUG GameGrid - Creation of the GameGrid with '0' rows and '0' columns...
2015-03-20-10:02:18.064 [main] DEBUG GameGrid - GameGrid created.
2015-03-20-10:02:18.064 [main] DEBUG PhysicsEngine - Creation of the PhysicsEngine...
2015-03-20-10:02:18.064 [main] DEBUG PhysicsEngine - PhysicsEnngine created.
2015-03-20-10:02:18.064 [main] DEBUG Environment - Environment created.
2015-03-20-10:02:18.065 [main] DEBUG EntityFactory - Creating WorldEntity : 'LemmingBody'.
2015-03-20-10:02:18.066 [main] DEBUG LemmingAgent - Creation of the Lemming Agent...
2015-03-20-10:02:18.066 [main] DEBUG LemmingAgent - Lemming Agent created.
2015-03-20-10:02:18.066 [main] DEBUG EntityFactory - Creating WorldEntity : 'LemmingBody'.
2015-03-20-10:02:18.066 [main] DEBUG LemmingAgent - Creation of the Lemming Agent...
2015-03-20-10:02:18.067 [main] DEBUG LemmingAgent - Lemming Agent created.
2015-03-20-10:02:18.067 [main] DEBUG EntityFactory - Creating WorldEntity : 'LemmingBody'.
2015-03-20-10:02:18.067 [main] DEBUG LemmingAgent - Creation of the Lemming Agent...
2015-03-20-10:02:18.067 [main] DEBUG LemmingAgent - Lemming Agent created.
2015-03-20-10:02:18.067 [main] DEBUG EntityFactory - Creating WorldEntity : 'LemmingBody'.
2015-03-20-10:02:18.067 [main] DEBUG LemmingAgent - Creation of the Lemming Agent...
2015-03-20-10:02:18.067 [main] DEBUG LemmingAgent - Lemming Agent created.
2015-03-20-10:02:18.067 [main] DEBUG EntityFactory - Creating WorldEntity : 'LemmingBody'.
2015-03-20-10:02:18.067 [main] DEBUG LemmingAgent - Creation of the Lemming Agent...
2015-03-20-10:02:18.067 [main] DEBUG LemmingAgent - Lemming Agent created.
2015-03-20-10:02:18.067 [main] DEBUG EntityFactory - Creating WorldEntity : 'LemmingBody'.
2015-03-20-10:02:18.068 [main] DEBUG LemmingAgent - Creation of the Lemming Agent...
2015-03-20-10:02:18.068 [main] DEBUG LemmingAgent - Lemming Agent created.
2015-03-20-10:02:18.068 [main] DEBUG Simulation - Simulation instantiated.
2015-03-20-10:02:18.678 [AWT-EventQueue-0] DEBUG InputController - Key '70' pressed.
2015-03-20-10:02:18.679 [AWT-EventQueue-0] DEBUG InputController - Key '0' typed.
2015-03-20-10:02:18.761 [AWT-EventQueue-0] DEBUG InputController - Key '70' released.
2015-03-20-10:02:21.172 [AWT-EventQueue-0] DEBUG InputController - Key '18' pressed.
2015-03-20-12:46:25.144 [main] DEBUG FileUtils - Log file initialized.
2015-03-20-12:46:25.161 [main] INFO  Main - Main launched.
2015-03-20-12:46:25.169 [main] DEBUG Simulation - Creation of the Simulation...
2015-03-20-12:46:25.181 [main] DEBUG Environment - Creation of the environment...
2015-03-20-12:46:25.183 [main] DEBUG GameGrid - Creation of the GameGrid with '0' rows and '0' columns...
2015-03-20-12:46:25.200 [main] DEBUG GameGrid - GameGrid created.
2015-03-20-12:46:25.213 [main] DEBUG PhysicsEngine - Creation of the PhysicsEngine...
2015-03-20-12:46:25.213 [main] DEBUG PhysicsEngine - PhysicsEnngine created.
2015-03-20-12:46:25.213 [main] DEBUG Environment - Environment created.
2015-03-20-12:46:25.226 [main] DEBUG EntityFactory - Creating WorldEntity : 'LemmingBody'.
2015-03-20-12:46:25.251 [main] DEBUG LemmingAgent - Creation of the Lemming Agent...
2015-03-20-12:46:25.251 [main] DEBUG LemmingAgent - Lemming Agent created.
2015-03-20-12:46:25.251 [main] DEBUG EntityFactory - Creating WorldEntity : 'LemmingBody'.
2015-03-20-12:46:25.251 [main] DEBUG LemmingAgent - Creation of the Lemming Agent...
2015-03-20-12:46:25.251 [main] DEBUG LemmingAgent - Lemming Agent created.
2015-03-20-12:46:25.252 [main] DEBUG EntityFactory - Creating WorldEntity : 'LemmingBody'.
2015-03-20-12:46:25.252 [main] DEBUG LemmingAgent - Creation of the Lemming Agent...
2015-03-20-12:46:25.252 [main] DEBUG LemmingAgent - Lemming Agent created.
2015-03-20-12:46:25.252 [main] DEBUG EntityFactory - Creating WorldEntity : 'LemmingBody'.
2015-03-20-12:46:25.252 [main] DEBUG LemmingAgent - Creation of the Lemming Agent...
2015-03-20-12:46:25.252 [main] DEBUG LemmingAgent - Lemming Agent created.
2015-03-20-12:46:25.252 [main] DEBUG EntityFactory - Creating WorldEntity : 'LemmingBody'.
2015-03-20-12:46:25.252 [main] DEBUG LemmingAgent - Creation of the Lemming Agent...
2015-03-20-12:46:25.252 [main] DEBUG LemmingAgent - Lemming Agent created.
2015-03-20-12:46:25.252 [main] DEBUG EntityFactory - Creating WorldEntity : 'LemmingBody'.
2015-03-20-12:46:25.252 [main] DEBUG LemmingAgent - Creation of the Lemming Agent...
2015-03-20-12:46:25.252 [main] DEBUG LemmingAgent - Lemming Agent created.
2015-03-20-12:46:25.253 [main] DEBUG Simulation - Simulation instantiated.
2015-03-20-12:46:26.155 [AWT-EventQueue-0] DEBUG InputController - Mouse entered in window.
2015-03-20-12:46:27.203 [AWT-EventQueue-0] DEBUG InputController - Key '98' pressed.
2015-03-20-12:46:27.344 [AWT-EventQueue-0] DEBUG InputController - Key '98' released.
2015-03-20-12:46:28.011 [AWT-EventQueue-0] DEBUG InputController - Key '98' pressed.
2015-03-20-12:46:28.125 [AWT-EventQueue-0] DEBUG InputController - Key '98' released.
2015-03-20-12:46:28.420 [AWT-EventQueue-0] DEBUG InputController - Key '99' pressed.
2015-03-20-12:46:28.527 [AWT-EventQueue-0] DEBUG InputController - Key '99' released.
2015-03-20-12:46:29.350 [AWT-EventQueue-0] DEBUG InputController - Key '102' pressed.
2015-03-20-12:46:29.850 [AWT-EventQueue-0] DEBUG InputController - Key '102' released.
2015-03-20-12:46:29.850 [AWT-EventQueue-0] DEBUG InputController - Key '102' pressed.
2015-03-20-12:46:29.880 [AWT-EventQueue-0] DEBUG InputController - Key '102' released.
2015-03-20-12:46:29.880 [AWT-EventQueue-0] DEBUG InputController - Key '102' pressed.
2015-03-20-12:46:29.911 [AWT-EventQueue-0] DEBUG InputController - Key '102' released.
2015-03-20-12:46:29.911 [AWT-EventQueue-0] DEBUG InputController - Key '102' pressed.
2015-03-20-12:46:29.940 [AWT-EventQueue-0] DEBUG InputController - Key '102' released.
2015-03-20-12:46:29.940 [AWT-EventQueue-0] DEBUG InputController - Key '102' pressed.
2015-03-20-12:46:29.970 [AWT-EventQueue-0] DEBUG InputController - Key '102' released.
2015-03-20-12:46:29.971 [AWT-EventQueue-0] DEBUG InputController - Key '102' pressed.
2015-03-20-12:46:30.001 [AWT-EventQueue-0] DEBUG InputController - Key '102' released.
2015-03-20-12:46:30.001 [AWT-EventQueue-0] DEBUG InputController - Key '102' pressed.
2015-03-20-12:46:30.031 [AWT-EventQueue-0] DEBUG InputController - Key '102' released.
2015-03-20-12:46:30.032 [AWT-EventQueue-0] DEBUG InputController - Key '102' pressed.
2015-03-20-12:46:30.061 [AWT-EventQueue-0] DEBUG InputController - Key '102' released.
2015-03-20-12:46:30.061 [AWT-EventQueue-0] DEBUG InputController - Key '102' pressed.
2015-03-20-12:46:30.092 [AWT-EventQueue-0] DEBUG InputController - Key '102' released.
2015-03-20-12:46:30.092 [AWT-EventQueue-0] DEBUG InputController - Key '102' pressed.
2015-03-20-12:46:30.122 [AWT-EventQueue-0] DEBUG InputController - Key '102' released.
2015-03-20-12:46:30.123 [AWT-EventQueue-0] DEBUG InputController - Key '102' pressed.
2015-03-20-12:46:30.152 [AWT-EventQueue-0] DEBUG InputController - Key '102' released.
2015-03-20-12:46:30.153 [AWT-EventQueue-0] DEBUG InputController - Key '102' pressed.
2015-03-20-12:46:30.183 [AWT-EventQueue-0] DEBUG InputController - Key '102' released.
2015-03-20-12:46:30.184 [AWT-EventQueue-0] DEBUG InputController - Key '102' pressed.
2015-03-20-12:46:30.212 [AWT-EventQueue-0] DEBUG InputController - Key '102' released.
2015-03-20-12:46:30.212 [AWT-EventQueue-0] DEBUG InputController - Key '102' pressed.
2015-03-20-12:46:30.242 [AWT-EventQueue-0] DEBUG InputController - Key '102' released.
2015-03-20-12:46:30.242 [AWT-EventQueue-0] DEBUG InputController - Key '102' pressed.
2015-03-20-12:46:30.272 [AWT-EventQueue-0] DEBUG InputController - Key '102' released.
2015-03-20-12:46:30.272 [AWT-EventQueue-0] DEBUG InputController - Key '102' pressed.
2015-03-20-12:46:30.303 [AWT-EventQueue-0] DEBUG InputController - Key '102' released.
2015-03-20-12:46:30.303 [AWT-EventQueue-0] DEBUG InputController - Key '102' pressed.
2015-03-20-12:46:30.334 [AWT-EventQueue-0] DEBUG InputController - Key '102' released.
2015-03-20-12:46:30.334 [AWT-EventQueue-0] DEBUG InputController - Key '102' pressed.
2015-03-20-12:46:30.364 [AWT-EventQueue-0] DEBUG InputController - Key '102' released.
2015-03-20-12:46:30.365 [AWT-EventQueue-0] DEBUG InputController - Key '102' pressed.
2015-03-20-12:46:30.394 [AWT-EventQueue-0] DEBUG InputController - Key '102' released.
2015-03-20-12:46:30.394 [AWT-EventQueue-0] DEBUG InputController - Key '102' pressed.
2015-03-20-12:46:30.424 [AWT-EventQueue-0] DEBUG InputController - Key '102' released.
2015-03-20-12:46:30.424 [AWT-EventQueue-0] DEBUG InputController - Key '102' pressed.
2015-03-20-12:46:30.454 [AWT-EventQueue-0] DEBUG InputController - Key '102' released.
2015-03-20-12:46:30.454 [AWT-EventQueue-0] DEBUG InputController - Key '102' pressed.
2015-03-20-12:46:30.484 [AWT-EventQueue-0] DEBUG InputController - Key '102' released.
2015-03-20-12:46:30.485 [AWT-EventQueue-0] DEBUG InputController - Key '102' pressed.
2015-03-20-12:46:30.514 [AWT-EventQueue-0] DEBUG InputController - Key '102' released.
2015-03-20-12:46:30.515 [AWT-EventQueue-0] DEBUG InputController - Key '102' pressed.
2015-03-20-12:46:30.545 [AWT-EventQueue-0] DEBUG InputController - Key '102' released.
2015-03-20-12:46:30.545 [AWT-EventQueue-0] DEBUG InputController - Key '102' pressed.
2015-03-20-12:46:30.575 [AWT-EventQueue-0] DEBUG InputController - Key '102' released.
2015-03-20-12:46:30.575 [AWT-EventQueue-0] DEBUG InputController - Key '102' pressed.
2015-03-20-12:46:30.605 [AWT-EventQueue-0] DEBUG InputController - Key '102' released.
2015-03-20-12:46:30.606 [AWT-EventQueue-0] DEBUG InputController - Key '102' pressed.
2015-03-20-12:46:30.635 [AWT-EventQueue-0] DEBUG InputController - Key '102' released.
2015-03-20-12:46:30.635 [AWT-EventQueue-0] DEBUG InputController - Key '102' pressed.
2015-03-20-12:46:30.665 [AWT-EventQueue-0] DEBUG InputController - Key '102' released.
2015-03-20-12:46:30.666 [AWT-EventQueue-0] DEBUG InputController - Key '102' pressed.
2015-03-20-12:46:30.695 [AWT-EventQueue-0] DEBUG InputController - Key '102' released.
2015-03-20-12:46:30.696 [AWT-EventQueue-0] DEBUG InputController - Key '102' pressed.
2015-03-20-12:46:30.725 [AWT-EventQueue-0] DEBUG InputController - Key '102' released.
2015-03-20-12:46:30.726 [AWT-EventQueue-0] DEBUG InputController - Key '102' pressed.
2015-03-20-12:46:30.755 [AWT-EventQueue-0] DEBUG InputController - Key '102' released.
2015-03-20-12:46:30.755 [AWT-EventQueue-0] DEBUG InputController - Key '102' pressed.
2015-03-20-12:46:30.756 [AWT-EventQueue-0] DEBUG InputController - Key '102' released.
2015-03-20-12:46:31.789 [AWT-EventQueue-0] DEBUG InputController - Key '102' pressed.
2015-03-20-12:46:32.289 [AWT-EventQueue-0] DEBUG InputController - Key '102' released.
2015-03-20-12:46:32.289 [AWT-EventQueue-0] DEBUG InputController - Key '102' pressed.
2015-03-20-12:46:32.319 [AWT-EventQueue-0] DEBUG InputController - Key '102' released.
2015-03-20-12:46:32.319 [AWT-EventQueue-0] DEBUG InputController - Key '102' pressed.
2015-03-20-12:46:32.349 [AWT-EventQueue-0] DEBUG InputController - Key '102' released.
2015-03-20-12:46:32.349 [AWT-EventQueue-0] DEBUG InputController - Key '102' pressed.
2015-03-20-12:46:32.379 [AWT-EventQueue-0] DEBUG InputController - Key '102' released.
2015-03-20-12:46:32.379 [AWT-EventQueue-0] DEBUG InputController - Key '102' pressed.
2015-03-20-12:46:32.409 [AWT-EventQueue-0] DEBUG InputController - Key '102' released.
2015-03-20-12:46:32.410 [AWT-EventQueue-0] DEBUG InputController - Key '102' pressed.
2015-03-20-12:46:32.439 [AWT-EventQueue-0] DEBUG InputController - Key '102' released.
2015-03-20-12:46:32.439 [AWT-EventQueue-0] DEBUG InputController - Key '102' pressed.
2015-03-20-12:46:32.470 [AWT-EventQueue-0] DEBUG InputController - Key '102' released.
2015-03-20-12:46:32.470 [AWT-EventQueue-0] DEBUG InputController - Key '102' pressed.
2015-03-20-12:46:32.501 [AWT-EventQueue-0] DEBUG InputController - Key '102' released.
2015-03-20-12:46:32.502 [AWT-EventQueue-0] DEBUG InputController - Key '102' pressed.
2015-03-20-12:46:32.532 [AWT-EventQueue-0] DEBUG InputController - Key '102' released.
2015-03-20-12:46:32.532 [AWT-EventQueue-0] DEBUG InputController - Key '102' pressed.
2015-03-20-12:46:32.566 [AWT-EventQueue-0] DEBUG InputController - Key '102' released.
2015-03-20-12:46:32.567 [AWT-EventQueue-0] DEBUG InputController - Key '102' pressed.
2015-03-20-12:46:32.592 [AWT-EventQueue-0] DEBUG InputController - Key '102' released.
2015-03-20-12:46:32.592 [AWT-EventQueue-0] DEBUG InputController - Key '102' pressed.
2015-03-20-12:46:32.622 [AWT-EventQueue-0] DEBUG InputController - Key '102' released.
2015-03-20-12:46:32.622 [AWT-EventQueue-0] DEBUG InputController - Key '102' pressed.
2015-03-20-12:46:32.652 [AWT-EventQueue-0] DEBUG InputController - Key '102' released.
2015-03-20-12:46:32.652 [AWT-EventQueue-0] DEBUG InputController - Key '102' pressed.
2015-03-20-12:46:32.682 [AWT-EventQueue-0] DEBUG InputController - Key '102' released.
2015-03-20-12:46:32.683 [AWT-EventQueue-0] DEBUG InputController - Key '102' pressed.
2015-03-20-12:46:32.713 [AWT-EventQueue-0] DEBUG InputController - Key '102' released.
2015-03-20-12:46:32.713 [AWT-EventQueue-0] DEBUG InputController - Key '102' pressed.
2015-03-20-12:46:32.743 [AWT-EventQueue-0] DEBUG InputController - Key '102' released.
2015-03-20-12:46:32.744 [AWT-EventQueue-0] DEBUG InputController - Key '102' pressed.
2015-03-20-12:46:32.774 [AWT-EventQueue-0] DEBUG InputController - Key '102' released.
2015-03-20-12:46:32.775 [AWT-EventQueue-0] DEBUG InputController - Key '102' pressed.
2015-03-20-12:46:32.803 [AWT-EventQueue-0] DEBUG InputController - Key '102' released.
2015-03-20-12:46:32.804 [AWT-EventQueue-0] DEBUG InputController - Key '102' pressed.
2015-03-20-12:46:32.833 [AWT-EventQueue-0] DEBUG InputController - Key '102' released.
2015-03-20-12:46:32.833 [AWT-EventQueue-0] DEBUG InputController - Key '102' pressed.
2015-03-20-12:46:32.863 [AWT-EventQueue-0] DEBUG InputController - Key '102' released.
2015-03-20-12:46:32.864 [AWT-EventQueue-0] DEBUG InputController - Key '102' pressed.
2015-03-20-12:46:32.894 [AWT-EventQueue-0] DEBUG InputController - Key '102' released.
2015-03-20-12:46:32.894 [AWT-EventQueue-0] DEBUG InputController - Key '102' pressed.
2015-03-20-12:46:32.924 [AWT-EventQueue-0] DEBUG InputController - Key '102' released.
2015-03-20-12:46:32.925 [AWT-EventQueue-0] DEBUG InputController - Key '102' pressed.
2015-03-20-12:46:32.954 [AWT-EventQueue-0] DEBUG InputController - Key '102' released.
2015-03-20-12:46:32.955 [AWT-EventQueue-0] DEBUG InputController - Key '102' pressed.
2015-03-20-12:46:32.984 [AWT-EventQueue-0] DEBUG InputController - Key '102' released.
2015-03-20-12:46:32.984 [AWT-EventQueue-0] DEBUG InputController - Key '102' pressed.
2015-03-20-12:46:33.014 [AWT-EventQueue-0] DEBUG InputController - Key '102' released.
2015-03-20-12:46:33.014 [AWT-EventQueue-0] DEBUG InputController - Key '102' pressed.
2015-03-20-12:46:33.044 [AWT-EventQueue-0] DEBUG InputController - Key '102' released.
2015-03-20-12:46:33.045 [AWT-EventQueue-0] DEBUG InputController - Key '102' pressed.
2015-03-20-12:46:33.074 [AWT-EventQueue-0] DEBUG InputController - Key '102' released.
2015-03-20-12:46:33.074 [AWT-EventQueue-0] DEBUG InputController - Key '102' pressed.
2015-03-20-12:46:33.104 [AWT-EventQueue-0] DEBUG InputController - Key '102' released.
2015-03-20-12:46:33.104 [AWT-EventQueue-0] DEBUG InputController - Key '102' pressed.
2015-03-20-12:46:33.134 [AWT-EventQueue-0] DEBUG InputController - Key '102' released.
2015-03-20-12:46:33.135 [AWT-EventQueue-0] DEBUG InputController - Key '102' pressed.
2015-03-20-12:46:33.164 [AWT-EventQueue-0] DEBUG InputController - Key '102' released.
2015-03-20-12:46:33.165 [AWT-EventQueue-0] DEBUG InputController - Key '102' pressed.
2015-03-20-12:46:33.194 [AWT-EventQueue-0] DEBUG InputController - Key '102' released.
2015-03-20-12:46:33.194 [AWT-EventQueue-0] DEBUG InputController - Key '102' pressed.
2015-03-20-12:46:33.224 [AWT-EventQueue-0] DEBUG InputController - Key '102' released.
2015-03-20-12:46:33.224 [AWT-EventQueue-0] DEBUG InputController - Key '102' pressed.
2015-03-20-12:46:33.254 [AWT-EventQueue-0] DEBUG InputController - Key '102' released.
2015-03-20-12:46:33.254 [AWT-EventQueue-0] DEBUG InputController - Key '102' pressed.
2015-03-20-12:46:33.284 [AWT-EventQueue-0] DEBUG InputController - Key '102' released.
2015-03-20-12:46:33.284 [AWT-EventQueue-0] DEBUG InputController - Key '102' pressed.
2015-03-20-12:46:33.314 [AWT-EventQueue-0] DEBUG InputController - Key '102' released.
2015-03-20-12:46:33.315 [AWT-EventQueue-0] DEBUG InputController - Key '102' pressed.
2015-03-20-12:46:33.344 [AWT-EventQueue-0] DEBUG InputController - Key '102' released.
2015-03-20-12:46:33.344 [AWT-EventQueue-0] DEBUG InputController - Key '102' pressed.
2015-03-20-12:46:33.374 [AWT-EventQueue-0] DEBUG InputController - Key '102' released.
2015-03-20-12:46:33.374 [AWT-EventQueue-0] DEBUG InputController - Key '102' pressed.
2015-03-20-12:46:33.407 [AWT-EventQueue-0] DEBUG InputController - Key '102' released.
2015-03-20-12:46:33.408 [AWT-EventQueue-0] DEBUG InputController - Key '102' pressed.
2015-03-20-12:46:33.434 [AWT-EventQueue-0] DEBUG InputController - Key '102' released.
2015-03-20-12:46:33.435 [AWT-EventQueue-0] DEBUG InputController - Key '102' pressed.
2015-03-20-12:46:33.464 [AWT-EventQueue-0] DEBUG InputController - Key '102' released.
2015-03-20-12:46:33.465 [AWT-EventQueue-0] DEBUG InputController - Key '102' pressed.
2015-03-20-12:46:33.494 [AWT-EventQueue-0] DEBUG InputController - Key '102' released.
2015-03-20-12:46:33.494 [AWT-EventQueue-0] DEBUG InputController - Key '102' pressed.
2015-03-20-12:46:33.524 [AWT-EventQueue-0] DEBUG InputController - Key '102' released.
2015-03-20-12:46:33.524 [AWT-EventQueue-0] DEBUG InputController - Key '102' pressed.
2015-03-20-12:46:33.554 [AWT-EventQueue-0] DEBUG InputController - Key '102' released.
2015-03-20-12:46:33.554 [AWT-EventQueue-0] DEBUG InputController - Key '102' pressed.
2015-03-20-12:46:33.584 [AWT-EventQueue-0] DEBUG InputController - Key '102' released.
2015-03-20-12:46:33.585 [AWT-EventQueue-0] DEBUG InputController - Key '102' pressed.
2015-03-20-12:46:33.614 [AWT-EventQueue-0] DEBUG InputController - Key '102' released.
2015-03-20-12:46:33.614 [AWT-EventQueue-0] DEBUG InputController - Key '102' pressed.
2015-03-20-12:46:33.644 [AWT-EventQueue-0] DEBUG InputController - Key '102' released.
2015-03-20-12:46:33.645 [AWT-EventQueue-0] DEBUG InputController - Key '102' pressed.
2015-03-20-12:46:33.674 [AWT-EventQueue-0] DEBUG InputController - Key '102' released.
2015-03-20-12:46:33.674 [AWT-EventQueue-0] DEBUG InputController - Key '102' pressed.
2015-03-20-12:46:33.704 [AWT-EventQueue-0] DEBUG InputController - Key '102' released.
2015-03-20-12:46:33.704 [AWT-EventQueue-0] DEBUG InputController - Key '102' pressed.
2015-03-20-12:46:33.734 [AWT-EventQueue-0] DEBUG InputController - Key '102' released.
2015-03-20-12:46:33.734 [AWT-EventQueue-0] DEBUG InputController - Key '102' pressed.
2015-03-20-12:46:33.764 [AWT-EventQueue-0] DEBUG InputController - Key '102' released.
2015-03-20-12:46:33.765 [AWT-EventQueue-0] DEBUG InputController - Key '102' pressed.
2015-03-20-12:46:33.794 [AWT-EventQueue-0] DEBUG InputController - Key '102' released.
2015-03-20-12:46:33.795 [AWT-EventQueue-0] DEBUG InputController - Key '102' pressed.
2015-03-20-12:46:33.824 [AWT-EventQueue-0] DEBUG InputController - Key '102' released.
2015-03-20-12:46:33.824 [AWT-EventQueue-0] DEBUG InputController - Key '102' pressed.
2015-03-20-12:46:33.854 [AWT-EventQueue-0] DEBUG InputController - Key '102' released.
2015-03-20-12:46:33.855 [AWT-EventQueue-0] DEBUG InputController - Key '102' pressed.
2015-03-20-12:46:33.884 [AWT-EventQueue-0] DEBUG InputController - Key '102' released.
2015-03-20-12:46:33.884 [AWT-EventQueue-0] DEBUG InputController - Key '102' pressed.
2015-03-20-12:46:33.914 [AWT-EventQueue-0] DEBUG InputController - Key '102' released.
2015-03-20-12:46:33.915 [AWT-EventQueue-0] DEBUG InputController - Key '102' pressed.
2015-03-20-12:46:33.944 [AWT-EventQueue-0] DEBUG InputController - Key '102' released.
2015-03-20-12:46:33.945 [AWT-EventQueue-0] DEBUG InputController - Key '102' pressed.
2015-03-20-12:46:33.974 [AWT-EventQueue-0] DEBUG InputController - Key '102' released.
2015-03-20-12:46:33.975 [AWT-EventQueue-0] DEBUG InputController - Key '102' pressed.
2015-03-20-12:46:34.004 [AWT-EventQueue-0] DEBUG InputController - Key '102' released.
2015-03-20-12:46:34.004 [AWT-EventQueue-0] DEBUG InputController - Key '102' pressed.
2015-03-20-12:46:34.035 [AWT-EventQueue-0] DEBUG InputController - Key '102' released.
2015-03-20-12:46:34.036 [AWT-EventQueue-0] DEBUG InputController - Key '102' pressed.
2015-03-20-12:46:34.065 [AWT-EventQueue-0] DEBUG InputController - Key '102' released.
2015-03-20-12:46:34.065 [AWT-EventQueue-0] DEBUG InputController - Key '102' pressed.
2015-03-20-12:46:34.096 [AWT-EventQueue-0] DEBUG InputController - Key '102' released.
2015-03-20-12:46:34.096 [AWT-EventQueue-0] DEBUG InputController - Key '102' pressed.
2015-03-20-12:46:34.126 [AWT-EventQueue-0] DEBUG InputController - Key '102' released.
2015-03-20-12:46:34.127 [AWT-EventQueue-0] DEBUG InputController - Key '102' pressed.
2015-03-20-12:46:34.156 [AWT-EventQueue-0] DEBUG InputController - Key '102' released.
2015-03-20-12:46:34.156 [AWT-EventQueue-0] DEBUG InputController - Key '102' pressed.
2015-03-20-12:46:34.186 [AWT-EventQueue-0] DEBUG InputController - Key '102' released.
2015-03-20-12:46:34.187 [AWT-EventQueue-0] DEBUG InputController - Key '102' pressed.
2015-03-20-12:46:34.217 [AWT-EventQueue-0] DEBUG InputController - Key '102' released.
2015-03-20-12:46:34.218 [AWT-EventQueue-0] DEBUG InputController - Key '102' pressed.
2015-03-20-12:46:34.248 [AWT-EventQueue-0] DEBUG InputController - Key '102' released.
2015-03-20-12:46:34.248 [AWT-EventQueue-0] DEBUG InputController - Key '102' pressed.
2015-03-20-12:46:34.278 [AWT-EventQueue-0] DEBUG InputController - Key '102' released.
2015-03-20-12:46:34.278 [AWT-EventQueue-0] DEBUG InputController - Key '102' pressed.
2015-03-20-12:46:34.308 [AWT-EventQueue-0] DEBUG InputController - Key '102' released.
2015-03-20-12:46:34.309 [AWT-EventQueue-0] DEBUG InputController - Key '102' pressed.
2015-03-20-12:46:34.338 [AWT-EventQueue-0] DEBUG InputController - Key '102' released.
2015-03-20-12:46:34.338 [AWT-EventQueue-0] DEBUG InputController - Key '102' pressed.
2015-03-20-12:46:34.368 [AWT-EventQueue-0] DEBUG InputController - Key '102' released.
2015-03-20-12:46:34.368 [AWT-EventQueue-0] DEBUG InputController - Key '102' pressed.
2015-03-20-12:46:34.402 [AWT-EventQueue-0] DEBUG InputController - Key '102' released.
2015-03-20-12:46:34.402 [AWT-EventQueue-0] DEBUG InputController - Key '102' pressed.
2015-03-20-12:46:34.431 [AWT-EventQueue-0] DEBUG InputController - Key '102' released.
2015-03-20-12:46:34.431 [AWT-EventQueue-0] DEBUG InputController - Key '102' pressed.
2015-03-20-12:46:34.463 [AWT-EventQueue-0] DEBUG InputController - Key '102' released.
2015-03-20-12:46:34.463 [AWT-EventQueue-0] DEBUG InputController - Key '102' pressed.
2015-03-20-12:46:34.491 [AWT-EventQueue-0] DEBUG InputController - Key '102' released.
2015-03-20-12:46:34.492 [AWT-EventQueue-0] DEBUG InputController - Key '102' pressed.
2015-03-20-12:46:34.521 [AWT-EventQueue-0] DEBUG InputController - Key '102' released.
2015-03-20-12:46:34.522 [AWT-EventQueue-0] DEBUG InputController - Key '102' pressed.
2015-03-20-12:46:34.552 [AWT-EventQueue-0] DEBUG InputController - Key '102' released.
2015-03-20-12:46:34.552 [AWT-EventQueue-0] DEBUG InputController - Key '102' pressed.
2015-03-20-12:46:34.582 [AWT-EventQueue-0] DEBUG InputController - Key '102' released.
2015-03-20-12:46:34.582 [AWT-EventQueue-0] DEBUG InputController - Key '102' pressed.
2015-03-20-12:46:34.612 [AWT-EventQueue-0] DEBUG InputController - Key '102' released.
2015-03-20-12:46:34.612 [AWT-EventQueue-0] DEBUG InputController - Key '102' pressed.
2015-03-20-12:46:34.642 [AWT-EventQueue-0] DEBUG InputController - Key '102' released.
2015-03-20-12:46:34.642 [AWT-EventQueue-0] DEBUG InputController - Key '102' pressed.
2015-03-20-12:46:34.673 [AWT-EventQueue-0] DEBUG InputController - Key '102' released.
2015-03-20-12:46:34.674 [AWT-EventQueue-0] DEBUG InputController - Key '102' pressed.
2015-03-20-12:46:34.703 [AWT-EventQueue-0] DEBUG InputController - Key '102' released.
2015-03-20-12:46:34.703 [AWT-EventQueue-0] DEBUG InputController - Key '102' pressed.
2015-03-20-12:46:34.734 [AWT-EventQueue-0] DEBUG InputController - Key '102' released.
2015-03-20-12:46:34.734 [AWT-EventQueue-0] DEBUG InputController - Key '102' pressed.
2015-03-20-12:46:34.763 [AWT-EventQueue-0] DEBUG InputController - Key '102' released.
2015-03-20-12:46:34.764 [AWT-EventQueue-0] DEBUG InputController - Key '102' pressed.
2015-03-20-12:46:34.793 [AWT-EventQueue-0] DEBUG InputController - Key '102' released.
2015-03-20-12:46:34.794 [AWT-EventQueue-0] DEBUG InputController - Key '102' pressed.
2015-03-20-12:46:34.823 [AWT-EventQueue-0] DEBUG InputController - Key '102' released.
2015-03-20-12:46:34.824 [AWT-EventQueue-0] DEBUG InputController - Key '102' pressed.
2015-03-20-12:46:34.854 [AWT-EventQueue-0] DEBUG InputController - Key '102' released.
2015-03-20-12:46:34.854 [AWT-EventQueue-0] DEBUG InputController - Key '102' pressed.
2015-03-20-12:46:34.884 [AWT-EventQueue-0] DEBUG InputController - Key '102' released.
2015-03-20-12:46:34.884 [AWT-EventQueue-0] DEBUG InputController - Key '102' pressed.
2015-03-20-12:46:34.916 [AWT-EventQueue-0] DEBUG InputController - Key '102' released.
2015-03-20-12:46:34.916 [AWT-EventQueue-0] DEBUG InputController - Key '102' pressed.
2015-03-20-12:46:34.946 [AWT-EventQueue-0] DEBUG InputController - Key '102' released.
2015-03-20-12:46:34.946 [AWT-EventQueue-0] DEBUG InputController - Key '102' pressed.
2015-03-20-12:46:34.977 [AWT-EventQueue-0] DEBUG InputController - Key '102' released.
2015-03-20-12:46:34.977 [AWT-EventQueue-0] DEBUG InputController - Key '102' pressed.
2015-03-20-12:46:35.006 [AWT-EventQueue-0] DEBUG InputController - Key '102' released.
2015-03-20-12:46:35.007 [AWT-EventQueue-0] DEBUG InputController - Key '102' pressed.
2015-03-20-12:46:35.036 [AWT-EventQueue-0] DEBUG InputController - Key '102' released.
2015-03-20-12:46:35.036 [AWT-EventQueue-0] DEBUG InputController - Key '102' pressed.
2015-03-20-12:46:35.066 [AWT-EventQueue-0] DEBUG InputController - Key '102' released.
2015-03-20-12:46:35.066 [AWT-EventQueue-0] DEBUG InputController - Key '102' pressed.
2015-03-20-12:46:35.096 [AWT-EventQueue-0] DEBUG InputController - Key '102' released.
2015-03-20-12:46:35.096 [AWT-EventQueue-0] DEBUG InputController - Key '102' pressed.
2015-03-20-12:46:35.126 [AWT-EventQueue-0] DEBUG InputController - Key '102' released.
2015-03-20-12:46:35.126 [AWT-EventQueue-0] DEBUG InputController - Key '102' pressed.
2015-03-20-12:46:35.156 [AWT-EventQueue-0] DEBUG InputController - Key '102' released.
2015-03-20-12:46:35.156 [AWT-EventQueue-0] DEBUG InputController - Key '102' pressed.
2015-03-20-12:46:35.187 [AWT-EventQueue-0] DEBUG InputController - Key '102' released.
2015-03-20-12:46:35.187 [AWT-EventQueue-0] DEBUG InputController - Key '102' pressed.
2015-03-20-12:46:35.217 [AWT-EventQueue-0] DEBUG InputController - Key '102' released.
2015-03-20-12:46:35.217 [AWT-EventQueue-0] DEBUG InputController - Key '102' pressed.
2015-03-20-12:46:35.247 [AWT-EventQueue-0] DEBUG InputController - Key '102' released.
2015-03-20-12:46:35.249 [AWT-EventQueue-0] DEBUG InputController - Key '102' pressed.
2015-03-20-12:46:35.277 [AWT-EventQueue-0] DEBUG InputController - Key '102' released.
2015-03-20-12:46:35.278 [AWT-EventQueue-0] DEBUG InputController - Key '102' pressed.
2015-03-20-12:46:35.307 [AWT-EventQueue-0] DEBUG InputController - Key '102' released.
2015-03-20-12:46:35.307 [AWT-EventQueue-0] DEBUG InputController - Key '102' pressed.
2015-03-20-12:46:35.337 [AWT-EventQueue-0] DEBUG InputController - Key '102' released.
2015-03-20-12:46:35.337 [AWT-EventQueue-0] DEBUG InputController - Key '102' pressed.
2015-03-20-12:46:35.367 [AWT-EventQueue-0] DEBUG InputController - Key '102' released.
2015-03-20-12:46:35.367 [AWT-EventQueue-0] DEBUG InputController - Key '102' pressed.
2015-03-20-12:46:35.397 [AWT-EventQueue-0] DEBUG InputController - Key '102' released.
2015-03-20-12:46:35.398 [AWT-EventQueue-0] DEBUG InputController - Key '102' pressed.
2015-03-20-12:46:35.427 [AWT-EventQueue-0] DEBUG InputController - Key '102' released.
2015-03-20-12:46:35.428 [AWT-EventQueue-0] DEBUG InputController - Key '102' pressed.
2015-03-20-12:46:35.439 [AWT-EventQueue-0] DEBUG InputController - Key '102' released.
2015-03-20-12:46:38.677 [AWT-EventQueue-0] DEBUG InputController - Key '77' pressed.
2015-03-20-12:46:39.177 [AWT-EventQueue-0] DEBUG InputController - Key '77' released.
2015-03-20-12:46:39.177 [AWT-EventQueue-0] DEBUG InputController - Key '77' pressed.
2015-03-20-12:46:39.206 [AWT-EventQueue-0] DEBUG InputController - Key '77' released.
2015-03-20-12:46:39.207 [AWT-EventQueue-0] DEBUG InputController - Key '77' pressed.
2015-03-20-12:46:39.237 [AWT-EventQueue-0] DEBUG InputController - Key '77' released.
2015-03-20-12:46:39.238 [AWT-EventQueue-0] DEBUG InputController - Key '77' pressed.
2015-03-20-12:46:39.268 [AWT-EventQueue-0] DEBUG InputController - Key '77' released.
2015-03-20-12:46:39.268 [AWT-EventQueue-0] DEBUG InputController - Key '77' pressed.
2015-03-20-12:46:39.298 [AWT-EventQueue-0] DEBUG InputController - Key '77' released.
2015-03-20-12:46:39.298 [AWT-EventQueue-0] DEBUG InputController - Key '77' pressed.
2015-03-20-12:46:39.328 [AWT-EventQueue-0] DEBUG InputController - Key '77' released.
2015-03-20-12:46:39.328 [AWT-EventQueue-0] DEBUG InputController - Key '77' pressed.
2015-03-20-12:46:39.358 [AWT-EventQueue-0] DEBUG InputController - Key '77' released.
2015-03-20-12:46:39.358 [AWT-EventQueue-0] DEBUG InputController - Key '77' pressed.
2015-03-20-12:46:39.388 [AWT-EventQueue-0] DEBUG InputController - Key '77' released.
2015-03-20-12:46:39.389 [AWT-EventQueue-0] DEBUG InputController - Key '77' pressed.
2015-03-20-12:46:39.418 [AWT-EventQueue-0] DEBUG InputController - Key '77' released.
2015-03-20-12:46:39.418 [AWT-EventQueue-0] DEBUG InputController - Key '77' pressed.
2015-03-20-12:46:39.448 [AWT-EventQueue-0] DEBUG InputController - Key '77' released.
2015-03-20-12:46:39.448 [AWT-EventQueue-0] DEBUG InputController - Key '77' pressed.
2015-03-20-12:46:39.478 [AWT-EventQueue-0] DEBUG InputController - Key '77' released.
2015-03-20-12:46:39.478 [AWT-EventQueue-0] DEBUG InputController - Key '77' pressed.
2015-03-20-12:46:39.508 [AWT-EventQueue-0] DEBUG InputController - Key '77' released.
2015-03-20-12:46:39.508 [AWT-EventQueue-0] DEBUG InputController - Key '77' pressed.
2015-03-20-12:46:39.538 [AWT-EventQueue-0] DEBUG InputController - Key '77' released.
2015-03-20-12:46:39.538 [AWT-EventQueue-0] DEBUG InputController - Key '77' pressed.
2015-03-20-12:46:39.568 [AWT-EventQueue-0] DEBUG InputController - Key '77' released.
2015-03-20-12:46:39.568 [AWT-EventQueue-0] DEBUG InputController - Key '77' pressed.
2015-03-20-12:46:39.598 [AWT-EventQueue-0] DEBUG InputController - Key '77' released.
2015-03-20-12:46:39.598 [AWT-EventQueue-0] DEBUG InputController - Key '77' pressed.
2015-03-20-12:46:39.628 [AWT-EventQueue-0] DEBUG InputController - Key '77' released.
2015-03-20-12:46:39.628 [AWT-EventQueue-0] DEBUG InputController - Key '77' pressed.
2015-03-20-12:46:39.658 [AWT-EventQueue-0] DEBUG InputController - Key '77' released.
2015-03-20-12:46:39.658 [AWT-EventQueue-0] DEBUG InputController - Key '77' pressed.
2015-03-20-12:46:39.688 [AWT-EventQueue-0] DEBUG InputController - Key '77' released.
2015-03-20-12:46:39.688 [AWT-EventQueue-0] DEBUG InputController - Key '77' pressed.
2015-03-20-12:46:39.718 [AWT-EventQueue-0] DEBUG InputController - Key '77' released.
2015-03-20-12:46:39.719 [AWT-EventQueue-0] DEBUG InputController - Key '77' pressed.
2015-03-20-12:46:39.748 [AWT-EventQueue-0] DEBUG InputController - Key '77' released.
2015-03-20-12:46:39.749 [AWT-EventQueue-0] DEBUG InputController - Key '77' pressed.
2015-03-20-12:46:39.779 [AWT-EventQueue-0] DEBUG InputController - Key '77' released.
2015-03-20-12:46:39.779 [AWT-EventQueue-0] DEBUG InputController - Key '77' pressed.
2015-03-20-12:46:39.809 [AWT-EventQueue-0] DEBUG InputController - Key '77' released.
2015-03-20-12:46:39.809 [AWT-EventQueue-0] DEBUG InputController - Key '77' pressed.
2015-03-20-12:46:39.839 [AWT-EventQueue-0] DEBUG InputController - Key '77' released.
2015-03-20-12:46:39.839 [AWT-EventQueue-0] DEBUG InputController - Key '77' pressed.
2015-03-20-12:46:39.869 [AWT-EventQueue-0] DEBUG InputController - Key '77' released.
2015-03-20-12:46:39.869 [AWT-EventQueue-0] DEBUG InputController - Key '77' pressed.
2015-03-20-12:46:39.899 [AWT-EventQueue-0] DEBUG InputController - Key '77' released.
2015-03-20-12:46:39.899 [AWT-EventQueue-0] DEBUG InputController - Key '77' pressed.
2015-03-20-12:46:39.929 [AWT-EventQueue-0] DEBUG InputController - Key '77' released.
2015-03-20-12:46:39.929 [AWT-EventQueue-0] DEBUG InputController - Key '77' pressed.
2015-03-20-12:46:39.959 [AWT-EventQueue-0] DEBUG InputController - Key '77' released.
2015-03-20-12:46:39.959 [AWT-EventQueue-0] DEBUG InputController - Key '77' pressed.
2015-03-20-12:46:39.989 [AWT-EventQueue-0] DEBUG InputController - Key '77' released.
2015-03-20-12:46:39.989 [AWT-EventQueue-0] DEBUG InputController - Key '77' pressed.
2015-03-20-12:46:40.019 [AWT-EventQueue-0] DEBUG InputController - Key '77' released.
2015-03-20-12:46:40.020 [AWT-EventQueue-0] DEBUG InputController - Key '77' pressed.
2015-03-20-12:46:40.050 [AWT-EventQueue-0] DEBUG InputController - Key '77' released.
2015-03-20-12:46:40.050 [AWT-EventQueue-0] DEBUG InputController - Key '77' pressed.
2015-03-20-12:46:40.080 [AWT-EventQueue-0] DEBUG InputController - Key '77' released.
2015-03-20-12:46:40.081 [AWT-EventQueue-0] DEBUG InputController - Key '77' pressed.
2015-03-20-12:46:40.110 [AWT-EventQueue-0] DEBUG InputController - Key '77' released.
2015-03-20-12:46:40.111 [AWT-EventQueue-0] DEBUG InputController - Key '77' pressed.
2015-03-20-12:46:40.140 [AWT-EventQueue-0] DEBUG InputController - Key '77' released.
2015-03-20-12:46:40.140 [AWT-EventQueue-0] DEBUG InputController - Key '77' pressed.
2015-03-20-12:46:40.170 [AWT-EventQueue-0] DEBUG InputController - Key '77' released.
2015-03-20-12:46:40.170 [AWT-EventQueue-0] DEBUG InputController - Key '77' pressed.
2015-03-20-12:46:40.200 [AWT-EventQueue-0] DEBUG InputController - Key '77' released.
2015-03-20-12:46:40.200 [AWT-EventQueue-0] DEBUG InputController - Key '77' pressed.
2015-03-20-12:46:40.230 [AWT-EventQueue-0] DEBUG InputController - Key '77' released.
2015-03-20-12:46:40.230 [AWT-EventQueue-0] DEBUG InputController - Key '77' pressed.
2015-03-20-12:46:40.260 [AWT-EventQueue-0] DEBUG InputController - Key '77' released.
2015-03-20-12:46:40.260 [AWT-EventQueue-0] DEBUG InputController - Key '77' pressed.
2015-03-20-12:46:40.290 [AWT-EventQueue-0] DEBUG InputController - Key '77' released.
2015-03-20-12:46:40.291 [AWT-EventQueue-0] DEBUG InputController - Key '77' pressed.
2015-03-20-12:46:40.320 [AWT-EventQueue-0] DEBUG InputController - Key '77' released.
2015-03-20-12:46:40.320 [AWT-EventQueue-0] DEBUG InputController - Key '77' pressed.
2015-03-20-12:46:40.350 [AWT-EventQueue-0] DEBUG InputController - Key '77' released.
2015-03-20-12:46:40.351 [AWT-EventQueue-0] DEBUG InputController - Key '77' pressed.
2015-03-20-12:46:40.379 [AWT-EventQueue-0] DEBUG InputController - Key '77' released.
2015-03-20-12:46:40.912 [AWT-EventQueue-0] DEBUG InputController - Key '68' pressed.
2015-03-20-12:46:41.412 [AWT-EventQueue-0] DEBUG InputController - Key '68' released.
2015-03-20-12:46:41.413 [AWT-EventQueue-0] DEBUG InputController - Key '68' pressed.
2015-03-20-12:46:41.442 [AWT-EventQueue-0] DEBUG InputController - Key '68' released.
2015-03-20-12:46:41.442 [AWT-EventQueue-0] DEBUG InputController - Key '68' pressed.
2015-03-20-12:46:41.472 [AWT-EventQueue-0] DEBUG InputController - Key '68' released.
2015-03-20-12:46:41.473 [AWT-EventQueue-0] DEBUG InputController - Key '68' pressed.
2015-03-20-12:46:41.503 [AWT-EventQueue-0] DEBUG InputController - Key '68' released.
2015-03-20-12:46:41.504 [AWT-EventQueue-0] DEBUG InputController - Key '68' pressed.
2015-03-20-12:46:41.532 [AWT-EventQueue-0] DEBUG InputController - Key '68' released.
2015-03-20-12:46:41.532 [AWT-EventQueue-0] DEBUG InputController - Key '68' pressed.
2015-03-20-12:46:41.562 [AWT-EventQueue-0] DEBUG InputController - Key '68' released.
2015-03-20-12:46:41.562 [AWT-EventQueue-0] DEBUG InputController - Key '68' pressed.
2015-03-20-12:46:41.591 [AWT-EventQueue-0] DEBUG InputController - Key '68' released.
2015-03-20-12:46:41.592 [AWT-EventQueue-0] DEBUG InputController - Key '68' pressed.
2015-03-20-12:46:41.622 [AWT-EventQueue-0] DEBUG InputController - Key '68' released.
2015-03-20-12:46:41.623 [AWT-EventQueue-0] DEBUG InputController - Key '68' pressed.
2015-03-20-12:46:41.653 [AWT-EventQueue-0] DEBUG InputController - Key '68' released.
2015-03-20-12:46:41.653 [AWT-EventQueue-0] DEBUG InputController - Key '68' pressed.
2015-03-20-12:46:41.682 [AWT-EventQueue-0] DEBUG InputController - Key '68' released.
2015-03-20-12:46:41.683 [AWT-EventQueue-0] DEBUG InputController - Key '68' pressed.
2015-03-20-12:46:41.713 [AWT-EventQueue-0] DEBUG InputController - Key '68' released.
2015-03-20-12:46:41.714 [AWT-EventQueue-0] DEBUG InputController - Key '68' pressed.
2015-03-20-12:46:41.743 [AWT-EventQueue-0] DEBUG InputController - Key '68' released.
2015-03-20-12:46:41.744 [AWT-EventQueue-0] DEBUG InputController - Key '68' pressed.
2015-03-20-12:46:41.773 [AWT-EventQueue-0] DEBUG InputController - Key '68' released.
2015-03-20-12:46:41.773 [AWT-EventQueue-0] DEBUG InputController - Key '68' pressed.
2015-03-20-12:46:41.803 [AWT-EventQueue-0] DEBUG InputController - Key '68' released.
2015-03-20-12:46:41.804 [AWT-EventQueue-0] DEBUG InputController - Key '68' pressed.
2015-03-20-12:46:41.834 [AWT-EventQueue-0] DEBUG InputController - Key '68' released.
2015-03-20-12:46:41.835 [AWT-EventQueue-0] DEBUG InputController - Key '68' pressed.
2015-03-20-12:46:41.865 [AWT-EventQueue-0] DEBUG InputController - Key '68' released.
2015-03-20-12:46:41.866 [AWT-EventQueue-0] DEBUG InputController - Key '68' pressed.
2015-03-20-12:46:41.894 [AWT-EventQueue-0] DEBUG InputController - Key '68' released.
2015-03-20-12:46:41.895 [AWT-EventQueue-0] DEBUG InputController - Key '68' pressed.
2015-03-20-12:46:41.926 [AWT-EventQueue-0] DEBUG InputController - Key '68' released.
2015-03-20-12:46:41.926 [AWT-EventQueue-0] DEBUG InputController - Key '68' pressed.
2015-03-20-12:46:41.954 [AWT-EventQueue-0] DEBUG InputController - Key '68' released.
2015-03-20-12:46:41.955 [AWT-EventQueue-0] DEBUG InputController - Key '68' pressed.
2015-03-20-12:46:41.985 [AWT-EventQueue-0] DEBUG InputController - Key '68' released.
2015-03-20-12:46:41.985 [AWT-EventQueue-0] DEBUG InputController - Key '68' pressed.
2015-03-20-12:46:42.015 [AWT-EventQueue-0] DEBUG InputController - Key '68' released.
2015-03-20-12:46:42.015 [AWT-EventQueue-0] DEBUG InputController - Key '68' pressed.
2015-03-20-12:46:42.045 [AWT-EventQueue-0] DEBUG InputController - Key '68' released.
2015-03-20-12:46:42.046 [AWT-EventQueue-0] DEBUG InputController - Key '68' pressed.
2015-03-20-12:46:42.076 [AWT-EventQueue-0] DEBUG InputController - Key '68' released.
2015-03-20-12:46:42.077 [AWT-EventQueue-0] DEBUG InputController - Key '68' pressed.
2015-03-20-12:46:42.106 [AWT-EventQueue-0] DEBUG InputController - Key '68' released.
2015-03-20-12:46:42.106 [AWT-EventQueue-0] DEBUG InputController - Key '68' pressed.
2015-03-20-12:46:42.136 [AWT-EventQueue-0] DEBUG InputController - Key '68' released.
2015-03-20-12:46:42.136 [AWT-EventQueue-0] DEBUG InputController - Key '68' pressed.
2015-03-20-12:46:42.166 [AWT-EventQueue-0] DEBUG InputController - Key '68' released.
2015-03-20-12:46:42.166 [AWT-EventQueue-0] DEBUG InputController - Key '68' pressed.
2015-03-20-12:46:42.196 [AWT-EventQueue-0] DEBUG InputController - Key '68' released.
2015-03-20-12:46:42.197 [AWT-EventQueue-0] DEBUG InputController - Key '68' pressed.
2015-03-20-12:46:42.225 [AWT-EventQueue-0] DEBUG InputController - Key '68' released.
2015-03-20-12:46:42.226 [AWT-EventQueue-0] DEBUG InputController - Key '68' pressed.
2015-03-20-12:46:42.256 [AWT-EventQueue-0] DEBUG InputController - Key '68' released.
2015-03-20-12:46:42.256 [AWT-EventQueue-0] DEBUG InputController - Key '68' pressed.
2015-03-20-12:46:42.286 [AWT-EventQueue-0] DEBUG InputController - Key '68' released.
2015-03-20-12:46:42.286 [AWT-EventQueue-0] DEBUG InputController - Key '68' pressed.
2015-03-20-12:46:42.316 [AWT-EventQueue-0] DEBUG InputController - Key '68' released.
2015-03-20-12:46:42.317 [AWT-EventQueue-0] DEBUG InputController - Key '68' pressed.
2015-03-20-12:46:42.346 [AWT-EventQueue-0] DEBUG InputController - Key '68' released.
2015-03-20-12:46:42.346 [AWT-EventQueue-0] DEBUG InputController - Key '68' pressed.
2015-03-20-12:46:42.376 [AWT-EventQueue-0] DEBUG InputController - Key '68' released.
2015-03-20-12:46:42.376 [AWT-EventQueue-0] DEBUG InputController - Key '68' pressed.
2015-03-20-12:46:42.406 [AWT-EventQueue-0] DEBUG InputController - Key '68' released.
2015-03-20-12:46:42.407 [AWT-EventQueue-0] DEBUG InputController - Key '68' pressed.
2015-03-20-12:46:42.436 [AWT-EventQueue-0] DEBUG InputController - Key '68' released.
2015-03-20-12:46:42.436 [AWT-EventQueue-0] DEBUG InputController - Key '68' pressed.
2015-03-20-12:46:42.466 [AWT-EventQueue-0] DEBUG InputController - Key '68' released.
2015-03-20-12:46:42.466 [AWT-EventQueue-0] DEBUG InputController - Key '68' pressed.
2015-03-20-12:46:42.496 [AWT-EventQueue-0] DEBUG InputController - Key '68' released.
2015-03-20-12:46:42.496 [AWT-EventQueue-0] DEBUG InputController - Key '68' pressed.
2015-03-20-12:46:42.526 [AWT-EventQueue-0] DEBUG InputController - Key '68' released.
2015-03-20-12:46:42.527 [AWT-EventQueue-0] DEBUG InputController - Key '68' pressed.
2015-03-20-12:46:42.556 [AWT-EventQueue-0] DEBUG InputController - Key '68' released.
2015-03-20-12:46:42.557 [AWT-EventQueue-0] DEBUG InputController - Key '68' pressed.
2015-03-20-12:46:42.587 [AWT-EventQueue-0] DEBUG InputController - Key '68' released.
2015-03-20-12:46:42.587 [AWT-EventQueue-0] DEBUG InputController - Key '68' pressed.
2015-03-20-12:46:42.617 [AWT-EventQueue-0] DEBUG InputController - Key '68' released.
2015-03-20-12:46:42.617 [AWT-EventQueue-0] DEBUG InputController - Key '68' pressed.
2015-03-20-12:46:42.647 [AWT-EventQueue-0] DEBUG InputController - Key '68' released.
2015-03-20-12:46:42.647 [AWT-EventQueue-0] DEBUG InputController - Key '68' pressed.
2015-03-20-12:46:42.677 [AWT-EventQueue-0] DEBUG InputController - Key '68' released.
2015-03-20-12:46:42.677 [AWT-EventQueue-0] DEBUG InputController - Key '68' pressed.
2015-03-20-12:46:42.707 [AWT-EventQueue-0] DEBUG InputController - Key '68' released.
2015-03-20-12:46:42.708 [AWT-EventQueue-0] DEBUG InputController - Key '68' pressed.
2015-03-20-12:46:42.737 [AWT-EventQueue-0] DEBUG InputController - Key '68' released.
2015-03-20-12:46:42.737 [AWT-EventQueue-0] DEBUG InputController - Key '68' pressed.
2015-03-20-12:46:42.767 [AWT-EventQueue-0] DEBUG InputController - Key '68' released.
2015-03-20-12:46:42.767 [AWT-EventQueue-0] DEBUG InputController - Key '68' pressed.
2015-03-20-12:46:42.797 [AWT-EventQueue-0] DEBUG InputController - Key '68' released.
2015-03-20-12:46:42.797 [AWT-EventQueue-0] DEBUG InputController - Key '68' pressed.
2015-03-20-12:46:42.827 [AWT-EventQueue-0] DEBUG InputController - Key '68' released.
2015-03-20-12:46:42.828 [AWT-EventQueue-0] DEBUG InputController - Key '68' pressed.
2015-03-20-12:46:42.836 [AWT-EventQueue-0] DEBUG InputController - Key '68' released.
2015-03-20-12:46:50.132 [AWT-EventQueue-0] DEBUG InputController - Key '68' pressed.
2015-03-20-12:46:50.391 [AWT-EventQueue-0] DEBUG InputController - Key '68' released.
2015-03-20-12:46:51.096 [AWT-EventQueue-0] DEBUG InputController - Key '68' pressed.
2015-03-20-12:46:51.596 [AWT-EventQueue-0] DEBUG InputController - Key '68' released.
2015-03-20-12:46:51.596 [AWT-EventQueue-0] DEBUG InputController - Key '68' pressed.
2015-03-20-12:46:51.626 [AWT-EventQueue-0] DEBUG InputController - Key '68' released.
2015-03-20-12:46:51.626 [AWT-EventQueue-0] DEBUG InputController - Key '68' pressed.
2015-03-20-12:46:51.656 [AWT-EventQueue-0] DEBUG InputController - Key '68' released.
2015-03-20-12:46:51.656 [AWT-EventQueue-0] DEBUG InputController - Key '68' pressed.
2015-03-20-12:46:51.686 [AWT-EventQueue-0] DEBUG InputController - Key '68' released.
2015-03-20-12:46:51.687 [AWT-EventQueue-0] DEBUG InputController - Key '68' pressed.
2015-03-20-12:46:51.716 [AWT-EventQueue-0] DEBUG InputController - Key '68' released.
2015-03-20-12:46:51.717 [AWT-EventQueue-0] DEBUG InputController - Key '68' pressed.
2015-03-20-12:46:51.747 [AWT-EventQueue-0] DEBUG InputController - Key '68' released.
2015-03-20-12:46:51.748 [AWT-EventQueue-0] DEBUG InputController - Key '68' pressed.
2015-03-20-12:46:51.778 [AWT-EventQueue-0] DEBUG InputController - Key '68' released.
2015-03-20-12:46:51.778 [AWT-EventQueue-0] DEBUG InputController - Key '68' pressed.
2015-03-20-12:46:51.808 [AWT-EventQueue-0] DEBUG InputController - Key '68' released.
2015-03-20-12:46:51.808 [AWT-EventQueue-0] DEBUG InputController - Key '68' pressed.
2015-03-20-12:46:51.838 [AWT-EventQueue-0] DEBUG InputController - Key '68' released.
2015-03-20-12:46:51.838 [AWT-EventQueue-0] DEBUG InputController - Key '68' pressed.
2015-03-20-12:46:51.868 [AWT-EventQueue-0] DEBUG InputController - Key '68' released.
2015-03-20-12:46:51.869 [AWT-EventQueue-0] DEBUG InputController - Key '68' pressed.
2015-03-20-12:46:51.898 [AWT-EventQueue-0] DEBUG InputController - Key '68' released.
2015-03-20-12:46:51.899 [AWT-EventQueue-0] DEBUG InputController - Key '68' pressed.
2015-03-20-12:46:51.929 [AWT-EventQueue-0] DEBUG InputController - Key '68' released.
2015-03-20-12:46:51.929 [AWT-EventQueue-0] DEBUG InputController - Key '68' pressed.
2015-03-20-12:46:51.959 [AWT-EventQueue-0] DEBUG InputController - Key '68' released.
2015-03-20-12:46:51.959 [AWT-EventQueue-0] DEBUG InputController - Key '68' pressed.
2015-03-20-12:46:51.989 [AWT-EventQueue-0] DEBUG InputController - Key '68' released.
2015-03-20-12:46:51.989 [AWT-EventQueue-0] DEBUG InputController - Key '68' pressed.
2015-03-20-12:46:52.019 [AWT-EventQueue-0] DEBUG InputController - Key '68' released.
2015-03-20-12:46:52.019 [AWT-EventQueue-0] DEBUG InputController - Key '68' pressed.
2015-03-20-12:46:52.050 [AWT-EventQueue-0] DEBUG InputController - Key '68' released.
2015-03-20-12:46:52.050 [AWT-EventQueue-0] DEBUG InputController - Key '68' pressed.
2015-03-20-12:46:52.079 [AWT-EventQueue-0] DEBUG InputController - Key '68' released.
2015-03-20-12:46:52.080 [AWT-EventQueue-0] DEBUG InputController - Key '68' pressed.
2015-03-20-12:46:52.110 [AWT-EventQueue-0] DEBUG InputController - Key '68' released.
2015-03-20-12:46:52.110 [AWT-EventQueue-0] DEBUG InputController - Key '68' pressed.
2015-03-20-12:46:52.139 [AWT-EventQueue-0] DEBUG InputController - Key '68' released.
2015-03-20-12:46:52.140 [AWT-EventQueue-0] DEBUG InputController - Key '68' pressed.
2015-03-20-12:46:52.170 [AWT-EventQueue-0] DEBUG InputController - Key '68' released.
2015-03-20-12:46:52.171 [AWT-EventQueue-0] DEBUG InputController - Key '68' pressed.
2015-03-20-12:46:52.200 [AWT-EventQueue-0] DEBUG InputController - Key '68' released.
2015-03-20-12:46:52.200 [AWT-EventQueue-0] DEBUG InputController - Key '68' pressed.
2015-03-20-12:46:52.230 [AWT-EventQueue-0] DEBUG InputController - Key '68' released.
2015-03-20-12:46:52.230 [AWT-EventQueue-0] DEBUG InputController - Key '68' pressed.
2015-03-20-12:46:52.260 [AWT-EventQueue-0] DEBUG InputController - Key '68' released.
2015-03-20-12:46:52.261 [AWT-EventQueue-0] DEBUG InputController - Key '68' pressed.
2015-03-20-12:46:52.290 [AWT-EventQueue-0] DEBUG InputController - Key '68' released.
2015-03-20-12:46:52.290 [AWT-EventQueue-0] DEBUG InputController - Key '68' pressed.
2015-03-20-12:46:52.320 [AWT-EventQueue-0] DEBUG InputController - Key '68' released.
2015-03-20-12:46:52.320 [AWT-EventQueue-0] DEBUG InputController - Key '68' pressed.
2015-03-20-12:46:52.350 [AWT-EventQueue-0] DEBUG InputController - Key '68' released.
2015-03-20-12:46:52.350 [AWT-EventQueue-0] DEBUG InputController - Key '68' pressed.
2015-03-20-12:46:52.379 [AWT-EventQueue-0] DEBUG InputController - Key '68' released.
2015-03-20-12:46:52.380 [AWT-EventQueue-0] DEBUG InputController - Key '68' pressed.
2015-03-20-12:46:52.409 [AWT-EventQueue-0] DEBUG InputController - Key '68' released.
2015-03-20-12:46:52.410 [AWT-EventQueue-0] DEBUG InputController - Key '68' pressed.
2015-03-20-12:46:52.440 [AWT-EventQueue-0] DEBUG InputController - Key '68' released.
2015-03-20-12:46:52.440 [AWT-EventQueue-0] DEBUG InputController - Key '68' pressed.
2015-03-20-12:46:52.470 [AWT-EventQueue-0] DEBUG InputController - Key '68' released.
2015-03-20-12:46:52.470 [AWT-EventQueue-0] DEBUG InputController - Key '68' pressed.
2015-03-20-12:46:52.500 [AWT-EventQueue-0] DEBUG InputController - Key '68' released.
2015-03-20-12:46:52.500 [AWT-EventQueue-0] DEBUG InputController - Key '68' pressed.
2015-03-20-12:46:52.530 [AWT-EventQueue-0] DEBUG InputController - Key '68' released.
2015-03-20-12:46:52.530 [AWT-EventQueue-0] DEBUG InputController - Key '68' pressed.
2015-03-20-12:46:52.560 [AWT-EventQueue-0] DEBUG InputController - Key '68' released.
2015-03-20-12:46:52.561 [AWT-EventQueue-0] DEBUG InputController - Key '68' pressed.
2015-03-20-12:46:52.590 [AWT-EventQueue-0] DEBUG InputController - Key '68' released.
2015-03-20-12:46:52.591 [AWT-EventQueue-0] DEBUG InputController - Key '68' pressed.
2015-03-20-12:46:52.621 [AWT-EventQueue-0] DEBUG InputController - Key '68' released.
2015-03-20-12:46:52.622 [AWT-EventQueue-0] DEBUG InputController - Key '68' pressed.
2015-03-20-12:46:52.622 [AWT-EventQueue-0] DEBUG InputController - Key '68' released.
2015-03-20-12:46:54.392 [AWT-EventQueue-0] DEBUG InputController - Mouse exited window.
2015-03-20-14:05:32.938 [main] DEBUG FileUtils - Log file initialized.
2015-03-20-14:05:32.949 [main] INFO  Main - Main launched.
2015-03-20-14:05:32.951 [main] DEBUG Simulation - Creation of the Simulation...
2015-03-20-14:05:32.951 [main] DEBUG Environment - Creation of the environment...
2015-03-20-14:05:32.961 [main] DEBUG GameGrid - Creation of the GameGrid with '0' rows and '0' columns...
2015-03-20-14:05:32.969 [main] DEBUG GameGrid - GameGrid created.
2015-03-20-14:05:32.982 [main] DEBUG PhysicsEngine - Creation of the PhysicsEngine...
2015-03-20-14:05:32.982 [main] DEBUG PhysicsEngine - PhysicsEnngine created.
2015-03-20-14:05:32.982 [main] DEBUG Environment - Environment created.
2015-03-20-14:05:32.983 [main] DEBUG EntityFactory - Creating WorldEntity : 'LemmingBody'.
2015-03-20-14:05:32.984 [main] DEBUG LemmingAgent - Creation of the Lemming Agent...
2015-03-20-14:05:32.984 [main] DEBUG LemmingAgent - Lemming Agent created.
2015-03-20-14:05:32.984 [main] DEBUG EntityFactory - Creating WorldEntity : 'LemmingBody'.
2015-03-20-14:05:32.984 [main] DEBUG LemmingAgent - Creation of the Lemming Agent...
2015-03-20-14:05:32.984 [main] DEBUG LemmingAgent - Lemming Agent created.
2015-03-20-14:05:32.985 [main] DEBUG EntityFactory - Creating WorldEntity : 'LemmingBody'.
2015-03-20-14:05:32.985 [main] DEBUG LemmingAgent - Creation of the Lemming Agent...
2015-03-20-14:05:32.985 [main] DEBUG LemmingAgent - Lemming Agent created.
2015-03-20-14:05:32.985 [main] DEBUG EntityFactory - Creating WorldEntity : 'LemmingBody'.
2015-03-20-14:05:32.985 [main] DEBUG LemmingAgent - Creation of the Lemming Agent...
2015-03-20-14:05:32.985 [main] DEBUG LemmingAgent - Lemming Agent created.
2015-03-20-14:05:32.985 [main] DEBUG EntityFactory - Creating WorldEntity : 'LemmingBody'.
2015-03-20-14:05:32.985 [main] DEBUG LemmingAgent - Creation of the Lemming Agent...
2015-03-20-14:05:32.985 [main] DEBUG LemmingAgent - Lemming Agent created.
2015-03-20-14:05:32.985 [main] DEBUG EntityFactory - Creating WorldEntity : 'LemmingBody'.
2015-03-20-14:05:32.986 [main] DEBUG LemmingAgent - Creation of the Lemming Agent...
2015-03-20-14:05:32.986 [main] DEBUG LemmingAgent - Lemming Agent created.
2015-03-20-14:05:32.986 [main] DEBUG Simulation - Simulation instantiated.
2015-03-20-14:05:38.601 [AWT-EventQueue-0] DEBUG MouseController - Mouse entered in window.
2015-03-20-14:05:39.498 [AWT-EventQueue-0] DEBUG MouseController - Mouse exited window.
2015-03-20-14:05:39.957 [AWT-EventQueue-0] DEBUG MouseController - Mouse entered in window.
2015-03-20-14:05:40.609 [AWT-EventQueue-0] DEBUG MouseController - Mouse button '1' pressed.
2015-03-20-14:05:40.609 [AWT-EventQueue-0] DEBUG MouseController - Mouse button '1' released.
2015-03-20-14:05:40.610 [AWT-EventQueue-0] DEBUG MouseController - Mouse clicked with '1'
2015-03-20-14:05:42.402 [AWT-EventQueue-0] DEBUG MouseController - Mouse button '3' pressed.
2015-03-20-14:05:42.493 [AWT-EventQueue-0] DEBUG MouseController - Mouse button '3' released.
2015-03-20-14:05:42.493 [AWT-EventQueue-0] DEBUG MouseController - Mouse clicked with '3'
2015-03-20-14:05:44.347 [AWT-EventQueue-0] DEBUG MouseController - Mouse button '1' pressed.
2015-03-20-14:05:44.452 [AWT-EventQueue-0] DEBUG MouseController - Mouse button '1' released.
2015-03-20-14:05:44.452 [AWT-EventQueue-0] DEBUG MouseController - Mouse clicked with '1'
2015-03-20-14:05:44.490 [AWT-EventQueue-0] DEBUG MouseController - Mouse button '1' pressed.
2015-03-20-14:05:44.593 [AWT-EventQueue-0] DEBUG MouseController - Mouse button '1' released.
2015-03-20-14:05:44.593 [AWT-EventQueue-0] DEBUG MouseController - Mouse clicked with '1'
2015-03-20-14:05:44.773 [AWT-EventQueue-0] DEBUG MouseController - Mouse button '1' pressed.
2015-03-20-14:05:44.774 [AWT-EventQueue-0] DEBUG MouseController - Mouse button '1' released.
2015-03-20-14:05:44.774 [AWT-EventQueue-0] DEBUG MouseController - Mouse clicked with '1'
2015-03-20-14:05:45.370 [AWT-EventQueue-0] DEBUG MouseController - Mouse button '1' pressed.
2015-03-20-14:05:45.493 [AWT-EventQueue-0] DEBUG MouseController - Mouse button '1' released.
2015-03-20-14:05:45.493 [AWT-EventQueue-0] DEBUG MouseController - Mouse clicked with '1'
2015-03-20-14:05:45.672 [AWT-EventQueue-0] DEBUG MouseController - Mouse button '1' pressed.
2015-03-20-14:05:45.672 [AWT-EventQueue-0] DEBUG MouseController - Mouse button '1' released.
2015-03-20-14:05:45.673 [AWT-EventQueue-0] DEBUG MouseController - Mouse clicked with '1'
2015-03-20-14:05:46.056 [AWT-EventQueue-0] DEBUG MouseController - Mouse exited window.
